2012-05-26 10:07:39, 1 of 2090, 0%
2012-05-26 10:07:39, 3 of 2090, 0.1%
2012-05-26 10:07:39, 2 of 2090, 0.1%
2012-05-26 10:07:39, 4 of 2090, 0.2%
2012-05-26 10:07:45, 6 of 2090, 0.3%
2012-05-26 10:07:45, 8 of 2090, 0.4%
2012-05-26 10:07:45, 7 of 2090, 0.3%
2012-05-26 10:07:45, 5 of 2090, 0.2%
2012-05-26 10:07:50, 10 of 2090, 0.5%
2012-05-26 10:07:50, 12 of 2090, 0.6%
2012-05-26 10:07:51, 11 of 2090, 0.5%
2012-05-26 10:07:51, 9 of 2090, 0.4%
2012-05-26 10:07:55, 14 of 2090, 0.7%
2012-05-26 10:07:56, 16 of 2090, 0.8%
2012-05-26 10:07:56, 15 of 2090, 0.7%
2012-05-26 10:07:57, 13 of 2090, 0.6%
2012-05-26 10:08:01, 18 of 2090, 0.9%
2012-05-26 10:08:01, 20 of 2090, 1%
2012-05-26 10:08:02, 19 of 2090, 0.9%
2012-05-26 10:08:03, 17 of 2090, 0.8%
2012-05-26 10:08:06, 22 of 2090, 1.1%
2012-05-26 10:08:06, 24 of 2090, 1.1%
2012-05-26 10:08:07, 23 of 2090, 1.1%
2012-05-26 10:08:09, 21 of 2090, 1%
2012-05-26 10:08:11, 26 of 2090, 1.2%
2012-05-26 10:08:12, 28 of 2090, 1.3%
2012-05-26 10:08:13, 27 of 2090, 1.3%
2012-05-26 10:08:14, 25 of 2090, 1.2%
2012-05-26 10:08:16, 30 of 2090, 1.4%
2012-05-26 10:08:17, 32 of 2090, 1.5%
2012-05-26 10:08:18, 31 of 2090, 1.5%
2012-05-26 10:08:20, 29 of 2090, 1.4%
2012-05-26 10:08:22, 34 of 2090, 1.6%
2012-05-26 10:08:22, 36 of 2090, 1.7%
2012-05-26 10:08:23, 35 of 2090, 1.7%
2012-05-26 10:08:26, 33 of 2090, 1.6%
2012-05-26 10:08:27, 38 of 2090, 1.8%
2012-05-26 10:08:28, 40 of 2090, 1.9%
2012-05-26 10:08:29, 39 of 2090, 1.9%
2012-05-26 10:08:32, 37 of 2090, 1.8%
2012-05-26 10:08:32, 42 of 2090, 2%
2012-05-26 10:08:34, 44 of 2090, 2.1%
2012-05-26 10:08:34, 43 of 2090, 2.1%
2012-05-26 10:08:37, 46 of 2090, 2.2%
2012-05-26 10:08:37, 41 of 2090, 2%
2012-05-26 10:08:39, 47 of 2090, 2.2%
2012-05-26 10:08:39, 48 of 2090, 2.3%
2012-05-26 10:08:43, 50 of 2090, 2.4%
2012-05-26 10:08:43, 45 of 2090, 2.2%
2012-05-26 10:08:45, 51 of 2090, 2.4%
2012-05-26 10:08:45, 52 of 2090, 2.5%
2012-05-26 10:08:48, 54 of 2090, 2.6%
2012-05-26 10:08:49, 49 of 2090, 2.3%
2012-05-26 10:08:50, 56 of 2090, 2.7%
2012-05-26 10:08:50, 55 of 2090, 2.6%
2012-05-26 10:08:53, 58 of 2090, 2.8%
2012-05-26 10:08:54, 53 of 2090, 2.5%
2012-05-26 10:08:56, 60 of 2090, 2.9%
2012-05-26 10:08:56, 59 of 2090, 2.8%
2012-05-26 10:08:59, 62 of 2090, 3%
2012-05-26 10:09:00, 57 of 2090, 2.7%
2012-05-26 10:09:01, 64 of 2090, 3.1%
2012-05-26 10:09:02, 63 of 2090, 3%
2012-05-26 10:09:04, 66 of 2090, 3.2%
2012-05-26 10:09:05, 61 of 2090, 2.9%
2012-05-26 10:09:06, 68 of 2090, 3.3%
2012-05-26 10:09:08, 67 of 2090, 3.2%
2012-05-26 10:09:09, 70 of 2090, 3.3%
2012-05-26 10:09:10, 65 of 2090, 3.1%
2012-05-26 10:09:12, 72 of 2090, 3.4%
2012-05-26 10:09:14, 71 of 2090, 3.4%
2012-05-26 10:09:15, 74 of 2090, 3.5%
2012-05-26 10:09:16, 69 of 2090, 3.3%
2012-05-26 10:09:17, 76 of 2090, 3.6%
2012-05-26 10:09:20, 75 of 2090, 3.6%
2012-05-26 10:09:20, 78 of 2090, 3.7%
2012-05-26 10:09:21, 73 of 2090, 3.5%
2012-05-26 10:09:22, 80 of 2090, 3.8%
2012-05-26 10:09:25, 82 of 2090, 3.9%
2012-05-26 10:09:25, 79 of 2090, 3.8%
2012-05-26 10:09:27, 77 of 2090, 3.7%
2012-05-26 10:09:28, 84 of 2090, 4%
2012-05-26 10:09:31, 86 of 2090, 4.1%
2012-05-26 10:09:31, 83 of 2090, 4%
2012-05-26 10:09:32, 81 of 2090, 3.9%
2012-05-26 10:09:33, 88 of 2090, 4.2%
2012-05-26 10:09:36, 90 of 2090, 4.3%
2012-05-26 10:09:37, 87 of 2090, 4.2%
2012-05-26 10:09:37, 85 of 2090, 4.1%
2012-05-26 10:09:39, 92 of 2090, 4.4%
2012-05-26 10:09:41, 94 of 2090, 4.5%
2012-05-26 10:09:43, 89 of 2090, 4.3%
2012-05-26 10:09:43, 91 of 2090, 4.4%
2012-05-26 10:09:44, 96 of 2090, 4.6%
2012-05-26 10:09:47, 98 of 2090, 4.7%
2012-05-26 10:09:48, 93 of 2090, 4.4%
2012-05-26 10:09:48, 95 of 2090, 4.5%
2012-05-26 10:09:50, 100 of 2090, 4.8%
2012-05-26 10:09:52, 102 of 2090, 4.9%
2012-05-26 10:09:53, 97 of 2090, 4.6%
2012-05-26 10:09:54, 99 of 2090, 4.7%
2012-05-26 10:09:55, 104 of 2090, 5%
2012-05-26 10:09:58, 106 of 2090, 5.1%
2012-05-26 10:09:58, 101 of 2090, 4.8%
2012-05-26 10:10:00, 103 of 2090, 4.9%
2012-05-26 10:10:01, 108 of 2090, 5.2%
2012-05-26 10:10:03, 110 of 2090, 5.3%
2012-05-26 10:10:04, 105 of 2090, 5%
2012-05-26 10:10:05, 107 of 2090, 5.1%
2012-05-26 10:10:06, 112 of 2090, 5.4%
2012-05-26 10:10:08, 114 of 2090, 5.5%
2012-05-26 10:10:09, 109 of 2090, 5.2%
2012-05-26 10:10:11, 111 of 2090, 5.3%
2012-05-26 10:10:12, 116 of 2090, 5.6%
2012-05-26 10:10:13, 118 of 2090, 5.6%
2012-05-26 10:10:14, 113 of 2090, 5.4%
2012-05-26 10:10:17, 115 of 2090, 5.5%
2012-05-26 10:10:18, 120 of 2090, 5.7%
2012-05-26 10:10:19, 122 of 2090, 5.8%
2012-05-26 10:10:20, 117 of 2090, 5.6%
2012-05-26 10:10:23, 119 of 2090, 5.7%
2012-05-26 10:10:23, 124 of 2090, 5.9%
2012-05-26 10:10:24, 126 of 2090, 6%
2012-05-26 10:10:25, 121 of 2090, 5.8%
2012-05-26 10:10:29, 123 of 2090, 5.9%
2012-05-26 10:10:29, 128 of 2090, 6.1%
2012-05-26 10:10:29, 130 of 2090, 6.2%
2012-05-26 10:10:31, 125 of 2090, 6%
2012-05-26 10:10:34, 132 of 2090, 6.3%
2012-05-26 10:10:34, 127 of 2090, 6.1%
2012-05-26 10:10:35, 134 of 2090, 6.4%
2012-05-26 10:10:36, 129 of 2090, 6.2%
2012-05-26 10:10:39, 136 of 2090, 6.5%
2012-05-26 10:10:40, 138 of 2090, 6.6%
2012-05-26 10:10:40, 131 of 2090, 6.3%
2012-05-26 10:10:41, 133 of 2090, 6.4%
2012-05-26 10:10:45, 140 of 2090, 6.7%
2012-05-26 10:10:45, 142 of 2090, 6.8%
2012-05-26 10:10:46, 135 of 2090, 6.5%
2012-05-26 10:10:47, 137 of 2090, 6.6%
2012-05-26 10:10:50, 144 of 2090, 6.9%
2012-05-26 10:10:51, 146 of 2090, 7%
2012-05-26 10:10:52, 139 of 2090, 6.7%
2012-05-26 10:10:52, 141 of 2090, 6.7%
2012-05-26 10:10:56, 148 of 2090, 7.1%
2012-05-26 10:10:56, 150 of 2090, 7.2%
2012-05-26 10:10:57, 145 of 2090, 6.9%
2012-05-26 10:10:57, 143 of 2090, 6.8%
2012-05-26 10:11:01, 152 of 2090, 7.3%
2012-05-26 10:11:01, 154 of 2090, 7.4%
2012-05-26 10:11:02, 149 of 2090, 7.1%
2012-05-26 10:11:03, 147 of 2090, 7%
2012-05-26 10:11:06, 156 of 2090, 7.5%
2012-05-26 10:11:06, 158 of 2090, 7.6%
2012-05-26 10:11:08, 153 of 2090, 7.3%
2012-05-26 10:11:09, 151 of 2090, 7.2%
2012-05-26 10:11:12, 162 of 2090, 7.8%
2012-05-26 10:11:12, 160 of 2090, 7.7%
2012-05-26 10:11:13, 157 of 2090, 7.5%
2012-05-26 10:11:15, 155 of 2090, 7.4%
2012-05-26 10:11:17, 166 of 2090, 7.9%
2012-05-26 10:11:17, 164 of 2090, 7.8%
2012-05-26 10:11:18, 161 of 2090, 7.7%
2012-05-26 10:11:21, 159 of 2090, 7.6%
2012-05-26 10:11:22, 170 of 2090, 8.1%
2012-05-26 10:11:23, 168 of 2090, 8%
2012-05-26 10:11:24, 165 of 2090, 7.9%
2012-05-26 10:11:26, 163 of 2090, 7.8%
2012-05-26 10:11:28, 174 of 2090, 8.3%
2012-05-26 10:11:28, 172 of 2090, 8.2%
2012-05-26 10:11:29, 169 of 2090, 8.1%
2012-05-26 10:11:32, 167 of 2090, 8%
2012-05-26 10:11:33, 178 of 2090, 8.5%
2012-05-26 10:11:34, 176 of 2090, 8.4%
2012-05-26 10:11:34, 173 of 2090, 8.3%
2012-05-26 10:11:38, 171 of 2090, 8.2%
2012-05-26 10:11:38, 182 of 2090, 8.7%
2012-05-26 10:11:39, 180 of 2090, 8.6%
2012-05-26 10:11:40, 177 of 2090, 8.5%
2012-05-26 10:11:43, 175 of 2090, 8.4%
2012-05-26 10:11:43, 186 of 2090, 8.9%
2012-05-26 10:11:45, 184 of 2090, 8.8%
2012-05-26 10:11:45, 181 of 2090, 8.7%
2012-05-26 10:11:49, 190 of 2090, 9.1%
2012-05-26 10:11:49, 179 of 2090, 8.6%
2012-05-26 10:11:50, 188 of 2090, 9%
2012-05-26 10:11:50, 185 of 2090, 8.9%
2012-05-26 10:11:54, 194 of 2090, 9.3%
2012-05-26 10:11:55, 183 of 2090, 8.8%
2012-05-26 10:11:55, 192 of 2090, 9.2%
2012-05-26 10:11:56, 189 of 2090, 9%
2012-05-26 10:11:59, 198 of 2090, 9.5%
2012-05-26 10:12:01, 187 of 2090, 8.9%
2012-05-26 10:12:01, 196 of 2090, 9.4%
2012-05-26 10:12:01, 193 of 2090, 9.2%
2012-05-26 10:12:05, 202 of 2090, 9.7%
2012-05-26 10:12:06, 200 of 2090, 9.6%
2012-05-26 10:12:06, 197 of 2090, 9.4%
2012-05-26 10:12:07, 191 of 2090, 9.1%
2012-05-26 10:12:10, 206 of 2090, 9.9%
2012-05-26 10:12:12, 204 of 2090, 9.8%
2012-05-26 10:12:12, 201 of 2090, 9.6%
2012-05-26 10:12:12, 195 of 2090, 9.3%
2012-05-26 10:12:15, 210 of 2090, 10%
2012-05-26 10:12:17, 205 of 2090, 9.8%
2012-05-26 10:12:17, 208 of 2090, 10%
2012-05-26 10:12:18, 199 of 2090, 9.5%
2012-05-26 10:12:21, 214 of 2090, 10.2%
2012-05-26 10:12:22, 209 of 2090, 10%
2012-05-26 10:12:22, 212 of 2090, 10.1%
2012-05-26 10:12:24, 203 of 2090, 9.7%
2012-05-26 10:12:26, 218 of 2090, 10.4%
2012-05-26 10:12:28, 213 of 2090, 10.2%
2012-05-26 10:12:28, 216 of 2090, 10.3%
2012-05-26 10:12:30, 207 of 2090, 9.9%
2012-05-26 10:12:32, 222 of 2090, 10.6%
2012-05-26 10:12:33, 217 of 2090, 10.4%
2012-05-26 10:12:33, 220 of 2090, 10.5%
2012-05-26 10:12:36, 211 of 2090, 10.1%
2012-05-26 10:12:37, 226 of 2090, 10.8%
2012-05-26 10:12:38, 221 of 2090, 10.6%
2012-05-26 10:12:38, 224 of 2090, 10.7%
2012-05-26 10:12:42, 215 of 2090, 10.3%
2012-05-26 10:12:42, 230 of 2090, 11%
2012-05-26 10:12:44, 225 of 2090, 10.8%
2012-05-26 10:12:44, 228 of 2090, 10.9%
2012-05-26 10:12:48, 234 of 2090, 11.2%
2012-05-26 10:12:48, 219 of 2090, 10.5%
2012-05-26 10:12:49, 229 of 2090, 11%
2012-05-26 10:12:49, 232 of 2090, 11.1%
2012-05-26 10:12:53, 238 of 2090, 11.4%
2012-05-26 10:12:53, 223 of 2090, 10.7%
2012-05-26 10:12:54, 233 of 2090, 11.1%
2012-05-26 10:12:55, 236 of 2090, 11.3%
2012-05-26 10:12:59, 242 of 2090, 11.6%
2012-05-26 10:13:00, 237 of 2090, 11.3%
2012-05-26 10:13:00, 227 of 2090, 10.9%
2012-05-26 10:13:00, 240 of 2090, 11.5%
2012-05-26 10:13:04, 246 of 2090, 11.8%
2012-05-26 10:13:05, 241 of 2090, 11.5%
2012-05-26 10:13:05, 244 of 2090, 11.7%
2012-05-26 10:13:06, 231 of 2090, 11.1%
2012-05-26 10:13:09, 250 of 2090, 12%
2012-05-26 10:13:10, 245 of 2090, 11.7%
2012-05-26 10:13:11, 248 of 2090, 11.9%
2012-05-26 10:13:12, 235 of 2090, 11.2%
2012-05-26 10:13:14, 254 of 2090, 12.2%
2012-05-26 10:13:16, 249 of 2090, 11.9%
2012-05-26 10:13:16, 252 of 2090, 12.1%
2012-05-26 10:13:18, 239 of 2090, 11.4%
2012-05-26 10:13:20, 258 of 2090, 12.3%
2012-05-26 10:13:21, 253 of 2090, 12.1%
2012-05-26 10:13:22, 256 of 2090, 12.2%
2012-05-26 10:13:24, 243 of 2090, 11.6%
2012-05-26 10:13:25, 262 of 2090, 12.5%
2012-05-26 10:13:26, 257 of 2090, 12.3%
2012-05-26 10:13:28, 260 of 2090, 12.4%
2012-05-26 10:13:29, 247 of 2090, 11.8%
2012-05-26 10:13:31, 266 of 2090, 12.7%
2012-05-26 10:13:32, 261 of 2090, 12.5%
2012-05-26 10:13:34, 264 of 2090, 12.6%
2012-05-26 10:13:35, 251 of 2090, 12%
2012-05-26 10:13:36, 270 of 2090, 12.9%
2012-05-26 10:13:37, 265 of 2090, 12.7%
2012-05-26 10:13:39, 268 of 2090, 12.8%
2012-05-26 10:13:41, 255 of 2090, 12.2%
2012-05-26 10:13:41, 274 of 2090, 13.1%
2012-05-26 10:13:42, 269 of 2090, 12.9%
2012-05-26 10:13:45, 272 of 2090, 13%
2012-05-26 10:13:47, 278 of 2090, 13.3%
2012-05-26 10:13:47, 259 of 2090, 12.4%
2012-05-26 10:13:48, 273 of 2090, 13.1%
2012-05-26 10:13:50, 276 of 2090, 13.2%
2012-05-26 10:13:52, 282 of 2090, 13.5%
2012-05-26 10:13:53, 277 of 2090, 13.3%
2012-05-26 10:13:53, 263 of 2090, 12.6%
2012-05-26 10:13:56, 280 of 2090, 13.4%
2012-05-26 10:13:58, 286 of 2090, 13.7%
2012-05-26 10:13:58, 281 of 2090, 13.4%
2012-05-26 10:13:59, 267 of 2090, 12.8%
2012-05-26 10:14:02, 284 of 2090, 13.6%
2012-05-26 10:14:03, 290 of 2090, 13.9%
2012-05-26 10:14:04, 285 of 2090, 13.6%
2012-05-26 10:14:05, 271 of 2090, 13%
2012-05-26 10:14:08, 288 of 2090, 13.8%
2012-05-26 10:14:08, 294 of 2090, 14.1%
2012-05-26 10:14:09, 289 of 2090, 13.8%
2012-05-26 10:14:11, 275 of 2090, 13.2%
2012-05-26 10:14:14, 298 of 2090, 14.3%
2012-05-26 10:14:14, 292 of 2090, 14%
2012-05-26 10:14:15, 293 of 2090, 14%
2012-05-26 10:14:18, 279 of 2090, 13.3%
2012-05-26 10:14:19, 296 of 2090, 14.2%
2012-05-26 10:14:19, 302 of 2090, 14.4%
2012-05-26 10:14:20, 297 of 2090, 14.2%
2012-05-26 10:14:23, 283 of 2090, 13.5%
2012-05-26 10:14:25, 306 of 2090, 14.6%
2012-05-26 10:14:25, 300 of 2090, 14.4%
2012-05-26 10:14:26, 301 of 2090, 14.4%
2012-05-26 10:14:29, 287 of 2090, 13.7%
2012-05-26 10:14:30, 310 of 2090, 14.8%
2012-05-26 10:14:31, 304 of 2090, 14.5%
2012-05-26 10:14:31, 305 of 2090, 14.6%
2012-05-26 10:14:35, 291 of 2090, 13.9%
2012-05-26 10:14:36, 314 of 2090, 15%
2012-05-26 10:14:36, 308 of 2090, 14.7%
2012-05-26 10:14:36, 309 of 2090, 14.8%
2012-05-26 10:14:41, 295 of 2090, 14.1%
2012-05-26 10:14:41, 318 of 2090, 15.2%
2012-05-26 10:14:42, 312 of 2090, 14.9%
2012-05-26 10:14:42, 313 of 2090, 15%
2012-05-26 10:14:46, 299 of 2090, 14.3%
2012-05-26 10:14:47, 322 of 2090, 15.4%
2012-05-26 10:14:47, 317 of 2090, 15.2%
2012-05-26 10:14:47, 316 of 2090, 15.1%
2012-05-26 10:14:52, 303 of 2090, 14.5%
2012-05-26 10:14:52, 321 of 2090, 15.4%
2012-05-26 10:14:52, 326 of 2090, 15.6%
2012-05-26 10:14:53, 320 of 2090, 15.3%
2012-05-26 10:14:57, 325 of 2090, 15.6%
2012-05-26 10:14:58, 307 of 2090, 14.7%
2012-05-26 10:14:58, 330 of 2090, 15.8%
2012-05-26 10:14:58, 324 of 2090, 15.5%
2012-05-26 10:15:03, 329 of 2090, 15.7%
2012-05-26 10:15:04, 328 of 2090, 15.7%
2012-05-26 10:15:04, 334 of 2090, 2012-05-26 10:15:04, 311 of 2090, 14.9%
16%
2012-05-26 10:15:08, 333 of 2090, 15.9%
2012-05-26 10:15:09, 338 of 2090, 16.2%
2012-05-26 10:15:09, 332 of 2090, 15.9%
2012-05-26 10:15:09, 315 of 2090, 15.1%
2012-05-26 10:15:13, 337 of 2090, 16.1%
2012-05-26 10:15:14, 342 of 2090, 16.4%
2012-05-26 10:15:15, 336 of 2090, 16.1%
2012-05-26 10:15:15, 319 of 2090, 15.3%
2012-05-26 10:15:19, 341 of 2090, 16.3%
2012-05-26 10:15:20, 346 of 2090, 16.6%
2012-05-26 10:15:20, 340 of 2090, 16.3%
2012-05-26 10:15:21, 323 of 2090, 15.5%
2012-05-26 10:15:24, 345 of 2090, 16.5%
2012-05-26 10:15:25, 350 of 2090, 16.7%
2012-05-26 10:15:26, 344 of 2090, 16.5%
2012-05-26 10:15:27, 327 of 2090, 15.6%
2012-05-26 10:15:30, 349 of 2090, 16.7%
2012-05-26 10:15:31, 354 of 2090, 16.9%
2012-05-26 10:15:31, 348 of 2090, 16.7%
2012-05-26 10:15:33, 331 of 2090, 15.8%
2012-05-26 10:15:35, 353 of 2090, 16.9%
2012-05-26 10:15:36, 358 of 2090, 17.1%
2012-05-26 10:15:37, 352 of 2090, 16.8%
2012-05-26 10:15:38, 335 of 2090, 16%
2012-05-26 10:15:40, 357 of 2090, 17.1%
2012-05-26 10:15:41, 362 of 2090, 17.3%
2012-05-26 10:15:42, 356 of 2090, 17%
2012-05-26 10:15:44, 339 of 2090, 16.2%
2012-05-26 10:15:46, 361 of 2090, 17.3%
2012-05-26 10:15:47, 366 of 2090, 17.5%
2012-05-26 10:15:47, 360 of 2090, 17.2%
2012-05-26 10:15:50, 343 of 2090, 16.4%
2012-05-26 10:15:51, 365 of 2090, 17.5%
2012-05-26 10:15:52, 370 of 2090, 17.7%
2012-05-26 10:15:53, 364 of 2090, 17.4%
2012-05-26 10:15:56, 347 of 2090, 16.6%
2012-05-26 10:15:56, 369 of 2090, 17.7%
2012-05-26 10:15:57, 374 of 2090, 17.9%
2012-05-26 10:15:58, 368 of 2090, 17.6%
2012-05-26 10:16:01, 373 of 2090, 17.8%
2012-05-26 10:16:02, 351 of 2090, 16.8%
2012-05-26 10:16:03, 378 of 2090, 18.1%
2012-05-26 10:16:04, 372 of 2090, 17.8%
2012-05-26 10:16:07, 377 of 2090, 18%
2012-05-26 10:16:07, 355 of 2090, 17%
2012-05-26 10:16:08, 382 of 2090, 18.3%
2012-05-26 10:16:09, 376 of 2090, 18%
2012-05-26 10:16:12, 381 of 2090, 18.2%
2012-05-26 10:16:12, 359 of 2090, 17.2%
2012-05-26 10:16:14, 386 of 2090, 18.5%
2012-05-26 10:16:15, 380 of 2090, 18.2%
2012-05-26 10:16:18, 385 of 2090, 18.4%
2012-05-26 10:16:18, 363 of 2090, 17.4%
2012-05-26 10:16:19, 390 of 2090, 18.7%
2012-05-26 10:16:20, 384 of 2090, 18.4%
2012-05-26 10:16:23, 367 of 2090, 17.6%
2012-05-26 10:16:23, 389 of 2090, 18.6%
2012-05-26 10:16:24, 394 of 2090, 18.9%
2012-05-26 10:16:25, 388 of 2090, 18.6%
2012-05-26 10:16:29, 371 of 2090, 17.8%
2012-05-26 10:16:29, 393 of 2090, 18.8%
2012-05-26 10:16:30, 398 of 2090, 19%
2012-05-26 10:16:31, 392 of 2090, 18.8%
2012-05-26 10:16:34, 375 of 2090, 17.9%
2012-05-26 10:16:34, 397 of 2090, 19%
2012-05-26 10:16:35, 402 of 2090, 19.2%
2012-05-26 10:16:36, 396 of 2090, 18.9%
2012-05-26 10:16:40, 379 of 2090, 18.1%
2012-05-26 10:16:40, 401 of 2090, 19.2%
2012-05-26 10:16:40, 406 of 2090, 19.4%
2012-05-26 10:16:41, 400 of 2090, 19.1%
2012-05-26 10:16:45, 383 of 2090, 18.3%
2012-05-26 10:16:46, 405 of 2090, 19.4%
2012-05-26 10:16:46, 410 of 2090, 19.6%
2012-05-26 10:16:47, 404 of 2090, 19.3%
2012-05-26 10:16:51, 387 of 2090, 18.5%
2012-05-26 10:16:51, 414 of 2090, 19.8%
2012-05-26 10:16:51, 409 of 2090, 19.6%
2012-05-26 10:16:52, 408 of 2090, 19.5%
2012-05-26 10:16:56, 391 of 2090, 18.7%
2012-05-26 10:16:56, 418 of 2090, 20%
2012-05-26 10:16:57, 413 of 2090, 19.8%
2012-05-26 10:16:58, 412 of 2090, 19.7%
2012-05-26 10:17:02, 395 of 2090, 18.9%
2012-05-26 10:17:02, 422 of 2090, 20.2%
2012-05-26 10:17:02, 417 of 2090, 20%
2012-05-26 10:17:03, 416 of 2090, 19.9%
2012-05-26 10:17:07, 426 of 2090, 20.4%
2012-05-26 10:17:07, 399 of 2090, 19.1%
2012-05-26 10:17:08, 421 of 2090, 20.1%
2012-05-26 10:17:08, 420 of 2090, 20.1%
2012-05-26 10:17:12, 430 of 2090, 20.6%
2012-05-26 10:17:13, 403 of 2090, 19.3%
2012-05-26 10:17:14, 424 of 2090, 20.3%
2012-05-26 10:17:14, 425 of 2090, 20.3%
2012-05-26 10:17:18, 434 of 2090, 20.8%
2012-05-26 10:17:18, 407 of 2090, 19.5%
2012-05-26 10:17:19, 428 of 2090, 20.5%
2012-05-26 10:17:20, 429 of 2090, 20.5%
2012-05-26 10:17:23, 438 of 2090, 21%
2012-05-26 10:17:24, 411 of 2090, 19.7%
2012-05-26 10:17:24, 432 of 2090, 20.7%
2012-05-26 10:17:26, 433 of 2090, 20.7%
2012-05-26 10:17:28, 442 of 2090, 21.1%
2012-05-26 10:17:29, 415 of 2090, 19.9%
2012-05-26 10:17:30, 436 of 2090, 20.9%
2012-05-26 10:17:31, 437 of 2090, 20.9%
2012-05-26 10:17:34, 446 of 2090, 21.3%
2012-05-26 10:17:35, 419 of 2090, 20%
2012-05-26 10:17:35, 440 of 2090, 21.1%
2012-05-26 10:17:37, 441 of 2090, 21.1%
2012-05-26 10:17:39, 450 of 2090, 21.5%
2012-05-26 10:17:40, 444 of 2090, 21.2%
2012-05-26 10:17:40, 423 of 2090, 20.2%
2012-05-26 10:17:43, 445 of 2090, 21.3%
2012-05-26 10:17:44, 454 of 2090, 21.7%
2012-05-26 10:17:46, 448 of 2090, 21.4%
2012-05-26 10:17:46, 427 of 2090, 20.4%
2012-05-26 10:17:49, 449 of 2090, 21.5%
2012-05-26 10:17:50, 458 of 2090, 21.9%
2012-05-26 10:17:51, 452 of 2090, 21.6%
2012-05-26 10:17:52, 431 of 2090, 20.6%
2012-05-26 10:17:54, 453 of 2090, 21.7%
2012-05-26 10:17:55, 462 of 2090, 22.1%
2012-05-26 10:17:56, 456 of 2090, 21.8%
2012-05-26 10:17:57, 435 of 2090, 20.8%
2012-05-26 10:18:00, 466 of 2090, 22.3%
2012-05-26 10:18:01, 457 of 2090, 21.9%
2012-05-26 10:18:02, 460 of 2090, 22%
2012-05-26 10:18:03, 439 of 2090, 21%
2012-05-26 10:18:06, 470 of 2090, 22.5%
2012-05-26 10:18:07, 461 of 2090, 22.1%
2012-05-26 10:18:07, 464 of 2090, 22.2%
2012-05-26 10:18:08, 443 of 2090, 21.2%
2012-05-26 10:18:11, 474 of 2090, 22.7%
2012-05-26 10:18:12, 468 of 2090, 22.4%
2012-05-26 10:18:12, 465 of 2090, 22.2%
2012-05-26 10:18:13, 447 of 2090, 21.4%
2012-05-26 10:18:16, 478 of 2090, 22.9%
2012-05-26 10:18:18, 472 of 2090, 22.6%
2012-05-26 10:18:18, 469 of 2090, 22.4%
2012-05-26 10:18:19, 451 of 2090, 21.6%
2012-05-26 10:18:22, 482 of 2090, 23.1%
2012-05-26 10:18:23, 476 of 2090, 22.8%
2012-05-26 10:18:23, 473 of 2090, 22.6%
2012-05-26 10:18:25, 455 of 2090, 21.8%
2012-05-26 10:18:27, 486 of 2090, 23.3%
2012-05-26 10:18:28, 480 of 2090, 23%
2012-05-26 10:18:29, 477 of 2090, 22.8%
2012-05-26 10:18:31, 459 of 2090, 22%
2012-05-26 10:18:32, 490 of 2090, 23.4%
2012-05-26 10:18:34, 484 of 2090, 23.2%
2012-05-26 10:18:34, 481 of 2090, 23%
2012-05-26 10:18:37, 463 of 2090, 22.2%
2012-05-26 10:18:38, 494 of 2090, 23.6%
2012-05-26 10:18:39, 488 of 2090, 23.3%
2012-05-26 10:18:40, 485 of 2090, 23.2%
2012-05-26 10:18:43, 467 of 2090, 22.3%
2012-05-26 10:18:43, 498 of 2090, 23.8%
2012-05-26 10:18:44, 492 of 2090, 23.5%
2012-05-26 10:18:46, 489 of 2090, 23.4%
2012-05-26 10:18:48, 471 of 2090, 22.5%
2012-05-26 10:18:48, 502 of 2090, 24%
2012-05-26 10:18:50, 496 of 2090, 23.7%
2012-05-26 10:18:52, 493 of 2090, 23.6%
2012-05-26 10:18:54, 506 of 2090, 24.2%
2012-05-26 10:18:54, 475 of 2090, 22.7%
2012-05-26 10:18:55, 500 of 2090, 23.9%
2012-05-26 10:18:57, 497 of 2090, 23.8%
2012-05-26 10:18:59, 510 of 2090, 24.4%
2012-05-26 10:19:00, 479 of 2090, 22.9%
2012-05-26 10:19:01, 504 of 2090, 24.1%
2012-05-26 10:19:03, 501 of 2090, 24%
2012-05-26 10:19:04, 514 of 2090, 24.6%
2012-05-26 10:19:05, 483 of 2090, 23.1%
2012-05-26 10:19:06, 508 of 2090, 24.3%
2012-05-26 10:19:08, 505 of 2090, 24.2%
2012-05-26 10:19:10, 518 of 2090, 24.8%
2012-05-26 10:19:11, 487 of 2090, 23.3%
2012-05-26 10:19:12, 512 of 2090, 24.5%
2012-05-26 10:19:14, 509 of 2090, 24.4%
2012-05-26 10:19:15, 522 of 2090, 25%
2012-05-26 10:19:17, 516 of 2090, 24.7%
2012-05-26 10:19:17, 491 of 2090, 23.5%
2012-05-26 10:19:20, 513 of 2090, 24.5%
2012-05-26 10:19:21, 526 of 2090, 25.2%
2012-05-26 10:19:22, 520 of 2090, 24.9%
2012-05-26 10:19:23, 495 of 2090, 23.7%
2012-05-26 10:19:25, 517 of 2090, 24.7%
2012-05-26 10:19:26, 530 of 2090, 25.4%
2012-05-26 10:19:28, 524 of 2090, 25.1%
2012-05-26 10:19:28, 499 of 2090, 23.9%
2012-05-26 10:19:31, 521 of 2090, 24.9%
2012-05-26 10:19:31, 534 of 2090, 25.6%
2012-05-26 10:19:33, 528 of 2090, 25.3%
2012-05-26 10:19:34, 503 of 2090, 24.1%
2012-05-26 10:19:37, 538 of 2090, 25.7%
2012-05-26 10:19:37, 525 of 2090, 25.1%
2012-05-26 10:19:39, 532 of 2090, 25.5%
2012-05-26 10:19:39, 507 of 2090, 24.3%
2012-05-26 10:19:42, 542 of 2090, 25.9%
2012-05-26 10:19:43, 529 of 2090, 25.3%
2012-05-26 10:19:44, 536 of 2090, 25.6%
2012-05-26 10:19:45, 511 of 2090, 24.4%
2012-05-26 10:19:47, 546 of 2090, 26.1%
2012-05-26 10:19:49, 533 of 2090, 25.5%
2012-05-26 10:19:50, 540 of 2090, 25.8%
2012-05-26 10:19:50, 515 of 2090, 24.6%
2012-05-26 10:19:53, 550 of 2090, 26.3%
2012-05-26 10:19:54, 537 of 2090, 25.7%
2012-05-26 10:19:55, 544 of 2090, 26%
2012-05-26 10:19:56, 519 of 2090, 24.8%
2012-05-26 10:19:58, 554 of 2090, 26.5%
2012-05-26 10:20:00, 541 of 2090, 25.9%
2012-05-26 10:20:01, 548 of 2090, 26.2%
2012-05-26 10:20:01, 523 of 2090, 25%
2012-05-26 10:20:03, 558 of 2090, 26.7%
2012-05-26 10:20:06, 545 of 2090, 26.1%
2012-05-26 10:20:06, 552 of 2090, 26.4%
2012-05-26 10:20:07, 527 of 2090, 25.2%
2012-05-26 10:20:09, 562 of 2090, 26.9%
2012-05-26 10:20:11, 549 of 2090, 26.3%
2012-05-26 10:20:12, 556 of 2090, 26.6%
2012-05-26 10:20:13, 531 of 2090, 25.4%
2012-05-26 10:20:14, 566 of 2090, 27.1%
2012-05-26 10:20:17, 560 of 2090, 26.8%
2012-05-26 10:20:17, 553 of 2090, 26.5%
2012-05-26 10:20:18, 535 of 2090, 25.6%
2012-05-26 10:20:20, 570 of 2090, 27.3%
2012-05-26 10:20:22, 564 of 2090, 27%
2012-05-26 10:20:23, 557 of 2090, 26.7%
2012-05-26 10:20:24, 539 of 2090, 25.8%
2012-05-26 10:20:25, 574 of 2090, 27.5%
2012-05-26 10:20:28, 568 of 2090, 27.2%
2012-05-26 10:20:28, 561 of 2090, 26.8%
2012-05-26 10:20:30, 543 of 2090, 26%
2012-05-26 10:20:30, 578 of 2090, 27.7%
2012-05-26 10:20:33, 572 of 2090, 27.4%
2012-05-26 10:20:34, 565 of 2090, 27%
2012-05-26 10:20:36, 547 of 2090, 26.2%
2012-05-26 10:20:36, 582 of 2090, 27.8%
2012-05-26 10:20:39, 576 of 2090, 27.6%
2012-05-26 10:20:39, 569 of 2090, 27.2%
2012-05-26 10:20:41, 551 of 2090, 26.4%
2012-05-26 10:20:41, 586 of 2090, 28%
2012-05-26 10:20:44, 580 of 2090, 27.8%
2012-05-26 10:20:45, 573 of 2090, 27.4%
2012-05-26 10:20:47, 590 of 2090, 28.2%
2012-05-26 10:20:47, 555 of 2090, 26.6%
2012-05-26 10:20:50, 584 of 2090, 27.9%
2012-05-26 10:20:51, 577 of 2090, 27.6%
2012-05-26 10:20:52, 594 of 2090, 28.4%
2012-05-26 10:20:52, 559 of 2090, 26.7%
2012-05-26 10:20:55, 588 of 2090, 28.1%
2012-05-26 10:20:56, 581 of 2090, 27.8%
2012-05-26 10:20:58, 598 of 2090, 28.6%
2012-05-26 10:20:58, 563 of 2090, 26.9%
2012-05-26 10:21:01, 592 of 2090, 28.3%
2012-05-26 10:21:02, 585 of 2090, 28%
2012-05-26 10:21:03, 602 of 2090, 28.8%
2012-05-26 10:21:04, 567 of 2090, 27.1%
2012-05-26 10:21:06, 596 of 2090, 28.5%
2012-05-26 10:21:08, 589 of 2090, 28.2%
2012-05-26 10:21:08, 606 of 2090, 29%
2012-05-26 10:21:09, 571 of 2090, 27.3%
2012-05-26 10:21:12, 600 of 2090, 28.7%
2012-05-26 10:21:13, 610 of 2090, 29.2%
2012-05-26 10:21:14, 593 of 2090, 28.4%
2012-05-26 10:21:15, 575 of 2090, 27.5%
2012-05-26 10:21:17, 604 of 2090, 28.9%
2012-05-26 10:21:19, 614 of 2090, 29.4%
2012-05-26 10:21:19, 597 of 2090, 28.6%
2012-05-26 10:21:21, 579 of 2090, 27.7%
2012-05-26 10:21:22, 608 of 2090, 29.1%
2012-05-26 10:21:24, 618 of 2090, 29.6%
2012-05-26 10:21:25, 601 of 2090, 28.8%
2012-05-26 10:21:26, 583 of 2090, 27.9%
2012-05-26 10:21:28, 612 of 2090, 29.3%
2012-05-26 10:21:29, 622 of 2090, 29.8%
2012-05-26 10:21:31, 605 of 2090, 28.9%
2012-05-26 10:21:32, 587 of 2090, 28.1%
2012-05-26 10:21:33, 616 of 2090, 29.5%
2012-05-26 10:21:35, 626 of 2090, 30%
2012-05-26 10:21:37, 609 of 2090, 29.1%
2012-05-26 10:21:38, 591 of 2090, 28.3%
2012-05-26 10:21:39, 620 of 2090, 29.7%
2012-05-26 10:21:40, 630 of 2090, 30.1%
2012-05-26 10:21:42, 613 of 2090, 29.3%
2012-05-26 10:21:44, 624 of 2090, 29.9%
2012-05-26 10:21:44, 595 of 2090, 28.5%
2012-05-26 10:21:45, 634 of 2090, 30.3%
2012-05-26 10:21:48, 617 of 2090, 29.5%
2012-05-26 10:21:50, 628 of 2090, 30%
2012-05-26 10:21:50, 599 of 2090, 28.7%
2012-05-26 10:21:51, 638 of 2090, 30.5%
2012-05-26 10:21:53, 621 of 2090, 29.7%
2012-05-26 10:21:55, 632 of 2090, 30.2%
2012-05-26 10:21:56, 642 of 2090, 30.7%
2012-05-26 10:21:56, 603 of 2090, 28.9%
2012-05-26 10:21:59, 625 of 2090, 29.9%
2012-05-26 10:22:00, 636 of 2090, 30.4%
2012-05-26 10:22:01, 646 of 2090, 30.9%
2012-05-26 10:22:02, 607 of 2090, 29%
2012-05-26 10:22:05, 629 of 2090, 30.1%
2012-05-26 10:22:06, 640 of 2090, 30.6%
2012-05-26 10:22:07, 650 of 2090, 31.1%
2012-05-26 10:22:08, 611 of 2090, 29.2%
2012-05-26 10:22:11, 633 of 2090, 30.3%
2012-05-26 10:22:11, 644 of 2090, 30.8%
2012-05-26 10:22:12, 654 of 2090, 31.3%
2012-05-26 10:22:14, 615 of 2090, 29.4%
2012-05-26 10:22:16, 648 of 2090, 31%
2012-05-26 10:22:17, 637 of 2090, 30.5%
2012-05-26 10:22:18, 658 of 2090, 31.5%
2012-05-26 10:22:20, 619 of 2090, 29.6%
2012-05-26 10:22:22, 652 of 2090, 31.2%
2012-05-26 10:22:23, 662 of 2090, 31.7%
2012-05-26 10:22:23, 641 of 2090, 30.7%
2012-05-26 10:22:25, 623 of 2090, 29.8%
2012-05-26 10:22:27, 656 of 2090, 31.4%
2012-05-26 10:22:28, 666 of 2090, 31.9%
2012-05-26 10:22:29, 645 of 2090, 30.9%
2012-05-26 10:22:31, 627 of 2090, 30%
2012-05-26 10:22:32, 660 of 2090, 31.6%
2012-05-26 10:22:33, 670 of 2090, 32.1%
2012-05-26 10:22:35, 649 of 2090, 31.1%
2012-05-26 10:22:37, 631 of 2090, 30.2%
2012-05-26 10:22:38, 664 of 2090, 31.8%
2012-05-26 10:22:39, 674 of 2090, 32.2%
2012-05-26 10:22:41, 653 of 2090, 31.2%
2012-05-26 10:22:43, 635 of 2090, 30.4%
2012-05-26 10:22:43, 668 of 2090, 32%
2012-05-26 10:22:44, 678 of 2090, 32.4%
2012-05-26 10:22:47, 657 of 2090, 31.4%
2012-05-26 10:22:49, 672 of 2090, 32.2%
2012-05-26 10:22:49, 639 of 2090, 30.6%
2012-05-26 10:22:50, 682 of 2090, 32.6%
2012-05-26 10:22:53, 661 of 2090, 31.6%
2012-05-26 10:22:54, 676 of 2090, 32.3%
2012-05-26 10:22:55, 686 of 2090, 32.8%
2012-05-26 10:22:55, 643 of 2090, 30.8%
2012-05-26 10:23:00, 680 of 2090, 32.5%
2012-05-26 10:23:00, 665 of 2090, 31.8%
2012-05-26 10:23:00, 690 of 2090, 33%
2012-05-26 10:23:00, 647 of 2090, 31%
2012-05-26 10:23:05, 684 of 2090, 32.7%
2012-05-26 10:23:06, 669 of 2090, 32%
2012-05-26 10:23:06, 694 of 2090, 33.2%
2012-05-26 10:23:07, 651 of 2090, 31.1%
2012-05-26 10:23:11, 688 of 2090, 32.9%
2012-05-26 10:23:11, 673 of 2090, 32.2%
2012-05-26 10:23:11, 698 of 2090, 33.4%
2012-05-26 10:23:13, 655 of 2090, 31.3%
2012-05-26 10:23:16, 692 of 2090, 33.1%
2012-05-26 10:23:17, 702 of 2090, 33.6%
2012-05-26 10:23:17, 677 of 2090, 32.4%
2012-05-26 10:23:19, 659 of 2090, 31.5%
2012-05-26 10:23:22, 696 of 2090, 33.3%
2012-05-26 10:23:22, 706 of 2090, 33.8%
2012-05-26 10:23:23, 681 of 2090, 32.6%
2012-05-26 10:23:25, 663 of 2090, 31.7%
2012-05-26 10:23:27, 700 of 2090, 33.5%
2012-05-26 10:23:27, 710 of 2090, 34%
2012-05-26 10:23:29, 685 of 2090, 32.8%
2012-05-26 10:23:31, 667 of 2090, 31.9%
2012-05-26 10:23:32, 704 of 2090, 33.7%
2012-05-26 10:23:33, 714 of 2090, 34.2%
2012-05-26 10:23:35, 689 of 2090, 33%
2012-05-26 10:23:37, 671 of 2090, 32.1%
2012-05-26 10:23:38, 708 of 2090, 33.9%
2012-05-26 10:23:38, 718 of 2090, 34.4%
2012-05-26 10:23:41, 693 of 2090, 33.2%
2012-05-26 10:23:43, 675 of 2090, 32.3%
2012-05-26 10:23:43, 712 of 2090, 34.1%
2012-05-26 10:23:43, 722 of 2090, 34.5%
2012-05-26 10:23:47, 697 of 2090, 33.3%
2012-05-26 10:23:48, 716 of 2090, 34.3%
2012-05-26 10:23:48, 726 of 2090, 34.7%
2012-05-26 10:23:49, 679 of 2090, 32.5%
2012-05-26 10:23:53, 701 of 2090, 33.5%
2012-05-26 10:23:54, 720 of 2090, 34.4%
2012-05-26 10:23:54, 730 of 2090, 34.9%
2012-05-26 10:23:55, 683 of 2090, 32.7%
2012-05-26 10:23:59, 724 of 2090, 34.6%
2012-05-26 10:23:59, 705 of 2090, 33.7%
2012-05-26 10:23:59, 734 of 2090, 35.1%
2012-05-26 10:24:01, 687 of 2090, 32.9%
2012-05-26 10:24:04, 728 of 2090, 34.8%
2012-05-26 10:24:05, 738 of 2090, 35.3%
2012-05-26 10:24:05, 709 of 2090, 33.9%
2012-05-26 10:24:07, 691 of 2090, 33.1%
2012-05-26 10:24:10, 732 of 2090, 35%
2012-05-26 10:24:10, 742 of 2090, 35.5%
2012-05-26 10:24:11, 713 of 2090, 34.1%
2012-05-26 10:24:12, 695 of 2090, 33.3%
2012-05-26 10:24:15, 736 of 2090, 35.2%
2012-05-26 10:24:15, 746 of 2090, 35.7%
2012-05-26 10:24:16, 717 of 2090, 34.3%
2012-05-26 10:24:19, 699 of 2090, 33.4%
2012-05-26 10:24:21, 740 of 2090, 35.4%
2012-05-26 10:24:21, 750 of 2090, 35.9%
2012-05-26 10:24:22, 721 of 2090, 34.5%
2012-05-26 10:24:25, 703 of 2090, 33.6%
2012-05-26 10:24:26, 744 of 2090, 35.6%
2012-05-26 10:24:26, 754 of 2090, 36.1%
2012-05-26 10:24:28, 725 of 2090, 34.7%
2012-05-26 10:24:31, 707 of 2090, 33.8%
2012-05-26 10:24:32, 748 of 2090, 35.8%
2012-05-26 10:24:32, 758 of 2090, 36.3%
2012-05-26 10:24:33, 729 of 2090, 34.9%
2012-05-26 10:24:37, 752 of 2090, 36%
2012-05-26 10:24:37, 762 of 2090, 36.5%
2012-05-26 10:24:38, 711 of 2090, 34%
2012-05-26 10:24:39, 733 of 2090, 35.1%
2012-05-26 10:24:42, 756 of 2090, 36.2%
2012-05-26 10:24:43, 766 of 2090, 36.7%
2012-05-26 10:24:43, 715 of 2090, 34.2%
2012-05-26 10:24:45, 737 of 2090, 35.3%
2012-05-26 10:24:48, 760 of 2090, 36.4%
2012-05-26 10:24:48, 770 of 2090, 36.8%
2012-05-26 10:24:49, 719 of 2090, 34.4%
2012-05-26 10:24:51, 741 of 2090, 35.5%
2012-05-26 10:24:53, 764 of 2090, 36.6%
2012-05-26 10:24:54, 774 of 2090, 37%
2012-05-26 10:24:55, 723 of 2090, 34.6%
2012-05-26 10:24:57, 745 of 2090, 35.6%
2012-05-26 10:24:59, 768 of 2090, 36.7%
2012-05-26 10:24:59, 778 of 2090, 37.2%
2012-05-26 10:25:01, 727 of 2090, 34.8%
2012-05-26 10:25:02, 749 of 2090, 35.8%
2012-05-26 10:25:04, 772 of 2090, 36.9%
2012-05-26 10:25:04, 782 of 2090, 37.4%
2012-05-26 10:25:07, 731 of 2090, 35%
2012-05-26 10:25:09, 753 of 2090, 36%
2012-05-26 10:25:09, 786 of 2090, 37.6%
2012-05-26 10:25:09, 776 of 2090, 37.1%
2012-05-26 10:25:13, 735 of 2090, 35.2%
2012-05-26 10:25:15, 790 of 2090, 37.8%
2012-05-26 10:25:15, 780 of 2090, 37.3%
2012-05-26 10:25:15, 757 of 2090, 36.2%
2012-05-26 10:25:19, 739 of 2090, 35.4%
2012-05-26 10:25:20, 794 of 2090, 38%
2012-05-26 10:25:20, 784 of 2090, 37.5%
2012-05-26 10:25:21, 761 of 2090, 36.4%
2012-05-26 10:25:25, 798 of 2090, 38.2%
2012-05-26 10:25:25, 788 of 2090, 37.7%
2012-05-26 10:25:26, 743 of 2090, 35.6%
2012-05-26 10:25:26, 765 of 2090, 36.6%
2012-05-26 10:25:31, 802 of 2090, 38.4%
2012-05-26 10:25:31, 792 of 2090, 37.9%
2012-05-26 10:25:31, 769 of 2090, 36.8%
2012-05-26 10:25:32, 747 of 2090, 35.7%
2012-05-26 10:25:36, 806 of 2090, 38.6%
2012-05-26 10:25:36, 796 of 2090, 38.1%
2012-05-26 10:25:37, 773 of 2090, 37%
2012-05-26 10:25:38, 751 of 2090, 35.9%
2012-05-26 10:25:41, 810 of 2090, 38.8%
2012-05-26 10:25:42, 800 of 2090, 38.3%
2012-05-26 10:25:43, 777 of 2090, 37.2%
2012-05-26 10:25:44, 755 of 2090, 36.1%
2012-05-26 10:25:47, 814 of 2090, 38.9%
2012-05-26 10:25:47, 804 of 2090, 38.5%
2012-05-26 10:25:49, 781 of 2090, 37.4%
2012-05-26 10:25:50, 759 of 2090, 36.3%
2012-05-26 10:25:52, 818 of 2090, 39.1%
2012-05-26 10:25:53, 808 of 2090, 38.7%
2012-05-26 10:25:56, 785 of 2090, 37.6%
2012-05-26 10:25:56, 763 of 2090, 36.5%
2012-05-26 10:25:57, 822 of 2090, 39.3%
2012-05-26 10:25:58, 812 of 2090, 38.9%
2012-05-26 10:26:01, 789 of 2090, 37.8%
2012-05-26 10:26:02, 767 of 2090, 36.7%
2012-05-26 10:26:03, 826 of 2090, 39.5%
2012-05-26 10:26:03, 816 of 2090, 39%
2012-05-26 10:26:07, 793 of 2090, 37.9%
2012-05-26 10:26:08, 771 of 2090, 36.9%
2012-05-26 10:26:08, 830 of 2090, 39.7%
2012-05-26 10:26:09, 820 of 2090, 39.2%
2012-05-26 10:26:13, 775 of 2090, 37.1%
2012-05-26 10:26:14, 834 of 2090, 39.9%
2012-05-26 10:26:14, 797 of 2090, 38.1%
2012-05-26 10:26:14, 824 of 2090, 39.4%
2012-05-26 10:26:19, 838 of 2090, 40.1%
2012-05-26 10:26:19, 779 of 2090, 37.3%
2012-05-26 10:26:19, 801 of 2090, 38.3%
2012-05-26 10:26:20, 828 of 2090, 39.6%
2012-05-26 10:26:25, 842 of 2090, 40.3%
2012-05-26 10:26:25, 783 of 2090, 37.5%
2012-05-26 10:26:25, 805 of 2090, 38.5%
2012-05-26 10:26:25, 832 of 2090, 39.8%
2012-05-26 10:26:30, 787 of 2090, 37.7%
2012-05-26 10:26:30, 846 of 2090, 40.5%
2012-05-26 10:26:31, 836 of 2090, 40%
2012-05-26 10:26:31, 809 of 2090, 38.7%
2012-05-26 10:26:35, 791 of 2090, 37.8%
2012-05-26 10:26:36, 850 of 2090, 40.7%
2012-05-26 10:26:36, 840 of 2090, 40.2%
2012-05-26 10:26:38, 813 of 2090, 38.9%
2012-05-26 10:26:41, 795 of 2090, 38%
2012-05-26 10:26:41, 854 of 2090, 40.9%
2012-05-26 10:26:42, 844 of 2090, 40.4%
2012-05-26 10:26:44, 817 of 2090, 39.1%
2012-05-26 10:26:46, 799 of 2090, 38.2%
2012-05-26 10:26:47, 858 of 2090, 41.1%
2012-05-26 10:26:47, 848 of 2090, 40.6%
2012-05-26 10:26:51, 821 of 2090, 39.3%
2012-05-26 10:26:52, 803 of 2090, 38.4%
2012-05-26 10:26:52, 862 of 2090, 41.2%
2012-05-26 10:26:52, 852 of 2090, 40.8%
2012-05-26 10:26:57, 825 of 2090, 39.5%
2012-05-26 10:26:57, 807 of 2090, 38.6%
2012-05-26 10:26:57, 866 of 2090, 41.4%
2012-05-26 10:26:58, 856 of 2090, 41%
2012-05-26 10:27:02, 811 of 2090, 38.8%
2012-05-26 10:27:03, 870 of 2090, 41.6%
2012-05-26 10:27:03, 829 of 2090, 39.7%
2012-05-26 10:27:03, 860 of 2090, 41.1%
2012-05-26 10:27:08, 815 of 2090, 39%
2012-05-26 10:27:08, 874 of 2090, 41.8%
2012-05-26 10:27:09, 864 of 2090, 41.3%
2012-05-26 10:27:09, 833 of 2090, 39.9%
2012-05-26 10:27:13, 819 of 2090, 39.2%
2012-05-26 10:27:14, 878 of 2090, 42%
2012-05-26 10:27:14, 868 of 2090, 41.5%
2012-05-26 10:27:16, 837 of 2090, 40%
2012-05-26 10:27:19, 823 of 2090, 39.4%
2012-05-26 10:27:19, 882 of 2090, 42.2%
2012-05-26 10:27:20, 872 of 2090, 41.7%
2012-05-26 10:27:22, 841 of 2090, 40.2%
2012-05-26 10:27:24, 827 of 2090, 39.6%
2012-05-26 10:27:25, 886 of 2090, 42.4%
2012-05-26 10:27:25, 876 of 2090, 41.9%
2012-05-26 10:27:28, 845 of 2090, 40.4%
2012-05-26 10:27:29, 831 of 2090, 39.8%
2012-05-26 10:27:30, 890 of 2090, 42.6%
2012-05-26 10:27:31, 880 of 2090, 42.1%
2012-05-26 10:27:35, 849 of 2090, 40.6%
2012-05-26 10:27:35, 835 of 2090, 40%
2012-05-26 10:27:35, 894 of 2090, 42.8%
2012-05-26 10:27:36, 884 of 2090, 42.3%
2012-05-26 10:27:40, 853 of 2090, 40.8%
2012-05-26 10:27:41, 898 of 2090, 43%
2012-05-26 10:27:41, 839 of 2090, 40.1%
2012-05-26 10:27:42, 888 of 2090, 42.5%
2012-05-26 10:27:46, 902 of 2090, 43.2%
2012-05-26 10:27:46, 857 of 2090, 41%
2012-05-26 10:27:47, 843 of 2090, 40.3%
2012-05-26 10:27:47, 892 of 2090, 42.7%
2012-05-26 10:27:51, 906 of 2090, 43.3%
2012-05-26 10:27:52, 861 of 2090, 41.2%
2012-05-26 10:27:53, 847 of 2090, 40.5%
2012-05-26 10:27:53, 896 of 2090, 42.9%
2012-05-26 10:27:57, 910 of 2090, 43.5%
2012-05-26 10:27:58, 865 of 2090, 41.4%
2012-05-26 10:27:58, 900 of 2090, 43.1%
2012-05-26 10:27:58, 851 of 2090, 40.7%
2012-05-26 10:28:02, 914 of 2090, 43.7%
2012-05-26 10:28:04, 869 of 2090, 41.6%
2012-05-26 10:28:04, 855 of 2090, 40.9%
2012-05-26 10:28:04, 904 of 2090, 43.3%
2012-05-26 10:28:07, 918 of 2090, 43.9%
2012-05-26 10:28:09, 859 of 2090, 41.1%
2012-05-26 10:28:10, 908 of 2090, 43.4%
2012-05-26 10:28:10, 873 of 2090, 41.8%
2012-05-26 10:28:13, 922 of 2090, 44.1%
2012-05-26 10:28:15, 912 of 2090, 43.6%
2012-05-26 10:28:15, 863 of 2090, 41.3%
2012-05-26 10:28:16, 877 of 2090, 42%
2012-05-26 10:28:18, 926 of 2090, 44.3%
2012-05-26 10:28:20, 867 of 2090, 41.5%
2012-05-26 10:28:20, 916 of 2090, 43.8%
2012-05-26 10:28:22, 881 of 2090, 42.2%
2012-05-26 10:28:24, 930 of 2090, 44.5%
2012-05-26 10:28:26, 871 of 2090, 41.7%
2012-05-26 10:28:26, 920 of 2090, 44%
2012-05-26 10:28:28, 885 of 2090, 42.3%
2012-05-26 10:28:29, 934 of 2090, 44.7%
2012-05-26 10:28:31, 875 of 2090, 41.9%
2012-05-26 10:28:32, 924 of 2090, 44.2%
2012-05-26 10:28:35, 889 of 2090, 42.5%
2012-05-26 10:28:35, 938 of 2090, 44.9%
2012-05-26 10:28:37, 879 of 2090, 42.1%
2012-05-26 10:28:37, 928 of 2090, 44.4%
2012-05-26 10:28:40, 942 of 2090, 45.1%
2012-05-26 10:28:41, 893 of 2090, 42.7%
2012-05-26 10:28:42, 883 of 2090, 42.2%
2012-05-26 10:28:43, 932 of 2090, 44.6%
2012-05-26 10:28:46, 946 of 2090, 45.3%
2012-05-26 10:28:47, 897 of 2090, 42.9%
2012-05-26 10:28:47, 887 of 2090, 42.4%
2012-05-26 10:28:48, 936 of 2090, 44.8%
2012-05-26 10:28:52, 950 of 2090, 45.5%
2012-05-26 10:28:52, 901 of 2090, 43.1%
2012-05-26 10:28:53, 891 of 2090, 42.6%
2012-05-26 10:28:54, 940 of 2090, 45%
2012-05-26 10:28:58, 954 of 2090, 45.6%
2012-05-26 10:28:58, 895 of 2090, 42.8%
2012-05-26 10:28:58, 905 of 2090, 43.3%
2012-05-26 10:28:59, 944 of 2090, 45.2%
2012-05-26 10:29:03, 958 of 2090, 45.8%
2012-05-26 10:29:03, 899 of 2090, 43%
2012-05-26 10:29:05, 909 of 2090, 43.5%
2012-05-26 10:29:05, 948 of 2090, 45.4%
2012-05-26 10:29:09, 903 of 2090, 43.2%
2012-05-26 10:29:09, 962 of 2090, 46%
2012-05-26 10:29:10, 952 of 2090, 45.6%
2012-05-26 10:29:10, 913 of 2090, 43.7%
2012-05-26 10:29:14, 907 of 2090, 43.4%
2012-05-26 10:29:14, 966 of 2090, 46.2%
2012-05-26 10:29:16, 956 of 2090, 45.7%
2012-05-26 10:29:17, 917 of 2090, 43.9%
2012-05-26 10:29:19, 911 of 2090, 43.6%
2012-05-26 10:29:20, 970 of 2090, 46.4%
2012-05-26 10:29:21, 960 of 2090, 45.9%
2012-05-26 10:29:23, 921 of 2090, 44.1%
2012-05-26 10:29:25, 915 of 2090, 43.8%
2012-05-26 10:29:25, 974 of 2090, 46.6%
2012-05-26 10:29:27, 964 of 2090, 46.1%
2012-05-26 10:29:30, 925 of 2090, 44.3%
2012-05-26 10:29:30, 919 of 2090, 44%
2012-05-26 10:29:31, 978 of 2090, 46.8%
2012-05-26 10:29:32, 968 of 2090, 46.3%
2012-05-26 10:29:36, 923 of 2090, 44.2%
2012-05-26 10:29:36, 929 of 2090, 44.4%
2012-05-26 10:29:36, 982 of 2090, 47%
2012-05-26 10:29:38, 972 of 2090, 46.5%
2012-05-26 10:29:41, 933 of 2090, 44.6%
2012-05-26 10:29:41, 927 of 2090, 44.4%
2012-05-26 10:29:42, 986 of 2090, 47.2%
2012-05-26 10:29:44, 976 of 2090, 46.7%
2012-05-26 10:29:47, 931 of 2090, 44.5%
2012-05-26 10:29:47, 937 of 2090, 44.8%
2012-05-26 10:29:47, 990 of 2090, 47.4%
2012-05-26 10:29:50, 980 of 2090, 46.9%
2012-05-26 10:29:52, 935 of 2090, 44.7%
2012-05-26 10:29:53, 941 of 2090, 45%
2012-05-26 10:29:53, 994 of 2090, 47.6%
2012-05-26 10:29:56, 984 of 2090, 47.1%
2012-05-26 10:29:57, 939 of 2090, 44.9%
2012-05-26 10:29:58, 945 of 2090, 45.2%
2012-05-26 10:29:58, 998 of 2090, 47.8%
2012-05-26 10:30:02, 988 of 2090, 47.3%
2012-05-26 10:30:03, 943 of 2090, 45.1%
2012-05-26 10:30:03, 949 of 2090, 45.4%
2012-05-26 10:30:04, 1002 of 2090, 47.9%
2012-05-26 10:30:08, 992 of 2090, 47.5%
2012-05-26 10:30:09, 953 of 2090, 45.6%
2012-05-26 10:30:09, 947 of 2090, 45.3%
2012-05-26 10:30:09, 1006 of 2090, 48.1%
2012-05-26 10:30:13, 996 of 2090, 47.7%
2012-05-26 10:30:14, 957 of 2090, 45.8%
2012-05-26 10:30:14, 1010 of 2090, 48.3%
2012-05-26 10:30:15, 951 of 2090, 45.5%
2012-05-26 10:30:19, 1000 of 2090, 47.8%
2012-05-26 10:30:20, 961 of 2090, 46%
2012-05-26 10:30:20, 1014 of 2090, 48.5%
2012-05-26 10:30:22, 955 of 2090, 45.7%
2012-05-26 10:30:24, 1004 of 2090, 48%
2012-05-26 10:30:25, 965 of 2090, 46.2%
2012-05-26 10:30:25, 1018 of 2090, 48.7%
2012-05-26 10:30:29, 959 of 2090, 45.9%
2012-05-26 10:30:30, 1008 of 2090, 48.2%
2012-05-26 10:30:30, 969 of 2090, 46.4%
2012-05-26 10:30:31, 1022 of 2090, 48.9%
2012-05-26 10:30:35, 963 of 2090, 46.1%
2012-05-26 10:30:35, 1012 of 2090, 48.4%
2012-05-26 10:30:36, 973 of 2090, 46.6%
2012-05-26 10:30:36, 1026 of 2090, 49.1%
2012-05-26 10:30:40, 1016 of 2090, 48.6%
2012-05-26 10:30:41, 967 of 2090, 46.3%
2012-05-26 10:30:41, 977 of 2090, 46.7%
2012-05-26 10:30:41, 1030 of 2090, 49.3%
2012-05-26 10:30:46, 1020 of 2090, 48.8%
2012-05-26 10:30:47, 981 of 2090, 46.9%
2012-05-26 10:30:47, 1034 of 2090, 49.5%
2012-05-26 10:30:48, 971 of 2090, 46.5%
2012-05-26 10:30:51, 1024 of 2090, 49%
2012-05-26 10:30:52, 985 of 2090, 47.1%
2012-05-26 10:30:52, 1038 of 2090, 49.7%
2012-05-26 10:30:54, 975 of 2090, 46.7%
2012-05-26 10:30:57, 1042 of 2090, 49.9%
2012-05-26 10:30:57, 1028 of 2090, 49.2%
2012-05-26 10:30:57, 989 of 2090, 47.3%
2012-05-26 10:30:59, 979 of 2090, 46.8%
2012-05-26 10:31:02, 1046 of 2090, 50%
2012-05-26 10:31:03, 1032 of 2090, 49.4%
2012-05-26 10:31:03, 993 of 2090, 47.5%
2012-05-26 10:31:05, 983 of 2090, 47%
2012-05-26 10:31:08, 1050 of 2090, 50.2%
2012-05-26 10:31:09, 997 of 2090, 47.7%
2012-05-26 10:31:09, 1036 of 2090, 49.6%
2012-05-26 10:31:11, 987 of 2090, 47.2%
2012-05-26 10:31:13, 1054 of 2090, 50.4%
2012-05-26 10:31:14, 1040 of 2090, 49.8%
2012-05-26 10:31:15, 1001 of 2090, 47.9%
2012-05-26 10:31:18, 991 of 2090, 47.4%
2012-05-26 10:31:19, 1058 of 2090, 50.6%
2012-05-26 10:31:20, 1044 of 2090, 50%
2012-05-26 10:31:20, 1005 of 2090, 48.1%
2012-05-26 10:31:24, 1062 of 2090, 50.8%
2012-05-26 10:31:24, 995 of 2090, 47.6%
2012-05-26 10:31:25, 1048 of 2090, 50.1%
2012-05-26 10:31:26, 1009 of 2090, 48.3%
2012-05-26 10:31:29, 1066 of 2090, 51%
2012-05-26 10:31:29, 999 of 2090, 47.8%
2012-05-26 10:31:30, 1052 of 2090, 50.3%
2012-05-26 10:31:32, 1013 of 2090, 48.5%
2012-05-26 10:31:35, 1070 of 2090, 51.2%
2012-05-26 10:31:35, 1003 of 2090, 48%
2012-05-26 10:31:36, 1056 of 2090, 50.5%
2012-05-26 10:31:38, 1017 of 2090, 48.7%
2012-05-26 10:31:40, 1074 of 2090, 51.4%
2012-05-26 10:31:41, 1007 of 2090, 48.2%
2012-05-26 10:31:41, 1060 of 2090, 50.7%
2012-05-26 10:31:43, 1021 of 2090, 48.9%
2012-05-26 10:31:45, 1078 of 2090, 51.6%
2012-05-26 10:31:46, 1064 of 2090, 50.9%
2012-05-26 10:31:47, 1011 of 2090, 48.4%
2012-05-26 10:31:49, 1025 of 2090, 49%
2012-05-26 10:31:50, 1082 of 2090, 51.8%
2012-05-26 10:31:51, 1068 of 2090, 51.1%
2012-05-26 10:31:53, 1015 of 2090, 48.6%
2012-05-26 10:31:54, 1029 of 2090, 49.2%
2012-05-26 10:31:56, 1086 of 2090, 52%
2012-05-26 10:31:57, 1072 of 2090, 51.3%
2012-05-26 10:31:59, 1019 of 2090, 48.8%
2012-05-26 10:32:00, 1033 of 2090, 49.4%
2012-05-26 10:32:01, 1090 of 2090, 52.2%
2012-05-26 10:32:02, 1076 of 2090, 51.5%
2012-05-26 10:32:04, 1023 of 2090, 48.9%
2012-05-26 10:32:06, 1037 of 2090, 49.6%
2012-05-26 10:32:07, 1094 of 2090, 52.3%
2012-05-26 10:32:08, 1080 of 2090, 51.7%
2012-05-26 10:32:10, 1027 of 2090, 49.1%
2012-05-26 10:32:11, 1041 of 2090, 49.8%
2012-05-26 10:32:12, 1098 of 2090, 52.5%
2012-05-26 10:32:13, 1084 of 2090, 51.9%
2012-05-26 10:32:15, 1031 of 2090, 49.3%
2012-05-26 10:32:17, 1045 of 2090, 50%
2012-05-26 10:32:17, 1102 of 2090, 52.7%
2012-05-26 10:32:18, 1088 of 2090, 52.1%
2012-05-26 10:32:21, 1035 of 2090, 49.5%
2012-05-26 10:32:22, 1106 of 2090, 52.9%
2012-05-26 10:32:23, 1049 of 2090, 50.2%
2012-05-26 10:32:24, 1092 of 2090, 52.2%
2012-05-26 10:32:27, 1039 of 2090, 49.7%
2012-05-26 10:32:28, 1110 of 2090, 53.1%
2012-05-26 10:32:28, 1053 of 2090, 50.4%
2012-05-26 10:32:29, 1096 of 2090, 52.4%
2012-05-26 10:32:32, 1043 of 2090, 49.9%
2012-05-26 10:32:33, 1114 of 2090, 53.3%
2012-05-26 10:32:34, 1057 of 2090, 50.6%
2012-05-26 10:32:34, 1100 of 2090, 52.6%
2012-05-26 10:32:38, 1047 of 2090, 50.1%
2012-05-26 10:32:38, 1118 of 2090, 53.5%
2012-05-26 10:32:40, 1061 of 2090, 50.8%
2012-05-26 10:32:40, 1104 of 2090, 52.8%
2012-05-26 10:32:44, 1122 of 2090, 53.7%
2012-05-26 10:32:44, 1051 of 2090, 50.3%
2012-05-26 10:32:45, 1108 of 2090, 53%
2012-05-26 10:32:45, 1065 of 2090, 51%
2012-05-26 10:32:49, 1126 of 2090, 53.9%
2012-05-26 10:32:50, 1055 of 2090, 50.5%
2012-05-26 10:32:50, 1112 of 2090, 53.2%
2012-05-26 10:32:51, 1069 of 2090, 51.1%
2012-05-26 10:32:54, 1130 of 2090, 54.1%
2012-05-26 10:32:55, 1059 of 2090, 50.7%
2012-05-26 10:32:56, 1116 of 2090, 53.4%
2012-05-26 10:32:57, 1073 of 2090, 51.3%
2012-05-26 10:33:00, 1134 of 2090, 54.3%
2012-05-26 10:33:01, 1120 of 2090, 53.6%
2012-05-26 10:33:01, 1063 of 2090, 50.9%
2012-05-26 10:33:03, 1077 of 2090, 51.5%
2012-05-26 10:33:05, 1138 of 2090, 54.4%
2012-05-26 10:33:06, 1124 of 2090, 53.8%
2012-05-26 10:33:06, 1067 of 2090, 51.1%
2012-05-26 10:33:08, 1081 of 2090, 51.7%
2012-05-26 10:33:10, 1142 of 2090, 54.6%
2012-05-26 10:33:11, 1128 of 2090, 54%
2012-05-26 10:33:12, 1071 of 2090, 51.2%
2012-05-26 10:33:14, 1085 of 2090, 51.9%
2012-05-26 10:33:16, 1146 of 2090, 54.8%
2012-05-26 10:33:17, 1132 of 2090, 54.2%
2012-05-26 10:33:18, 1075 of 2090, 51.4%
2012-05-26 10:33:19, 1089 of 2090, 52.1%
2012-05-26 10:33:21, 1150 of 2090, 55%
2012-05-26 10:33:22, 1136 of 2090, 54.4%
2012-05-26 10:33:24, 1079 of 2090, 51.6%
2012-05-26 10:33:25, 1093 of 2090, 52.3%
2012-05-26 10:33:27, 1154 of 2090, 55.2%
2012-05-26 10:33:28, 1140 of 2090, 54.5%
2012-05-26 10:33:29, 1083 of 2090, 51.8%
2012-05-26 10:33:30, 1097 of 2090, 52.5%
2012-05-26 10:33:32, 1158 of 2090, 55.4%
2012-05-26 10:33:33, 1144 of 2090, 54.7%
2012-05-26 10:33:35, 1087 of 2090, 52%
2012-05-26 10:33:36, 1101 of 2090, 52.7%
2012-05-26 10:33:37, 1162 of 2090, 55.6%
2012-05-26 10:33:38, 1148 of 2090, 54.9%
2012-05-26 10:33:41, 1105 of 2090, 52.9%
2012-05-26 10:33:41, 1091 of 2090, 52.2%
2012-05-26 10:33:43, 1166 of 2090, 55.8%
2012-05-26 10:33:44, 1152 of 2090, 55.1%
2012-05-26 10:33:47, 1109 of 2090, 53.1%
2012-05-26 10:33:47, 1095 of 2090, 52.4%
2012-05-26 10:33:48, 1170 of 2090, 56%
2012-05-26 10:33:49, 1156 of 2090, 55.3%
2012-05-26 10:33:52, 1113 of 2090, 53.3%
2012-05-26 10:33:53, 1099 of 2090, 52.6%
2012-05-26 10:33:53, 1174 of 2090, 56.2%
2012-05-26 10:33:55, 1160 of 2090, 55.5%
2012-05-26 10:33:57, 1117 of 2090, 53.4%
2012-05-26 10:33:59, 1103 of 2090, 52.8%
2012-05-26 10:33:59, 1178 of 2090, 56.4%
2012-05-26 10:34:00, 1164 of 2090, 55.7%
2012-05-26 10:34:03, 1121 of 2090, 53.6%
2012-05-26 10:34:04, 1107 of 2090, 53%
2012-05-26 10:34:04, 1182 of 2090, 56.6%
2012-05-26 10:34:06, 1168 of 2090, 55.9%
2012-05-26 10:34:09, 1125 of 2090, 53.8%
2012-05-26 10:34:09, 1186 of 2090, 56.7%
2012-05-26 10:34:10, 1111 of 2090, 53.2%
2012-05-26 10:34:11, 1172 of 2090, 56.1%
2012-05-26 10:34:14, 1129 of 2090, 54%
2012-05-26 10:34:15, 1190 of 2090, 56.9%
2012-05-26 10:34:15, 1115 of 2090, 53.3%
2012-05-26 10:34:17, 1176 of 2090, 56.3%
2012-05-26 10:34:20, 1133 of 2090, 54.2%
2012-05-26 10:34:20, 1194 of 2090, 57.1%
2012-05-26 10:34:21, 1119 of 2090, 53.5%
2012-05-26 10:34:22, 1180 of 2090, 56.5%
2012-05-26 10:34:25, 1198 of 2090, 57.3%
2012-05-26 10:34:25, 1137 of 2090, 54.4%
2012-05-26 10:34:26, 1123 of 2090, 53.7%
2012-05-26 10:34:28, 1184 of 2090, 56.7%
2012-05-26 10:34:31, 1202 of 2090, 57.5%
2012-05-26 10:34:31, 1127 of 2090, 53.9%
2012-05-26 10:34:32, 1141 of 2090, 54.6%
2012-05-26 10:34:34, 1188 of 2090, 56.8%
2012-05-26 10:34:36, 1206 of 2090, 57.7%
2012-05-26 10:34:37, 1131 of 2090, 54.1%
2012-05-26 10:34:37, 1145 of 2090, 54.8%
2012-05-26 10:34:39, 1192 of 2090, 57%
2012-05-26 10:34:42, 1210 of 2090, 57.9%
2012-05-26 10:34:42, 1135 of 2090, 54.3%
2012-05-26 10:34:43, 1149 of 2090, 55%
2012-05-26 10:34:45, 1196 of 2090, 57.2%
2012-05-26 10:34:47, 1214 of 2090, 58.1%
2012-05-26 10:34:48, 1139 of 2090, 54.5%
2012-05-26 10:34:48, 1153 of 2090, 55.2%
2012-05-26 10:34:50, 1200 of 2090, 57.4%
2012-05-26 10:34:52, 1218 of 2090, 58.3%
2012-05-26 10:34:54, 1143 of 2090, 54.7%
2012-05-26 10:34:54, 1157 of 2090, 55.4%
2012-05-26 10:34:56, 1204 of 2090, 57.6%
2012-05-26 10:34:58, 1222 of 2090, 58.5%
2012-05-26 10:34:59, 1147 of 2090, 54.9%
2012-05-26 10:35:00, 1161 of 2090, 55.6%
2012-05-26 10:35:01, 1208 of 2090, 57.8%
2012-05-26 10:35:03, 1226 of 2090, 58.7%
2012-05-26 10:35:04, 1151 of 2090, 55.1%
2012-05-26 10:35:05, 1165 of 2090, 55.7%
2012-05-26 10:35:06, 1212 of 2090, 58%
2012-05-26 10:35:09, 1230 of 2090, 58.9%
2012-05-26 10:35:10, 1155 of 2090, 55.3%
2012-05-26 10:35:11, 1169 of 2090, 55.9%
2012-05-26 10:35:12, 1216 of 2090, 58.2%
2012-05-26 10:35:14, 1234 of 2090, 59%
2012-05-26 10:35:15, 1159 of 2090, 55.5%
2012-05-26 10:35:17, 1173 of 2090, 56.1%
2012-05-26 10:35:17, 1220 of 2090, 58.4%
2012-05-26 10:35:20, 1238 of 2090, 59.2%
2012-05-26 10:35:21, 1163 of 2090, 55.6%
2012-05-26 10:35:23, 1224 of 2090, 58.6%
2012-05-26 10:35:23, 1177 of 2090, 56.3%
2012-05-26 10:35:25, 1242 of 2090, 59.4%
2012-05-26 10:35:26, 1167 of 2090, 55.8%
2012-05-26 10:35:28, 1228 of 2090, 58.8%
2012-05-26 10:35:29, 1181 of 2090, 56.5%
2012-05-26 10:35:31, 1246 of 2090, 59.6%
2012-05-26 10:35:31, 1171 of 2090, 56%
2012-05-26 10:35:33, 1232 of 2090, 58.9%
2012-05-26 10:35:34, 1185 of 2090, 56.7%
2012-05-26 10:35:36, 1250 of 2090, 59.8%
2012-05-26 10:35:37, 1175 of 2090, 56.2%
2012-05-26 10:35:39, 1236 of 2090, 59.1%
2012-05-26 10:35:40, 1189 of 2090, 56.9%
2012-05-26 10:35:41, 1254 of 2090, 60%
2012-05-26 10:35:43, 1179 of 2090, 56.4%
2012-05-26 10:35:44, 1240 of 2090, 59.3%
2012-05-26 10:35:45, 1193 of 2090, 57.1%
2012-05-26 10:35:47, 1258 of 2090, 60.2%
2012-05-26 10:35:49, 1183 of 2090, 56.6%
2012-05-26 10:35:50, 1244 of 2090, 59.5%
2012-05-26 10:35:51, 1197 of 2090, 57.3%
2012-05-26 10:35:52, 1262 of 2090, 60.4%
2012-05-26 10:35:55, 1187 of 2090, 56.8%
2012-05-26 10:35:55, 1248 of 2090, 59.7%
2012-05-26 10:35:56, 1201 of 2090, 57.5%
2012-05-26 10:35:58, 1266 of 2090, 60.6%
2012-05-26 10:36:00, 1191 of 2090, 57%
2012-05-26 10:36:01, 1252 of 2090, 59.9%
2012-05-26 10:36:02, 1205 of 2090, 57.7%
2012-05-26 10:36:03, 1270 of 2090, 60.8%
2012-05-26 10:36:05, 1195 of 2090, 57.2%
2012-05-26 10:36:06, 1256 of 2090, 60.1%
2012-05-26 10:36:08, 1209 of 2090, 57.8%
2012-05-26 10:36:08, 1274 of 2090, 61%
2012-05-26 10:36:11, 1199 of 2090, 57.4%
2012-05-26 10:36:12, 1260 of 2090, 60.3%
2012-05-26 10:36:14, 1278 of 2090, 61.1%
2012-05-26 10:36:14, 1213 of 2090, 58%
2012-05-26 10:36:16, 1203 of 2090, 57.6%
2012-05-26 10:36:17, 1264 of 2090, 60.5%
2012-05-26 10:36:19, 1282 of 2090, 61.3%
2012-05-26 10:36:20, 1217 of 2090, 58.2%
2012-05-26 10:36:22, 1207 of 2090, 57.8%
2012-05-26 10:36:23, 1268 of 2090, 60.7%
2012-05-26 10:36:25, 1286 of 2090, 61.5%
2012-05-26 10:36:26, 1221 of 2090, 58.4%
2012-05-26 10:36:27, 1211 of 2090, 57.9%
2012-05-26 10:36:28, 1272 of 2090, 60.9%
2012-05-26 10:36:30, 1290 of 2090, 61.7%
2012-05-26 10:36:32, 1225 of 2090, 58.6%
2012-05-26 10:36:32, 1215 of 2090, 58.1%
2012-05-26 10:36:33, 1276 of 2090, 61.1%
2012-05-26 10:36:35, 1294 of 2090, 61.9%
2012-05-26 10:36:38, 1219 of 2090, 58.3%
2012-05-26 10:36:38, 1229 of 2090, 58.8%
2012-05-26 10:36:39, 1280 of 2090, 61.2%
2012-05-26 10:36:41, 1298 of 2090, 62.1%
2012-05-26 10:36:43, 1223 of 2090, 58.5%
2012-05-26 10:36:43, 1233 of 2090, 59%
2012-05-26 10:36:44, 1284 of 2090, 61.4%
2012-05-26 10:36:47, 1302 of 2090, 62.3%
2012-05-26 10:36:48, 1227 of 2090, 58.7%
2012-05-26 10:36:49, 1237 of 2090, 59.2%
2012-05-26 10:36:50, 1288 of 2090, 61.6%
2012-05-26 10:36:52, 1306 of 2090, 62.5%
2012-05-26 10:36:53, 1231 of 2090, 58.9%
2012-05-26 10:36:55, 1241 of 2090, 59.4%
2012-05-26 10:36:55, 1292 of 2090, 61.8%
2012-05-26 10:36:58, 1310 of 2090, 62.7%
2012-05-26 10:36:59, 1235 of 2090, 59.1%
2012-05-26 10:37:00, 1245 of 2090, 59.6%
2012-05-26 10:37:01, 1296 of 2090, 62%
2012-05-26 10:37:03, 1314 of 2090, 62.9%
2012-05-26 10:37:04, 1239 of 2090, 59.3%
2012-05-26 10:37:06, 1249 of 2090, 59.8%
2012-05-26 10:37:06, 1300 of 2090, 62.2%
2012-05-26 10:37:09, 1318 of 2090, 63.1%
2012-05-26 10:37:10, 1243 of 2090, 59.5%
2012-05-26 10:37:12, 1304 of 2090, 62.4%
2012-05-26 10:37:12, 1253 of 2090, 60%
2012-05-26 10:37:14, 1322 of 2090, 63.3%
2012-05-26 10:37:15, 1247 of 2090, 59.7%
2012-05-26 10:37:17, 1308 of 2090, 62.6%
2012-05-26 10:37:18, 1257 of 2090, 60.1%
2012-05-26 10:37:20, 1326 of 2090, 63.4%
2012-05-26 10:37:21, 1251 of 2090, 59.9%
2012-05-26 10:37:22, 1312 of 2090, 62.8%
2012-05-26 10:37:24, 1261 of 2090, 60.3%
2012-05-26 10:37:25, 1330 of 2090, 63.6%
2012-05-26 10:37:26, 1255 of 2090, 60%
2012-05-26 10:37:28, 1316 of 2090, 63%
2012-05-26 10:37:30, 1265 of 2090, 60.5%
2012-05-26 10:37:31, 1334 of 2090, 63.8%
2012-05-26 10:37:31, 1259 of 2090, 60.2%
2012-05-26 10:37:33, 1320 of 2090, 63.2%
2012-05-26 10:37:36, 1269 of 2090, 60.7%
2012-05-26 10:37:36, 1338 of 2090, 64%
2012-05-26 10:37:37, 1263 of 2090, 60.4%
2012-05-26 10:37:39, 1324 of 2090, 63.3%
2012-05-26 10:37:42, 1342 of 2090, 64.2%
2012-05-26 10:37:42, 1267 of 2090, 60.6%
2012-05-26 10:37:42, 1273 of 2090, 60.9%
2012-05-26 10:37:44, 1328 of 2090, 63.5%
2012-05-26 10:37:47, 1346 of 2090, 64.4%
2012-05-26 10:37:47, 1271 of 2090, 60.8%
2012-05-26 10:37:48, 1277 of 2090, 61.1%
2012-05-26 10:37:50, 1332 of 2090, 63.7%
2012-05-26 10:37:52, 1350 of 2090, 64.6%
2012-05-26 10:37:52, 1275 of 2090, 61%
2012-05-26 10:37:54, 1281 of 2090, 61.3%
2012-05-26 10:37:55, 1336 of 2090, 63.9%
2012-05-26 10:37:58, 1279 of 2090, 61.2%
2012-05-26 10:37:58, 1354 of 2090, 64.8%
2012-05-26 10:38:00, 1285 of 2090, 61.5%
2012-05-26 10:38:01, 1340 of 2090, 64.1%
2012-05-26 10:38:03, 1358 of 2090, 65%
2012-05-26 10:38:03, 1283 of 2090, 61.4%
2012-05-26 10:38:05, 1289 of 2090, 61.7%
2012-05-26 10:38:06, 1344 of 2090, 64.3%
2012-05-26 10:38:09, 1362 of 2090, 65.2%
2012-05-26 10:38:09, 1287 of 2090, 61.6%
2012-05-26 10:38:10, 1293 of 2090, 61.9%
2012-05-26 10:38:12, 1348 of 2090, 64.5%
2012-05-26 10:38:14, 1366 of 2090, 65.4%
2012-05-26 10:38:15, 1291 of 2090, 61.8%
2012-05-26 10:38:16, 1297 of 2090, 62.1%
2012-05-26 10:38:17, 1352 of 2090, 64.7%
2012-05-26 10:38:20, 1370 of 2090, 65.6%
2012-05-26 10:38:21, 1295 of 2090, 62%
2012-05-26 10:38:21, 1301 of 2090, 62.2%
2012-05-26 10:38:23, 1356 of 2090, 64.9%
2012-05-26 10:38:25, 1374 of 2090, 65.7%
2012-05-26 10:38:26, 1299 of 2090, 62.2%
2012-05-26 10:38:27, 1305 of 2090, 62.4%
2012-05-26 10:38:28, 1360 of 2090, 65.1%
2012-05-26 10:38:30, 1378 of 2090, 65.9%
2012-05-26 10:38:32, 1303 of 2090, 62.3%
2012-05-26 10:38:33, 1309 of 2090, 62.6%
2012-05-26 10:38:33, 1364 of 2090, 65.3%
2012-05-26 10:38:36, 1382 of 2090, 66.1%
2012-05-26 10:38:38, 1307 of 2090, 62.5%
2012-05-26 10:38:38, 1313 of 2090, 62.8%
2012-05-26 10:38:39, 1368 of 2090, 65.5%
2012-05-26 10:38:41, 1386 of 2090, 66.3%
2012-05-26 10:38:44, 1311 of 2090, 62.7%
2012-05-26 10:38:44, 1317 of 2090, 63%
2012-05-26 10:38:44, 1372 of 2090, 65.6%
2012-05-26 10:38:47, 1390 of 2090, 66.5%
2012-05-26 10:38:49, 1315 of 2090, 62.9%
2012-05-26 10:38:49, 1376 of 2090, 65.8%
2012-05-26 10:38:50, 1321 of 2090, 63.2%
2012-05-26 10:38:52, 1394 of 2090, 66.7%
2012-05-26 10:38:54, 1319 of 2090, 63.1%
2012-05-26 10:38:55, 1380 of 2090, 66%
2012-05-26 10:38:56, 1325 of 2090, 63.4%
2012-05-26 10:38:57, 1398 of 2090, 66.9%
2012-05-26 10:39:00, 1323 of 2090, 63.3%
2012-05-26 10:39:00, 1384 of 2090, 66.2%
2012-05-26 10:39:01, 1329 of 2090, 63.6%
2012-05-26 10:39:03, 1402 of 2090, 67.1%
2012-05-26 10:39:06, 1388 of 2090, 66.4%
2012-05-26 10:39:06, 1333 of 2090, 63.8%
2012-05-26 10:39:06, 1327 of 2090, 63.5%
2012-05-26 10:39:08, 1406 of 2090, 67.3%
2012-05-26 10:39:11, 1392 of 2090, 66.6%
2012-05-26 10:39:12, 1331 of 2090, 63.7%
2012-05-26 10:39:12, 1337 of 2090, 64%
2012-05-26 10:39:14, 1410 of 2090, 67.5%
2012-05-26 10:39:17, 1396 of 2090, 66.8%
2012-05-26 10:39:17, 1335 of 2090, 63.9%
2012-05-26 10:39:18, 1341 of 2090, 64.2%
2012-05-26 10:39:19, 1414 of 2090, 67.7%
2012-05-26 10:39:22, 1400 of 2090, 67%
2012-05-26 10:39:22, 1339 of 2090, 64.1%
2012-05-26 10:39:24, 1345 of 2090, 64.4%
2012-05-26 10:39:24, 1418 of 2090, 67.8%
2012-05-26 10:39:27, 1404 of 2090, 67.2%
2012-05-26 10:39:28, 1343 of 2090, 64.3%
2012-05-26 10:39:30, 1349 of 2090, 64.5%
2012-05-26 10:39:30, 1422 of 2090, 68%
2012-05-26 10:39:33, 1408 of 2090, 67.4%
2012-05-26 10:39:33, 1347 of 2090, 64.4%
2012-05-26 10:39:35, 1426 of 2090, 68.2%
2012-05-26 10:39:36, 1353 of 2090, 64.7%
2012-05-26 10:39:38, 1412 of 2090, 67.6%
2012-05-26 10:39:39, 1351 of 2090, 64.6%
2012-05-26 10:39:41, 1430 of 2090, 68.4%
2012-05-26 10:39:42, 1357 of 2090, 64.9%
2012-05-26 10:39:44, 1416 of 2090, 67.8%
2012-05-26 10:39:44, 1355 of 2090, 64.8%
2012-05-26 10:39:46, 1434 of 2090, 68.6%
2012-05-26 10:39:48, 1361 of 2090, 65.1%
2012-05-26 10:39:49, 1420 of 2090, 67.9%
2012-05-26 10:39:50, 1359 of 2090, 65%
2012-05-26 10:39:51, 1438 of 2090, 68.8%
2012-05-26 10:39:54, 1365 of 2090, 65.3%
2012-05-26 10:39:54, 1424 of 2090, 68.1%
2012-05-26 10:39:55, 1363 of 2090, 65.2%
2012-05-26 10:39:57, 1442 of 2090, 69%
2012-05-26 10:40:00, 1428 of 2090, 68.3%
2012-05-26 10:40:00, 1369 of 2090, 65.5%
2012-05-26 10:40:01, 1367 of 2090, 65.4%
2012-05-26 10:40:02, 1446 of 2090, 69.2%
2012-05-26 10:40:05, 1432 of 2090, 68.5%
2012-05-26 10:40:05, 1373 of 2090, 65.7%
2012-05-26 10:40:06, 1371 of 2090, 65.6%
2012-05-26 10:40:07, 1450 of 2090, 69.4%
2012-05-26 10:40:10, 1436 of 2090, 68.7%
2012-05-26 10:40:11, 1377 of 2090, 65.9%
2012-05-26 10:40:12, 1375 of 2090, 65.8%
2012-05-26 10:40:13, 1454 of 2090, 69.6%
2012-05-26 10:40:16, 1440 of 2090, 68.9%
2012-05-26 10:40:17, 1381 of 2090, 66.1%
2012-05-26 10:40:17, 1379 of 2090, 66%
2012-05-26 10:40:18, 1458 of 2090, 69.8%
2012-05-26 10:40:21, 1444 of 2090, 69.1%
2012-05-26 10:40:22, 1385 of 2090, 66.3%
2012-05-26 10:40:23, 1383 of 2090, 66.2%
2012-05-26 10:40:24, 1462 of 2090, 70%
2012-05-26 10:40:27, 1448 of 2090, 69.3%
2012-05-26 10:40:28, 1389 of 2090, 66.5%
2012-05-26 10:40:29, 1387 of 2090, 66.4%
2012-05-26 10:40:29, 1466 of 2090, 70.1%
2012-05-26 10:40:32, 1452 of 2090, 69.5%
2012-05-26 10:40:33, 1393 of 2090, 66.7%
2012-05-26 10:40:35, 1391 of 2090, 66.6%
2012-05-26 10:40:35, 1470 of 2090, 70.3%
2012-05-26 10:40:37, 1456 of 2090, 69.7%
2012-05-26 10:40:39, 1397 of 2090, 66.8%
2012-05-26 10:40:40, 1474 of 2090, 70.5%
2012-05-26 10:40:40, 1395 of 2090, 66.7%
2012-05-26 10:40:43, 1460 of 2090, 69.9%
2012-05-26 10:40:44, 1401 of 2090, 67%
2012-05-26 10:40:46, 1478 of 2090, 70.7%
2012-05-26 10:40:46, 1399 of 2090, 66.9%
2012-05-26 10:40:48, 1464 of 2090, 70%
2012-05-26 10:40:50, 1405 of 2090, 67.2%
2012-05-26 10:40:51, 1482 of 2090, 70.9%
2012-05-26 10:40:52, 1403 of 2090, 67.1%
2012-05-26 10:40:54, 1468 of 2090, 70.2%
2012-05-26 10:40:56, 1409 of 2090, 67.4%
2012-05-26 10:40:57, 1486 of 2090, 71.1%
2012-05-26 10:40:57, 1407 of 2090, 67.3%
2012-05-26 10:41:00, 1472 of 2090, 70.4%
2012-05-26 10:41:02, 1413 of 2090, 67.6%
2012-05-26 10:41:03, 1411 of 2090, 67.5%
2012-05-26 10:41:06, 1490 of 2090, 71.3%
2012-05-26 10:41:07, 1476 of 2090, 70.6%
2012-05-26 10:41:08, 1417 of 2090, 67.8%
2012-05-26 10:41:11, 1494 of 2090, 71.5%
2012-05-26 10:41:11, 1415 of 2090, 67.7%
2012-05-26 10:41:12, 1480 of 2090, 70.8%
2012-05-26 10:41:16, 1421 of 2090, 68%
2012-05-26 10:41:17, 1498 of 2090, 71.7%
2012-05-26 10:41:18, 1484 of 2090, 71%
2012-05-26 10:41:22, 1502 of 2090, 71.9%
2012-05-26 10:41:24, 1488 of 2090, 71.2%
2012-05-26 10:41:24, 1419 of 2090, 67.9%
2012-05-26 10:41:25, 1425 of 2090, 68.2%
2012-05-26 10:41:28, 1506 of 2090, 72.1%
2012-05-26 10:41:30, 1492 of 2090, 71.4%
2012-05-26 10:41:32, 1423 of 2090, 68.1%
2012-05-26 10:41:33, 1510 of 2090, 72.2%
2012-05-26 10:41:36, 1496 of 2090, 71.6%
2012-05-26 10:41:38, 1427 of 2090, 68.3%
2012-05-26 10:41:39, 1514 of 2090, 72.4%
2012-05-26 10:41:39, 1429 of 2090, 68.4%
2012-05-26 10:41:41, 1500 of 2090, 71.8%
2012-05-26 10:41:44, 1518 of 2090, 72.6%
2012-05-26 10:41:44, 1431 of 2090, 68.5%
2012-05-26 10:41:47, 1504 of 2090, 72%
2012-05-26 10:41:50, 1522 of 2090, 72.8%
2012-05-26 10:41:50, 1435 of 2090, 68.7%
2012-05-26 10:41:53, 1508 of 2090, 72.2%
2012-05-26 10:41:55, 1526 of 2090, 73%
2012-05-26 10:41:56, 1439 of 2090, 68.9%
2012-05-26 10:41:59, 1512 of 2090, 72.3%
2012-05-26 10:42:01, 1433 of 2090, 68.6%
2012-05-26 10:42:01, 1530 of 2090, 73.2%
2012-05-26 10:42:04, 1516 of 2090, 72.5%
2012-05-26 10:42:05, 1443 of 2090, 69%
2012-05-26 10:42:06, 1534 of 2090, 73.4%
2012-05-26 10:42:08, 1437 of 2090, 68.8%
2012-05-26 10:42:10, 1520 of 2090, 72.7%
2012-05-26 10:42:12, 1538 of 2090, 73.6%
2012-05-26 10:42:14, 1447 of 2090, 69.2%
2012-05-26 10:42:15, 1524 of 2090, 72.9%
2012-05-26 10:42:17, 1441 of 2090, 68.9%
2012-05-26 10:42:17, 1542 of 2090, 73.8%
2012-05-26 10:42:20, 1451 of 2090, 69.4%
2012-05-26 10:42:21, 1528 of 2090, 73.1%
2012-05-26 10:42:23, 1546 of 2090, 74%
2012-05-26 10:42:23, 1445 of 2090, 69.1%
2012-05-26 10:42:26, 1455 of 2090, 69.6%
2012-05-26 10:42:26, 1532 of 2090, 73.3%
2012-05-26 10:42:28, 1550 of 2090, 74.2%
2012-05-26 10:42:29, 1449 of 2090, 69.3%
2012-05-26 10:42:32, 1459 of 2090, 69.8%
2012-05-26 10:42:32, 1536 of 2090, 73.5%
2012-05-26 10:42:34, 1554 of 2090, 74.4%
2012-05-26 10:42:34, 1453 of 2090, 69.5%
2012-05-26 10:42:37, 1463 of 2090, 70%
2012-05-26 10:42:37, 1540 of 2090, 73.7%
2012-05-26 10:42:39, 1558 of 2090, 74.5%
2012-05-26 10:42:40, 1457 of 2090, 69.7%
2012-05-26 10:42:43, 1544 of 2090, 73.9%
2012-05-26 10:42:43, 1467 of 2090, 70.2%
2012-05-26 10:42:44, 1562 of 2090, 74.7%
2012-05-26 10:42:46, 1461 of 2090, 69.9%
2012-05-26 10:42:48, 1548 of 2090, 74.1%
2012-05-26 10:42:49, 1471 of 2090, 70.4%
2012-05-26 10:42:50, 1566 of 2090, 74.9%
2012-05-26 10:42:52, 1465 of 2090, 70.1%
2012-05-26 10:42:54, 1552 of 2090, 74.3%
2012-05-26 10:42:54, 1475 of 2090, 70.6%
2012-05-26 10:42:55, 1570 of 2090, 75.1%
2012-05-26 10:42:57, 1469 of 2090, 70.3%
2012-05-26 10:43:00, 1556 of 2090, 74.4%
2012-05-26 10:43:00, 1479 of 2090, 70.8%
2012-05-26 10:43:01, 1574 of 2090, 75.3%
2012-05-26 10:43:03, 1473 of 2090, 70.5%
2012-05-26 10:43:05, 1560 of 2090, 74.6%
2012-05-26 10:43:06, 1578 of 2090, 75.5%
2012-05-26 10:43:06, 1483 of 2090, 71%
2012-05-26 10:43:09, 1477 of 2090, 70.7%
2012-05-26 10:43:10, 1564 of 2090, 74.8%
2012-05-26 10:43:11, 1582 of 2090, 75.7%
2012-05-26 10:43:12, 1487 of 2090, 71.1%
2012-05-26 10:43:14, 1481 of 2090, 70.9%
2012-05-26 10:43:15, 1568 of 2090, 75%
2012-05-26 10:43:16, 1586 of 2090, 75.9%
2012-05-26 10:43:18, 1491 of 2090, 71.3%
2012-05-26 10:43:20, 1485 of 2090, 71.1%
2012-05-26 10:43:21, 1572 of 2090, 75.2%
2012-05-26 10:43:22, 1590 of 2090, 76.1%
2012-05-26 10:43:24, 1495 of 2090, 71.5%
2012-05-26 10:43:25, 1489 of 2090, 71.2%
2012-05-26 10:43:26, 1576 of 2090, 75.4%
2012-05-26 10:43:27, 1594 of 2090, 76.3%
2012-05-26 10:43:30, 1499 of 2090, 71.7%
2012-05-26 10:43:31, 1493 of 2090, 71.4%
2012-05-26 10:43:31, 1580 of 2090, 75.6%
2012-05-26 10:43:33, 1598 of 2090, 76.5%
2012-05-26 10:43:35, 1503 of 2090, 71.9%
2012-05-26 10:43:36, 1497 of 2090, 71.6%
2012-05-26 10:43:37, 1584 of 2090, 75.8%
2012-05-26 10:43:39, 1602 of 2090, 76.7%
2012-05-26 10:43:41, 1507 of 2090, 72.1%
2012-05-26 10:43:42, 1501 of 2090, 71.8%
2012-05-26 10:43:42, 1588 of 2090, 76%
2012-05-26 10:43:44, 1606 of 2090, 76.8%
2012-05-26 10:43:46, 1511 of 2090, 72.3%
2012-05-26 10:43:47, 1592 of 2090, 76.2%
2012-05-26 10:43:48, 1505 of 2090, 72%
2012-05-26 10:43:50, 1610 of 2090, 77%
2012-05-26 10:43:52, 1515 of 2090, 72.5%
2012-05-26 10:43:53, 1596 of 2090, 76.4%
2012-05-26 10:43:54, 1509 of 2090, 72.2%
2012-05-26 10:43:55, 1614 of 2090, 77.2%
2012-05-26 10:43:57, 1519 of 2090, 72.7%
2012-05-26 10:43:58, 1600 of 2090, 76.6%
2012-05-26 10:44:00, 1513 of 2090, 72.4%
2012-05-26 10:44:00, 1618 of 2090, 77.4%
2012-05-26 10:44:03, 1523 of 2090, 72.9%
2012-05-26 10:44:04, 1604 of 2090, 76.7%
2012-05-26 10:44:06, 1622 of 2090, 77.6%
2012-05-26 10:44:06, 1517 of 2090, 72.6%
2012-05-26 10:44:08, 1527 of 2090, 73.1%
2012-05-26 10:44:09, 1608 of 2090, 76.9%
2012-05-26 10:44:11, 1626 of 2090, 77.8%
2012-05-26 10:44:12, 1521 of 2090, 72.8%
2012-05-26 10:44:13, 1531 of 2090, 73.3%
2012-05-26 10:44:15, 1612 of 2090, 77.1%
2012-05-26 10:44:16, 1630 of 2090, 78%
2012-05-26 10:44:18, 1525 of 2090, 73%
2012-05-26 10:44:19, 1535 of 2090, 73.4%
2012-05-26 10:44:20, 1616 of 2090, 77.3%
2012-05-26 10:44:22, 1634 of 2090, 78.2%
2012-05-26 10:44:23, 1529 of 2090, 73.2%
2012-05-26 10:44:24, 1539 of 2090, 73.6%
2012-05-26 10:44:26, 1620 of 2090, 77.5%
2012-05-26 10:44:27, 1638 of 2090, 78.4%
2012-05-26 10:44:29, 1533 of 2090, 73.3%
2012-05-26 10:44:29, 1543 of 2090, 73.8%
2012-05-26 10:44:31, 1624 of 2090, 77.7%
2012-05-26 10:44:32, 1642 of 2090, 78.6%
2012-05-26 10:44:35, 1547 of 2090, 74%
2012-05-26 10:44:35, 1537 of 2090, 73.5%
2012-05-26 10:44:37, 1628 of 2090, 77.9%
2012-05-26 10:44:38, 1646 of 2090, 78.8%
2012-05-26 10:44:40, 1551 of 2090, 74.2%
2012-05-26 10:44:41, 1541 of 2090, 73.7%
2012-05-26 10:44:42, 1632 of 2090, 78.1%
2012-05-26 10:44:43, 1650 of 2090, 78.9%
2012-05-26 10:44:46, 1555 of 2090, 74.4%
2012-05-26 10:44:47, 1545 of 2090, 73.9%
2012-05-26 10:44:48, 1636 of 2090, 78.3%
2012-05-26 10:44:48, 1654 of 2090, 79.1%
2012-05-26 10:44:51, 1559 of 2090, 74.6%
2012-05-26 10:44:53, 1549 of 2090, 74.1%
2012-05-26 10:44:53, 1640 of 2090, 78.5%
2012-05-26 10:44:54, 1658 of 2090, 79.3%
2012-05-26 10:44:56, 1563 of 2090, 74.8%
2012-05-26 10:44:58, 1644 of 2090, 78.7%
2012-05-26 10:44:59, 1553 of 2090, 74.3%
2012-05-26 10:44:59, 1662 of 2090, 79.5%
2012-05-26 10:45:02, 1567 of 2090, 75%
2012-05-26 10:45:04, 1648 of 2090, 78.9%
2012-05-26 10:45:04, 1666 of 2090, 79.7%
2012-05-26 10:45:05, 1557 of 2090, 74.5%
2012-05-26 10:45:07, 1571 of 2090, 75.2%
2012-05-26 10:45:09, 1652 of 2090, 79%
2012-05-26 10:45:10, 1670 of 2090, 79.9%
2012-05-26 10:45:10, 1561 of 2090, 74.7%
2012-05-26 10:45:13, 1575 of 2090, 75.4%
2012-05-26 10:45:14, 1656 of 2090, 79.2%
2012-05-26 10:45:15, 1674 of 2090, 80.1%
2012-05-26 10:45:16, 1565 of 2090, 74.9%
2012-05-26 10:45:19, 1579 of 2090, 75.6%
2012-05-26 10:45:20, 1660 of 2090, 79.4%
2012-05-26 10:45:20, 1678 of 2090, 80.3%
2012-05-26 10:45:21, 1569 of 2090, 75.1%
2012-05-26 10:45:25, 1664 of 2090, 79.6%
2012-05-26 10:45:25, 1583 of 2090, 75.7%
2012-05-26 10:45:26, 1682 of 2090, 80.5%
2012-05-26 10:45:27, 1573 of 2090, 75.3%
2012-05-26 10:45:30, 1668 of 2090, 79.8%
2012-05-26 10:45:31, 1686 of 2090, 80.7%
2012-05-26 10:45:31, 1587 of 2090, 75.9%
2012-05-26 10:45:32, 1577 of 2090, 75.5%
2012-05-26 10:45:36, 1672 of 2090, 80%
2012-05-26 10:45:36, 1690 of 2090, 80.9%
2012-05-26 10:45:37, 1581 of 2090, 75.6%
2012-05-26 10:45:37, 1591 of 2090, 76.1%
2012-05-26 10:45:41, 1676 of 2090, 80.2%
2012-05-26 10:45:41, 1694 of 2090, 81.1%
2012-05-26 10:45:43, 1585 of 2090, 75.8%
2012-05-26 10:45:43, 1595 of 2090, 76.3%
2012-05-26 10:45:46, 1680 of 2090, 80.4%
2012-05-26 10:45:47, 1698 of 2090, 81.2%
2012-05-26 10:45:48, 1589 of 2090, 76%
2012-05-26 10:45:49, 1599 of 2090, 76.5%
2012-05-26 10:45:52, 1684 of 2090, 80.6%
2012-05-26 10:45:52, 1702 of 2090, 81.4%
2012-05-26 10:45:53, 1593 of 2090, 76.2%
2012-05-26 10:45:55, 1603 of 2090, 76.7%
2012-05-26 10:45:57, 1688 of 2090, 80.8%
2012-05-26 10:45:58, 1706 of 2090, 81.6%
2012-05-26 10:45:59, 1597 of 2090, 76.4%
2012-05-26 10:46:01, 1607 of 2090, 76.9%
2012-05-26 10:46:02, 1692 of 2090, 81%
2012-05-26 10:46:03, 1710 of 2090, 81.8%
2012-05-26 10:46:04, 1601 of 2090, 76.6%
2012-05-26 10:46:07, 1611 of 2090, 77.1%
2012-05-26 10:46:08, 1696 of 2090, 81.1%
2012-05-26 10:46:08, 1714 of 2090, 82%
2012-05-26 10:46:10, 1605 of 2090, 76.8%
2012-05-26 10:46:13, 1700 of 2090, 81.3%
2012-05-26 10:46:13, 1615 of 2090, 77.3%
2012-05-26 10:46:13, 1718 of 2090, 82.2%
2012-05-26 10:46:15, 1609 of 2090, 77%
2012-05-26 10:46:18, 1704 of 2090, 81.5%
2012-05-26 10:46:19, 1722 of 2090, 82.4%
2012-05-26 10:46:19, 1619 of 2090, 77.5%
2012-05-26 10:46:21, 1613 of 2090, 77.2%
2012-05-26 10:46:24, 1708 of 2090, 81.7%
2012-05-26 10:46:24, 1726 of 2090, 82.6%
2012-05-26 10:46:25, 1623 of 2090, 77.7%
2012-05-26 10:46:26, 1617 of 2090, 77.4%
2012-05-26 10:46:29, 1712 of 2090, 81.9%
2012-05-26 10:46:29, 1730 of 2090, 82.8%
2012-05-26 10:46:31, 1627 of 2090, 77.8%
2012-05-26 10:46:31, 1621 of 2090, 77.6%
2012-05-26 10:46:34, 1716 of 2090, 82.1%
2012-05-26 10:46:35, 1734 of 2090, 83%
2012-05-26 10:46:37, 1625 of 2090, 77.8%
2012-05-26 10:46:37, 1631 of 2090, 78%
2012-05-26 10:46:39, 1720 of 2090, 82.3%
2012-05-26 10:46:40, 1738 of 2090, 83.2%
2012-05-26 10:46:42, 1629 of 2090, 77.9%
2012-05-26 10:46:43, 1635 of 2090, 78.2%
2012-05-26 10:46:45, 1724 of 2090, 82.5%
2012-05-26 10:46:45, 1742 of 2090, 83.3%
2012-05-26 10:46:47, 1633 of 2090, 78.1%
2012-05-26 10:46:49, 1639 of 2090, 78.4%
2012-05-26 10:46:50, 1728 of 2090, 82.7%
2012-05-26 10:46:51, 1746 of 2090, 83.5%
2012-05-26 10:46:53, 1637 of 2090, 78.3%
2012-05-26 10:46:55, 1643 of 2090, 78.6%
2012-05-26 10:46:55, 1732 of 2090, 82.9%
2012-05-26 10:46:56, 1750 of 2090, 83.7%
2012-05-26 10:46:58, 1641 of 2090, 78.5%
2012-05-26 10:47:01, 1736 of 2090, 83.1%
2012-05-26 10:47:01, 1647 of 2090, 78.8%
2012-05-26 10:47:01, 1754 of 2090, 83.9%
2012-05-26 10:47:04, 1645 of 2090, 78.7%
2012-05-26 10:47:06, 1740 of 2090, 83.3%
2012-05-26 10:47:07, 1758 of 2090, 84.1%
2012-05-26 10:47:07, 1651 of 2090, 79%
2012-05-26 10:47:09, 1649 of 2090, 78.9%
2012-05-26 10:47:11, 1744 of 2090, 83.4%
2012-05-26 10:47:12, 1762 of 2090, 84.3%
2012-05-26 10:47:13, 1655 of 2090, 79.2%
2012-05-26 10:47:14, 1653 of 2090, 79.1%
2012-05-26 10:47:17, 1748 of 2090, 83.6%
2012-05-26 10:47:17, 1766 of 2090, 84.5%
2012-05-26 10:47:19, 1659 of 2090, 79.4%
2012-05-26 10:47:20, 1657 of 2090, 79.3%
2012-05-26 10:47:22, 1752 of 2090, 83.8%
2012-05-26 10:47:23, 1770 of 2090, 84.7%
2012-05-26 10:47:25, 1661 of 2090, 79.5%
2012-05-26 10:47:25, 1663 of 2090, 79.6%
2012-05-26 10:47:27, 1756 of 2090, 84%
2012-05-26 10:47:28, 1774 of 2090, 84.9%
2012-05-26 10:47:30, 1665 of 2090, 79.7%
2012-05-26 10:47:31, 1667 of 2090, 79.8%
2012-05-26 10:47:33, 1760 of 2090, 84.2%
2012-05-26 10:47:34, 1778 of 2090, 85.1%
2012-05-26 10:47:36, 1669 of 2090, 79.9%
2012-05-26 10:47:37, 1671 of 2090, 80%
2012-05-26 10:47:38, 1764 of 2090, 84.4%
2012-05-26 10:47:39, 1782 of 2090, 85.3%
2012-05-26 10:47:41, 1673 of 2090, 80%
2012-05-26 10:47:43, 1675 of 2090, 80.1%
2012-05-26 10:47:43, 1768 of 2090, 84.6%
2012-05-26 10:47:45, 1786 of 2090, 85.5%
2012-05-26 10:47:46, 1677 of 2090, 80.2%
2012-05-26 10:47:48, 1679 of 2090, 80.3%
2012-05-26 10:47:49, 1772 of 2090, 84.8%
2012-05-26 10:47:50, 1790 of 2090, 85.6%
2012-05-26 10:47:52, 1681 of 2090, 80.4%
2012-05-26 10:47:54, 1776 of 2090, 85%
2012-05-26 10:47:55, 1683 of 2090, 80.5%
2012-05-26 10:47:56, 1794 of 2090, 85.8%
2012-05-26 10:47:57, 1685 of 2090, 80.6%
2012-05-26 10:47:59, 1780 of 2090, 85.2%
2012-05-26 10:48:00, 1687 of 2090, 80.7%
2012-05-26 10:48:01, 1798 of 2090, 86%
2012-05-26 10:48:03, 1689 of 2090, 80.8%
2012-05-26 10:48:05, 1784 of 2090, 85.4%
2012-05-26 10:48:06, 1802 of 2090, 86.2%
2012-05-26 10:48:07, 1691 of 2090, 80.9%
2012-05-26 10:48:08, 1693 of 2090, 81%
2012-05-26 10:48:10, 1788 of 2090, 85.6%
2012-05-26 10:48:12, 1806 of 2090, 86.4%
2012-05-26 10:48:13, 1695 of 2090, 81.1%
2012-05-26 10:48:14, 1697 of 2090, 81.2%
2012-05-26 10:48:16, 1792 of 2090, 85.7%
2012-05-26 10:48:17, 1810 of 2090, 86.6%
2012-05-26 10:48:18, 1699 of 2090, 81.3%
2012-05-26 10:48:19, 1701 of 2090, 81.4%
2012-05-26 10:48:21, 1796 of 2090, 85.9%
2012-05-26 10:48:22, 1814 of 2090, 86.8%
2012-05-26 10:48:24, 1703 of 2090, 81.5%
2012-05-26 10:48:24, 1705 of 2090, 81.6%
2012-05-26 10:48:26, 1800 of 2090, 86.1%
2012-05-26 10:48:28, 1818 of 2090, 87%
2012-05-26 10:48:30, 1709 of 2090, 81.8%
2012-05-26 10:48:30, 1707 of 2090, 81.7%
2012-05-26 10:48:32, 1804 of 2090, 86.3%
2012-05-26 10:48:33, 1822 of 2090, 87.2%
2012-05-26 10:48:36, 1713 of 2090, 82%
2012-05-26 10:48:36, 1711 of 2090, 81.9%
2012-05-26 10:48:37, 1808 of 2090, 86.5%
2012-05-26 10:48:39, 1826 of 2090, 87.4%
2012-05-26 10:48:41, 1717 of 2090, 82.2%
2012-05-26 10:48:41, 1715 of 2090, 82.1%
2012-05-26 10:48:42, 1812 of 2090, 86.7%
2012-05-26 10:48:45, 1830 of 2090, 87.6%
2012-05-26 10:48:46, 1721 of 2090, 82.3%
2012-05-26 10:48:47, 1719 of 2090, 82.2%
2012-05-26 10:48:47, 1816 of 2090, 86.9%
2012-05-26 10:48:51, 1834 of 2090, 87.8%
2012-05-26 10:48:52, 1725 of 2090, 82.5%
2012-05-26 10:48:52, 1723 of 2090, 82.4%
2012-05-26 10:48:53, 1820 of 2090, 87.1%
2012-05-26 10:48:56, 1838 of 2090, 87.9%
2012-05-26 10:48:58, 1729 of 2090, 82.7%
2012-05-26 10:48:58, 1727 of 2090, 82.6%
2012-05-26 10:48:58, 1824 of 2090, 87.3%
2012-05-26 10:49:02, 1842 of 2090, 88.1%
2012-05-26 10:49:03, 1731 of 2090, 82.8%
2012-05-26 10:49:03, 1828 of 2090, 87.5%
2012-05-26 10:49:04, 1733 of 2090, 82.9%
2012-05-26 10:49:07, 1846 of 2090, 88.3%
2012-05-26 10:49:09, 1735 of 2090, 83%
2012-05-26 10:49:09, 1832 of 2090, 87.7%
2012-05-26 10:49:09, 1737 of 2090, 83.1%
2012-05-26 10:49:12, 1850 of 2090, 88.5%
2012-05-26 10:49:14, 1836 of 2090, 87.8%
2012-05-26 10:49:15, 1739 of 2090, 83.2%
2012-05-26 10:49:15, 1741 of 2090, 83.3%
2012-05-26 10:49:18, 1854 of 2090, 88.7%
2012-05-26 10:49:19, 1840 of 2090, 88%
2012-05-26 10:49:20, 1745 of 2090, 83.5%
2012-05-26 10:49:21, 1743 of 2090, 83.4%
2012-05-26 10:49:23, 1858 of 2090, 88.9%
2012-05-26 10:49:25, 1844 of 2090, 88.2%
2012-05-26 10:49:25, 1749 of 2090, 83.7%
2012-05-26 10:49:26, 1747 of 2090, 83.6%
2012-05-26 10:49:29, 1862 of 2090, 89.1%
2012-05-26 10:49:31, 1848 of 2090, 88.4%
2012-05-26 10:49:31, 1753 of 2090, 83.9%
2012-05-26 10:49:32, 1751 of 2090, 83.8%
2012-05-26 10:49:34, 1866 of 2090, 89.3%
2012-05-26 10:49:36, 1852 of 2090, 88.6%
2012-05-26 10:49:36, 1757 of 2090, 84.1%
2012-05-26 10:49:38, 1755 of 2090, 84%
2012-05-26 10:49:40, 1870 of 2090, 89.5%
2012-05-26 10:49:41, 1856 of 2090, 88.8%
2012-05-26 10:49:42, 1761 of 2090, 84.3%
2012-05-26 10:49:44, 1759 of 2090, 84.2%
2012-05-26 10:49:45, 1874 of 2090, 89.7%
2012-05-26 10:49:47, 1860 of 2090, 89%
2012-05-26 10:49:47, 1765 of 2090, 84.4%
2012-05-26 10:49:50, 1763 of 2090, 84.4%
2012-05-26 10:49:51, 1878 of 2090, 89.9%
2012-05-26 10:49:52, 1864 of 2090, 89.2%
2012-05-26 10:49:53, 1769 of 2090, 84.6%
2012-05-26 10:49:55, 1767 of 2090, 84.5%
2012-05-26 10:49:56, 1882 of 2090, 90%
2012-05-26 10:49:57, 1868 of 2090, 89.4%
2012-05-26 10:49:59, 1773 of 2090, 84.8%
2012-05-26 10:50:01, 1771 of 2090, 84.7%
2012-05-26 10:50:01, 1886 of 2090, 90.2%
2012-05-26 10:50:03, 1872 of 2090, 89.6%
2012-05-26 10:50:05, 1777 of 2090, 85%
2012-05-26 10:50:06, 1775 of 2090, 84.9%
2012-05-26 10:50:07, 1890 of 2090, 90.4%
2012-05-26 10:50:08, 1876 of 2090, 89.8%
2012-05-26 10:50:11, 1781 of 2090, 85.2%
2012-05-26 10:50:12, 1779 of 2090, 85.1%
2012-05-26 10:50:12, 1894 of 2090, 90.6%
2012-05-26 10:50:14, 1880 of 2090, 90%
2012-05-26 10:50:17, 1785 of 2090, 85.4%
2012-05-26 10:50:17, 1783 of 2090, 85.3%
2012-05-26 10:50:17, 1898 of 2090, 90.8%
2012-05-26 10:50:19, 1884 of 2090, 90.1%
2012-05-26 10:50:22, 1789 of 2090, 85.6%
2012-05-26 10:50:23, 1902 of 2090, 91%
2012-05-26 10:50:23, 1787 of 2090, 85.5%
2012-05-26 10:50:24, 1888 of 2090, 90.3%
2012-05-26 10:50:27, 1793 of 2090, 85.8%
2012-05-26 10:50:28, 1906 of 2090, 91.2%
2012-05-26 10:50:29, 1791 of 2090, 85.7%
2012-05-26 10:50:29, 1892 of 2090, 90.5%
2012-05-26 10:50:33, 1797 of 2090, 86%
2012-05-26 10:50:33, 1910 of 2090, 91.4%
2012-05-26 10:50:35, 1896 of 2090, 90.7%
2012-05-26 10:50:35, 1795 of 2090, 85.9%
2012-05-26 10:50:38, 1801 of 2090, 86.2%
2012-05-26 10:50:39, 1914 of 2090, 91.6%
2012-05-26 10:50:40, 1900 of 2090, 90.9%
2012-05-26 10:50:41, 1799 of 2090, 86.1%
2012-05-26 10:50:44, 1805 of 2090, 86.4%
2012-05-26 10:50:45, 1918 of 2090, 91.8%
2012-05-26 10:50:46, 1904 of 2090, 91.1%
2012-05-26 10:50:47, 1803 of 2090, 86.3%
2012-05-26 10:50:49, 1809 of 2090, 86.6%
2012-05-26 10:50:50, 1922 of 2090, 92%
2012-05-26 10:50:51, 1908 of 2090, 91.3%
2012-05-26 10:50:53, 1807 of 2090, 86.5%
2012-05-26 10:50:54, 1813 of 2090, 86.7%
2012-05-26 10:50:55, 1926 of 2090, 92.2%
2012-05-26 10:50:56, 1912 of 2090, 91.5%
2012-05-26 10:50:59, 1811 of 2090, 86.7%
2012-05-26 10:51:00, 1817 of 2090, 86.9%
2012-05-26 10:51:00, 1930 of 2090, 92.3%
2012-05-26 10:51:02, 1916 of 2090, 91.7%
2012-05-26 10:51:05, 1821 of 2090, 87.1%
2012-05-26 10:51:05, 1815 of 2090, 86.8%
2012-05-26 10:51:06, 1934 of 2090, 92.5%
2012-05-26 10:51:07, 1920 of 2090, 91.9%
2012-05-26 10:51:11, 1825 of 2090, 87.3%
2012-05-26 10:51:11, 1819 of 2090, 87%
2012-05-26 10:51:11, 1938 of 2090, 92.7%
2012-05-26 10:51:12, 1924 of 2090, 92.1%
2012-05-26 10:51:16, 1829 of 2090, 87.5%
2012-05-26 10:51:17, 1942 of 2090, 92.9%
2012-05-26 10:51:17, 1823 of 2090, 87.2%
2012-05-26 10:51:18, 1928 of 2090, 92.2%
2012-05-26 10:51:21, 1833 of 2090, 87.7%
2012-05-26 10:51:22, 1946 of 2090, 93.1%
2012-05-26 10:51:23, 1827 of 2090, 87.4%
2012-05-26 10:51:23, 1932 of 2090, 92.4%
2012-05-26 10:51:27, 1837 of 2090, 87.9%
2012-05-26 10:51:28, 1950 of 2090, 93.3%
2012-05-26 10:51:28, 1936 of 2090, 92.6%
2012-05-26 10:51:29, 1831 of 2090, 87.6%
2012-05-26 10:51:32, 1841 of 2090, 88.1%
2012-05-26 10:51:33, 1954 of 2090, 93.5%
2012-05-26 10:51:34, 1940 of 2090, 92.8%
2012-05-26 10:51:35, 1835 of 2090, 87.8%
2012-05-26 10:51:38, 1845 of 2090, 88.3%
2012-05-26 10:51:38, 1958 of 2090, 93.7%
2012-05-26 10:51:39, 1944 of 2090, 93%
2012-05-26 10:51:41, 1839 of 2090, 88%
2012-05-26 10:51:43, 1849 of 2090, 88.5%
2012-05-26 10:51:44, 1962 of 2090, 93.9%
2012-05-26 10:51:44, 1948 of 2090, 93.2%
2012-05-26 10:51:47, 1843 of 2090, 88.2%
2012-05-26 10:51:48, 1853 of 2090, 88.7%
2012-05-26 10:51:49, 1966 of 2090, 94.1%
2012-05-26 10:51:49, 1952 of 2090, 93.4%
2012-05-26 10:51:53, 1847 of 2090, 88.4%
2012-05-26 10:51:54, 1857 of 2090, 88.9%
2012-05-26 10:51:55, 1956 of 2090, 93.6%
2012-05-26 10:51:55, 1970 of 2090, 94.3%
2012-05-26 10:51:59, 1851 of 2090, 88.6%
2012-05-26 10:51:59, 1861 of 2090, 89%
2012-05-26 10:52:00, 1960 of 2090, 93.8%
2012-05-26 10:52:00, 1974 of 2090, 94.4%
2012-05-26 10:52:04, 1865 of 2090, 89.2%
2012-05-26 10:52:05, 1855 of 2090, 88.8%
2012-05-26 10:52:05, 1964 of 2090, 94%
2012-05-26 10:52:05, 1978 of 2090, 94.6%
2012-05-26 10:52:09, 1869 of 2090, 89.4%
2012-05-26 10:52:10, 1968 of 2090, 94.2%
2012-05-26 10:52:10, 1859 of 2090, 88.9%
2012-05-26 10:52:10, 1982 of 2090, 94.8%
2012-05-26 10:52:15, 1873 of 2090, 89.6%
2012-05-26 10:52:15, 1863 of 2090, 89.1%
2012-05-26 10:52:15, 1972 of 2090, 94.4%
2012-05-26 10:52:16, 1986 of 2090, 95%
2012-05-26 10:52:20, 1976 of 2090, 94.5%
2012-05-26 10:52:21, 1877 of 2090, 89.8%
2012-05-26 10:52:21, 1990 of 2090, 95.2%
2012-05-26 10:52:21, 1867 of 2090, 89.3%
2012-05-26 10:52:26, 1980 of 2090, 94.7%
2012-05-26 10:52:26, 1881 of 2090, 90%
2012-05-26 10:52:26, 1994 of 2090, 95.4%
2012-05-26 10:52:27, 1871 of 2090, 89.5%
2012-05-26 10:52:31, 1984 of 2090, 94.9%
2012-05-26 10:52:31, 1885 of 2090, 90.2%
2012-05-26 10:52:32, 1998 of 2090, 95.6%
2012-05-26 10:52:33, 1875 of 2090, 89.7%
2012-05-26 10:52:36, 1988 of 2090, 95.1%
2012-05-26 10:52:36, 1889 of 2090, 90.4%
2012-05-26 10:52:37, 2002 of 2090, 95.8%
2012-05-26 10:52:38, 1879 of 2090, 89.9%
2012-05-26 10:52:41, 1992 of 2090, 95.3%
2012-05-26 10:52:42, 1893 of 2090, 90.6%
2012-05-26 10:52:43, 2006 of 2090, 96%
2012-05-26 10:52:44, 1883 of 2090, 90.1%
2012-05-26 10:52:47, 1996 of 2090, 95.5%
2012-05-26 10:52:47, 1897 of 2090, 90.8%
2012-05-26 10:52:48, 2010 of 2090, 96.2%
2012-05-26 10:52:50, 1887 of 2090, 90.3%
2012-05-26 10:52:52, 2000 of 2090, 95.7%
2012-05-26 10:52:52, 1901 of 2090, 91%
2012-05-26 10:52:53, 2014 of 2090, 96.4%
2012-05-26 10:52:55, 1891 of 2090, 90.5%
2012-05-26 10:52:58, 2004 of 2090, 95.9%
2012-05-26 10:52:58, 1905 of 2090, 91.1%
2012-05-26 10:52:59, 2018 of 2090, 96.6%
2012-05-26 10:53:01, 1895 of 2090, 90.7%
2012-05-26 10:53:03, 1909 of 2090, 91.3%
2012-05-26 10:53:03, 2008 of 2090, 96.1%
2012-05-26 10:53:04, 2022 of 2090, 96.7%
2012-05-26 10:53:07, 1899 of 2090, 90.9%
2012-05-26 10:53:08, 2012 of 2090, 96.3%
2012-05-26 10:53:08, 1913 of 2090, 91.5%
2012-05-26 10:53:09, 2026 of 2090, 96.9%
2012-05-26 10:53:12, 1903 of 2090, 91.1%
2012-05-26 10:53:14, 2016 of 2090, 96.5%
2012-05-26 10:53:14, 1917 of 2090, 91.7%
2012-05-26 10:53:14, 2030 of 2090, 97.1%
2012-05-26 10:53:18, 1907 of 2090, 91.2%
2012-05-26 10:53:19, 2020 of 2090, 96.7%
2012-05-26 10:53:20, 2034 of 2090, 97.3%
2012-05-26 10:53:20, 1921 of 2090, 91.9%
2012-05-26 10:53:23, 1911 of 2090, 91.4%
2012-05-26 10:53:24, 2024 of 2090, 96.8%
2012-05-26 10:53:25, 2038 of 2090, 97.5%
2012-05-26 10:53:26, 1925 of 2090, 92.1%
2012-05-26 10:53:28, 1915 of 2090, 91.6%
2012-05-26 10:53:29, 2028 of 2090, 97%
2012-05-26 10:53:30, 2042 of 2090, 97.7%
2012-05-26 10:53:32, 1929 of 2090, 92.3%
2012-05-26 10:53:34, 1919 of 2090, 91.8%
2012-05-26 10:53:35, 2032 of 2090, 97.2%
2012-05-26 10:53:35, 2046 of 2090, 97.9%
2012-05-26 10:53:37, 1933 of 2090, 92.5%
2012-05-26 10:53:40, 1923 of 2090, 92%
2012-05-26 10:53:40, 2036 of 2090, 97.4%
2012-05-26 10:53:41, 2050 of 2090, 98.1%
2012-05-26 10:53:43, 1937 of 2090, 92.7%
2012-05-26 10:53:45, 1927 of 2090, 92.2%
2012-05-26 10:53:45, 2040 of 2090, 97.6%
2012-05-26 10:53:46, 2054 of 2090, 98.3%
2012-05-26 10:53:49, 1941 of 2090, 92.9%
2012-05-26 10:53:50, 2044 of 2090, 97.8%
2012-05-26 10:53:50, 1931 of 2090, 92.4%
2012-05-26 10:53:51, 2058 of 2090, 98.5%
2012-05-26 10:53:54, 1945 of 2090, 93.1%
2012-05-26 10:53:56, 2048 of 2090, 98%
2012-05-26 10:53:56, 1935 of 2090, 92.6%
2012-05-26 10:53:56, 2062 of 2090, 98.7%
2012-05-26 10:54:00, 1949 of 2090, 93.3%
2012-05-26 10:54:01, 2052 of 2090, 98.2%
2012-05-26 10:54:01, 2066 of 2090, 98.9%
2012-05-26 10:54:02, 1939 of 2090, 92.8%
2012-05-26 10:54:06, 1953 of 2090, 93.4%
2012-05-26 10:54:06, 2056 of 2090, 98.4%
2012-05-26 10:54:06, 2070 of 2090, 99%
2012-05-26 10:54:07, 1943 of 2090, 93%
2012-05-26 10:54:11, 1957 of 2090, 93.6%
2012-05-26 10:54:11, 2060 of 2090, 98.6%
2012-05-26 10:54:12, 2074 of 2090, 99.2%
2012-05-26 10:54:13, 1947 of 2090, 93.2%
2012-05-26 10:54:16, 2064 of 2090, 98.8%
2012-05-26 10:54:17, 2078 of 2090, 99.4%
2012-05-26 10:54:17, 1961 of 2090, 93.8%
2012-05-26 10:54:18, 1951 of 2090, 93.3%
2012-05-26 10:54:22, 2068 of 2090, 98.9%
2012-05-26 10:54:22, 2082 of 2090, 99.6%
2012-05-26 10:54:23, 1965 of 2090, 94%
2012-05-26 10:54:23, 1955 of 2090, 93.5%
2012-05-26 10:54:27, 2072 of 2090, 99.1%
2012-05-26 10:54:27, 2086 of 2090, 99.8%
2012-05-26 10:54:29, 1969 of 2090, 94.2%
2012-05-26 10:54:29, 1959 of 2090, 93.7%
2012-05-26 10:54:32, 2076 of 2090, 99.3%
2012-05-26 10:54:32, 2090 of 2090, 100%
2012-05-26 10:54:34, 1973 of 2090, 94.4%
2012-05-26 10:54:35, 1963 of 2090, 93.9%
2012-05-26 10:54:37, 2080 of 2090, 99.5%
2012-05-26 10:54:39, 1967 of 2090, 94.1%
2012-05-26 10:54:40, 1977 of 2090, 94.6%
2012-05-26 10:54:42, 1971 of 2090, 94.3%
2012-05-26 10:54:43, 2084 of 2090, 99.7%
2012-05-26 10:54:45, 1981 of 2090, 94.8%
2012-05-26 10:54:46, 1975 of 2090, 94.5%
2012-05-26 10:54:48, 2088 of 2090, 99.9%
2012-05-26 10:54:49, 1979 of 2090, 94.7%
2012-05-26 10:54:50, 1985 of 2090, 95%
2012-05-26 10:54:53, 1983 of 2090, 94.9%
2012-05-26 10:54:55, 1989 of 2090, 95.2%
2012-05-26 10:54:56, 1987 of 2090, 95.1%
2012-05-26 10:54:58, 1993 of 2090, 95.4%
2012-05-26 10:54:59, 1991 of 2090, 95.3%
2012-05-26 10:55:01, 1997 of 2090, 95.6%
2012-05-26 10:55:03, 1995 of 2090, 95.5%
2012-05-26 10:55:04, 2001 of 2090, 95.7%
2012-05-26 10:55:06, 1999 of 2090, 95.6%
2012-05-26 10:55:07, 2005 of 2090, 95.9%
2012-05-26 10:55:09, 2003 of 2090, 95.8%
2012-05-26 10:55:10, 2009 of 2090, 96.1%
2012-05-26 10:55:13, 2007 of 2090, 96%
2012-05-26 10:55:14, 2013 of 2090, 96.3%
2012-05-26 10:55:16, 2011 of 2090, 96.2%
2012-05-26 10:55:17, 2017 of 2090, 96.5%
2012-05-26 10:55:19, 2015 of 2090, 96.4%
2012-05-26 10:55:20, 2021 of 2090, 96.7%
2012-05-26 10:55:23, 2019 of 2090, 96.6%
2012-05-26 10:55:23, 2025 of 2090, 96.9%
2012-05-26 10:55:26, 2023 of 2090, 96.8%
2012-05-26 10:55:26, 2029 of 2090, 97.1%
2012-05-26 10:55:29, 2027 of 2090, 97%
2012-05-26 10:55:29, 2033 of 2090, 97.3%
2012-05-26 10:55:33, 2031 of 2090, 97.2%
2012-05-26 10:55:33, 2037 of 2090, 97.5%
2012-05-26 10:55:36, 2041 of 2090, 97.7%
2012-05-26 10:55:36, 2035 of 2090, 97.4%
2012-05-26 10:55:39, 2045 of 2090, 97.8%
2012-05-26 10:55:39, 2039 of 2090, 97.6%
2012-05-26 10:55:42, 2049 of 2090, 98%
2012-05-26 10:55:43, 2043 of 2090, 97.8%
2012-05-26 10:55:45, 2053 of 2090, 98.2%
2012-05-26 10:55:46, 2047 of 2090, 97.9%
2012-05-26 10:55:48, 2057 of 2090, 98.4%
2012-05-26 10:55:49, 2051 of 2090, 98.1%
2012-05-26 10:55:52, 2061 of 2090, 98.6%
2012-05-26 10:55:52, 2055 of 2090, 98.3%
2012-05-26 10:55:55, 2065 of 2090, 98.8%
2012-05-26 10:55:56, 2059 of 2090, 98.5%
2012-05-26 10:55:58, 2069 of 2090, 99%
2012-05-26 10:55:59, 2063 of 2090, 98.7%
2012-05-26 10:56:01, 2073 of 2090, 99.2%
2012-05-26 10:56:03, 2067 of 2090, 98.9%
2012-05-26 10:56:05, 2077 of 2090, 99.4%
2012-05-26 10:56:06, 2071 of 2090, 99.1%
2012-05-26 10:56:08, 2081 of 2090, 99.6%
2012-05-26 10:56:09, 2075 of 2090, 99.3%
2012-05-26 10:56:11, 2085 of 2090, 99.8%
2012-05-26 10:56:12, 2079 of 2090, 99.5%
2012-05-26 10:56:14, 2089 of 2090, 100%
2012-05-26 10:56:15, 2083 of 2090, 99.7%
2012-05-26 10:56:19, 2087 of 2090, 99.9%
