2012-05-26 12:16:28, 1 of 2090, 0%
2012-05-26 12:16:28, 2 of 2090, 0.1%
2012-05-26 12:16:282012-05-26 12:16:28, , 43 of  of 20902090, , 0.20.1%
%
2012-05-26 12:16:29, 5 of 2090, 0.2%
2012-05-26 12:16:40, 8 of 2090, 0.4%
2012-05-26 12:16:40, 9 of 2090, 0.4%
2012-05-26 12:16:41, 6 of 2090, 0.3%
2012-05-26 12:16:42, 7 of 2090, 0.3%
2012-05-26 12:16:52, 12 of 2090, 0.6%
2012-05-26 12:16:52, 13 of 2090, 0.6%
2012-05-26 12:16:53, 10 of 2090, 0.5%
2012-05-26 12:16:55, 11 of 2090, 0.5%
2012-05-26 12:17:03, 16 of 2090, 0.8%
2012-05-26 12:17:03, 17 of 2090, 0.8%
2012-05-26 12:17:06, 14 of 2090, 0.7%
2012-05-26 12:17:08, 15 of 2090, 0.7%
2012-05-26 12:17:14, 20 of 2090, 1%
2012-05-26 12:17:15, 21 of 2090, 1%
2012-05-26 12:17:18, 18 of 2090, 0.9%
2012-05-26 12:17:19, 19 of 2090, 0.9%
2012-05-26 12:17:26, 24 of 2090, 1.1%
2012-05-26 12:17:27, 25 of 2090, 1.2%
2012-05-26 12:17:30, 22 of 2090, 1.1%
2012-05-26 12:17:32, 23 of 2090, 1.1%
2012-05-26 12:17:37, 28 of 2090, 1.3%
2012-05-26 12:17:39, 29 of 2090, 1.4%
2012-05-26 12:17:42, 26 of 2090, 1.2%
2012-05-26 12:17:45, 27 of 2090, 1.3%
2012-05-26 12:17:49, 32 of 2090, 1.5%
2012-05-26 12:17:50, 33 of 2090, 1.6%
2012-05-26 12:17:54, 30 of 2090, 1.4%
2012-05-26 12:17:58, 31 of 2090, 1.5%
2012-05-26 12:18:00, 36 of 2090, 1.7%
2012-05-26 12:18:02, 37 of 2090, 1.8%
2012-05-26 12:18:06, 34 of 2090, 1.6%
2012-05-26 12:18:10, 35 of 2090, 1.7%
2012-05-26 12:18:12, 40 of 2090, 1.9%
2012-05-26 12:18:13, 41 of 2090, 2%
2012-05-26 12:18:19, 38 of 2090, 1.8%
2012-05-26 12:18:22, 39 of 2090, 1.9%
2012-05-26 12:18:23, 44 of 2090, 2.1%
2012-05-26 12:18:24, 45 of 2090, 2.2%
2012-05-26 12:18:30, 42 of 2090, 2%
2012-05-26 12:18:35, 43 of 2090, 2.1%
2012-05-26 12:18:35, 48 of 2090, 2.3%
2012-05-26 12:18:36, 49 of 2090, 2.3%
2012-05-26 12:18:36, 53 of 2090, 2.5%
2012-05-26 12:18:43, 46 of 2090, 2.2%
2012-05-26 12:18:47, 52 of 2090, 2.5%
2012-05-26 12:18:47, 47 of 2090, 2.2%
2012-05-26 12:18:48, 57 of 2090, 2.7%
2012-05-26 12:18:55, 50 of 2090, 2.4%
2012-05-26 12:18:58, 56 of 2090, 2.7%
2012-05-26 12:19:00, 61 of 2090, 2.9%
2012-05-26 12:19:00, 51 of 2090, 2.4%
2012-05-26 12:19:07, 54 of 2090, 2.6%
2012-05-26 12:19:10, 60 of 2090, 2.9%
2012-05-26 12:19:10, 64 of 2090, 3.1%
2012-05-26 12:19:12, 65 of 2090, 3.1%
2012-05-26 12:19:13, 55 of 2090, 2.6%
2012-05-26 12:19:20, 58 of 2090, 2.8%
2012-05-26 12:19:22, 68 of 2090, 3.3%
2012-05-26 12:19:23, 69 of 2090, 3.3%
2012-05-26 12:19:25, 59 of 2090, 2.8%
2012-05-26 12:19:33, 62 of 2090, 3%
2012-05-26 12:19:33, 72 of 2090, 3.4%
2012-05-26 12:19:34, 73 of 2090, 3.5%
2012-05-26 12:19:37, 63 of 2090, 3%
2012-05-26 12:19:45, 76 of 2090, 3.6%
2012-05-26 12:19:45, 66 of 2090, 3.2%
2012-05-26 12:19:46, 77 of 2090, 3.7%
2012-05-26 12:19:50, 67 of 2090, 3.2%
2012-05-26 12:19:56, 80 of 2090, 3.8%
2012-05-26 12:19:57, 81 of 2090, 3.9%
2012-05-26 12:19:58, 70 of 2090, 3.3%
2012-05-26 12:20:02, 71 of 2090, 3.4%
2012-05-26 12:20:08, 84 of 2090, 4%
2012-05-26 12:20:08, 85 of 2090, 4.1%
2012-05-26 12:20:11, 74 of 2090, 3.5%
2012-05-26 12:20:15, 75 of 2090, 3.6%
2012-05-26 12:20:20, 88 of 2090, 4.2%
2012-05-26 12:20:20, 89 of 2090, 4.3%
2012-05-26 12:20:22, 78 of 2090, 3.7%
2012-05-26 12:20:28, 79 of 2090, 3.8%
2012-05-26 12:20:31, 92 of 2090, 4.4%
2012-05-26 12:20:31, 93 of 2090, 4.4%
2012-05-26 12:20:35, 82 of 2090, 3.9%
2012-05-26 12:20:41, 83 of 2090, 4%
2012-05-26 12:20:42, 96 of 2090, 4.6%
2012-05-26 12:20:43, 97 of 2090, 4.6%
2012-05-26 12:20:46, 86 of 2090, 4.1%
2012-05-26 12:20:53, 87 of 2090, 4.2%
2012-05-26 12:20:54, 100 of 2090, 4.8%
2012-05-26 12:20:55, 101 of 2090, 4.8%
2012-05-26 12:20:59, 90 of 2090, 4.3%
2012-05-26 12:21:05, 104 of 2090, 5%
2012-05-26 12:21:06, 91 of 2090, 4.4%
2012-05-26 12:21:06, 105 of 2090, 5%
2012-05-26 12:21:12, 94 of 2090, 4.5%
2012-05-26 12:21:16, 108 of 2090, 5.2%
2012-05-26 12:21:18, 109 of 2090, 5.2%
2012-05-26 12:21:18, 95 of 2090, 4.5%
2012-05-26 12:21:24, 98 of 2090, 4.7%
2012-05-26 12:21:28, 112 of 2090, 5.4%
2012-05-26 12:21:29, 113 of 2090, 5.4%
2012-05-26 12:21:31, 99 of 2090, 4.7%
2012-05-26 12:21:37, 102 of 2090, 4.9%
2012-05-26 12:21:40, 116 of 2090, 5.6%
2012-05-26 12:21:41, 117 of 2090, 5.6%
2012-05-26 12:21:44, 103 of 2090, 4.9%
2012-05-26 12:21:49, 106 of 2090, 5.1%
2012-05-26 12:21:51, 120 of 2090, 5.7%
2012-05-26 12:21:52, 121 of 2090, 5.8%
2012-05-26 12:21:56, 107 of 2090, 5.1%
2012-05-26 12:22:02, 110 of 2090, 5.3%
2012-05-26 12:22:03, 124 of 2090, 5.9%
2012-05-26 12:22:03, 125 of 2090, 6%
2012-05-26 12:22:08, 111 of 2090, 5.3%
2012-05-26 12:22:14, 128 of 2090, 6.1%
2012-05-26 12:22:14, 114 of 2090, 5.5%
2012-05-26 12:22:15, 129 of 2090, 6.2%
2012-05-26 12:22:21, 115 of 2090, 5.5%
2012-05-26 12:22:26, 132 of 2090, 6.3%
2012-05-26 12:22:26, 118 of 2090, 5.6%
2012-05-26 12:22:27, 133 of 2090, 6.4%
2012-05-26 12:22:34, 119 of 2090, 5.7%
2012-05-26 12:22:38, 136 of 2090, 6.5%
2012-05-26 12:22:38, 122 of 2090, 5.8%
2012-05-26 12:22:39, 137 of 2090, 6.6%
2012-05-26 12:22:47, 123 of 2090, 5.9%
2012-05-26 12:22:49, 140 of 2090, 6.7%
2012-05-26 12:22:50, 141 of 2090, 6.7%
2012-05-26 12:22:50, 126 of 2090, 6%
2012-05-26 12:22:59, 127 of 2090, 6.1%
2012-05-26 12:23:01, 144 of 2090, 6.9%
2012-05-26 12:23:01, 145 of 2090, 6.9%
2012-05-26 12:23:03, 130 of 2090, 6.2%
2012-05-26 12:23:11, 131 of 2090, 6.3%
2012-05-26 12:23:12, 148 of 2090, 7.1%
2012-05-26 12:23:13, 149 of 2090, 7.1%
2012-05-26 12:23:15, 134 of 2090, 6.4%
2012-05-26 12:23:23, 135 of 2090, 6.5%
2012-05-26 12:23:24, 152 of 2090, 7.3%
2012-05-26 12:23:24, 153 of 2090, 7.3%
2012-05-26 12:23:27, 138 of 2090, 6.6%
2012-05-26 12:23:35, 139 of 2090, 6.7%
2012-05-26 12:23:35, 156 of 2090, 7.5%
2012-05-26 12:23:36, 157 of 2090, 7.5%
2012-05-26 12:23:40, 142 of 2090, 6.8%
2012-05-26 12:23:47, 160 of 2090, 7.7%
2012-05-26 12:23:47, 143 of 2090, 6.8%
2012-05-26 12:23:47, 161 of 2090, 7.7%
2012-05-26 12:23:52, 146 of 2090, 7%
2012-05-26 12:23:58, 164 of 2090, 7.8%
2012-05-26 12:23:59, 165 of 2090, 7.9%
2012-05-26 12:24:00, 147 of 2090, 7%
2012-05-26 12:24:04, 150 of 2090, 7.2%
2012-05-26 12:24:09, 168 of 2090, 8%
2012-05-26 12:24:10, 169 of 2090, 8.1%
2012-05-26 12:24:13, 151 of 2090, 7.2%
2012-05-26 12:24:16, 154 of 2090, 7.4%
2012-05-26 12:24:21, 172 of 2090, 8.2%
2012-05-26 12:24:22, 173 of 2090, 8.3%
2012-05-26 12:24:25, 155 of 2090, 7.4%
2012-05-26 12:24:28, 158 of 2090, 7.6%
2012-05-26 12:24:33, 177 of 2090, 8.5%
2012-05-26 12:24:33, 176 of 2090, 8.4%
2012-05-26 12:24:38, 159 of 2090, 7.6%
2012-05-26 12:24:39, 162 of 2090, 7.8%
2012-05-26 12:24:45, 180 of 2090, 8.6%
2012-05-26 12:24:45, 181 of 2090, 8.7%
2012-05-26 12:24:50, 163 of 2090, 7.8%
2012-05-26 12:24:52, 166 of 2090, 7.9%
2012-05-26 12:24:56, 184 of 2090, 8.8%
2012-05-26 12:24:57, 185 of 2090, 8.9%
2012-05-26 12:25:02, 167 of 2090, 8%
2012-05-26 12:25:04, 170 of 2090, 8.1%
2012-05-26 12:25:08, 188 of 2090, 9%
2012-05-26 12:25:09, 189 of 2090, 9%
2012-05-26 12:25:14, 171 of 2090, 8.2%
2012-05-26 12:25:16, 174 of 2090, 8.3%
2012-05-26 12:25:20, 192 of 2090, 9.2%
2012-05-26 12:25:20, 193 of 2090, 9.2%
2012-05-26 12:25:26, 175 of 2090, 8.4%
2012-05-26 12:25:28, 178 of 2090, 8.5%
2012-05-26 12:25:32, 197 of 2090, 9.4%
2012-05-26 12:25:32, 196 of 2090, 9.4%
2012-05-26 12:25:39, 179 of 2090, 8.6%
2012-05-26 12:25:40, 182 of 2090, 8.7%
2012-05-26 12:25:43, 201 of 2090, 9.6%
2012-05-26 12:25:44, 200 of 2090, 9.6%
2012-05-26 12:25:51, 183 of 2090, 8.8%
2012-05-26 12:25:51, 186 of 2090, 8.9%
2012-05-26 12:25:55, 205 of 2090, 9.8%
2012-05-26 12:25:55, 204 of 2090, 9.8%
2012-05-26 12:26:03, 190 of 2090, 9.1%
2012-05-26 12:26:04, 187 of 2090, 8.9%
2012-05-26 12:26:07, 209 of 2090, 10%
2012-05-26 12:26:07, 208 of 2090, 10%
2012-05-26 12:26:14, 194 of 2090, 9.3%
2012-05-26 12:26:16, 191 of 2090, 9.1%
2012-05-26 12:26:18, 213 of 2090, 10.2%
2012-05-26 12:26:19, 212 of 2090, 10.1%
2012-05-26 12:26:26, 198 of 2090, 9.5%
2012-05-26 12:26:28, 195 of 2090, 9.3%
2012-05-26 12:26:30, 217 of 2090, 10.4%
2012-05-26 12:26:31, 216 of 2090, 10.3%
2012-05-26 12:26:37, 202 of 2090, 9.7%
2012-05-26 12:26:40, 199 of 2090, 9.5%
2012-05-26 12:26:42, 221 of 2090, 10.6%
2012-05-26 12:26:43, 220 of 2090, 10.5%
2012-05-26 12:26:49, 206 of 2090, 9.9%
2012-05-26 12:26:52, 203 of 2090, 9.7%
2012-05-26 12:26:54, 225 of 2090, 10.8%
2012-05-26 12:26:55, 224 of 2090, 10.7%
2012-05-26 12:27:01, 210 of 2090, 10%
2012-05-26 12:27:04, 207 of 2090, 9.9%
2012-05-26 12:27:06, 229 of 2090, 11%
2012-05-26 12:27:08, 228 of 2090, 10.9%
2012-05-26 12:27:12, 214 of 2090, 10.2%
2012-05-26 12:27:17, 211 of 2090, 10.1%
2012-05-26 12:27:17, 233 of 2090, 11.1%
2012-05-26 12:27:19, 232 of 2090, 11.1%
2012-05-26 12:27:25, 218 of 2090, 10.4%
2012-05-26 12:27:28, 215 of 2090, 10.3%
2012-05-26 12:27:28, 237 of 2090, 11.3%
2012-05-26 12:27:31, 236 of 2090, 11.3%
2012-05-26 12:27:37, 222 of 2090, 10.6%
2012-05-26 12:27:40, 241 of 2090, 11.5%
2012-05-26 12:27:41, 219 of 2090, 10.5%
2012-05-26 12:27:43, 240 of 2090, 11.5%
2012-05-26 12:27:49, 226 of 2090, 10.8%
2012-05-26 12:27:51, 245 of 2090, 11.7%
2012-05-26 12:27:54, 223 of 2090, 10.7%
2012-05-26 12:27:54, 244 of 2090, 11.7%
2012-05-26 12:28:01, 230 of 2090, 11%
2012-05-26 12:28:03, 249 of 2090, 11.9%
2012-05-26 12:28:06, 248 of 2090, 11.9%
2012-05-26 12:28:07, 227 of 2090, 10.9%
2012-05-26 12:28:13, 234 of 2090, 11.2%
2012-05-26 12:28:14, 253 of 2090, 12.1%
2012-05-26 12:28:17, 252 of 2090, 12.1%
2012-05-26 12:28:19, 231 of 2090, 11.1%
2012-05-26 12:28:25, 257 of 2090, 12.3%
2012-05-26 12:28:26, 238 of 2090, 11.4%
2012-05-26 12:28:29, 256 of 2090, 12.2%
2012-05-26 12:28:32, 235 of 2090, 11.2%
2012-05-26 12:28:37, 261 of 2090, 12.5%
2012-05-26 12:28:38, 242 of 2090, 11.6%
2012-05-26 12:28:40, 260 of 2090, 12.4%
2012-05-26 12:28:44, 239 of 2090, 11.4%
2012-05-26 12:28:50, 246 of 2090, 11.8%
2012-05-26 12:28:50, 265 of 2090, 12.7%
2012-05-26 12:28:52, 264 of 2090, 12.6%
2012-05-26 12:28:57, 243 of 2090, 11.6%
2012-05-26 12:29:02, 250 of 2090, 12%
2012-05-26 12:29:02, 269 of 2090, 12.9%
2012-05-26 12:29:04, 268 of 2090, 12.8%
2012-05-26 12:29:08, 247 of 2090, 11.8%
2012-05-26 12:29:14, 254 of 2090, 12.2%
2012-05-26 12:29:14, 273 of 2090, 13.1%
2012-05-26 12:29:16, 272 of 2090, 13%
2012-05-26 12:29:20, 251 of 2090, 12%
2012-05-26 12:29:26, 258 of 2090, 12.3%
2012-05-26 12:29:27, 277 of 2090, 13.3%
2012-05-26 12:29:27, 276 of 2090, 13.2%
2012-05-26 12:29:32, 255 of 2090, 12.2%
2012-05-26 12:29:38, 262 of 2090, 12.5%
2012-05-26 12:29:38, 280 of 2090, 13.4%
2012-05-26 12:29:39, 281 of 2090, 13.4%
2012-05-26 12:29:44, 259 of 2090, 12.4%
2012-05-26 12:29:50, 285 of 2090, 13.6%
2012-05-26 12:29:50, 284 of 2090, 13.6%
2012-05-26 12:29:51, 266 of 2090, 12.7%
2012-05-26 12:29:56, 263 of 2090, 12.6%
2012-05-26 12:30:02, 289 of 2090, 13.8%
2012-05-26 12:30:02, 288 of 2090, 13.8%
2012-05-26 12:30:02, 270 of 2090, 12.9%
2012-05-26 12:30:09, 267 of 2090, 12.8%
2012-05-26 12:30:14, 274 of 2090, 13.1%
2012-05-26 12:30:14, 292 of 2090, 14%
2012-05-26 12:30:15, 293 of 2090, 14%
2012-05-26 12:30:21, 271 of 2090, 13%
2012-05-26 12:30:26, 296 of 2090, 14.2%
2012-05-26 12:30:26, 278 of 2090, 13.3%
2012-05-26 12:30:27, 297 of 2090, 14.2%
2012-05-26 12:30:33, 275 of 2090, 13.2%
2012-05-26 12:30:37, 300 of 2090, 14.4%
2012-05-26 12:30:38, 282 of 2090, 13.5%
2012-05-26 12:30:40, 301 of 2090, 14.4%
2012-05-26 12:30:45, 279 of 2090, 13.3%
2012-05-26 12:30:49, 304 of 2090, 14.5%
2012-05-26 12:30:50, 286 of 2090, 13.7%
2012-05-26 12:30:52, 305 of 2090, 14.6%
2012-05-26 12:30:57, 283 of 2090, 13.5%
2012-05-26 12:31:01, 308 of 2090, 14.7%
2012-05-26 12:31:02, 290 of 2090, 13.9%
2012-05-26 12:31:04, 309 of 2090, 14.8%
2012-05-26 12:31:08, 287 of 2090, 13.7%
2012-05-26 12:31:13, 312 of 2090, 14.9%
2012-05-26 12:31:14, 294 of 2090, 14.1%
2012-05-26 12:31:16, 313 of 2090, 15%
2012-05-26 12:31:20, 291 of 2090, 13.9%
2012-05-26 12:31:25, 316 of 2090, 15.1%
2012-05-26 12:31:26, 298 of 2090, 14.3%
2012-05-26 12:31:28, 317 of 2090, 15.2%
2012-05-26 12:31:32, 295 of 2090, 14.1%
2012-05-26 12:31:37, 320 of 2090, 15.3%
2012-05-26 12:31:38, 302 of 2090, 14.4%
2012-05-26 12:31:40, 321 of 2090, 15.4%
2012-05-26 12:31:44, 299 of 2090, 14.3%
2012-05-26 12:31:48, 324 of 2090, 15.5%
2012-05-26 12:31:50, 306 of 2090, 14.6%
2012-05-26 12:31:53, 325 of 2090, 15.6%
2012-05-26 12:31:55, 303 of 2090, 14.5%
2012-05-26 12:32:00, 328 of 2090, 15.7%
2012-05-26 12:32:02, 310 of 2090, 14.8%
2012-05-26 12:32:05, 329 of 2090, 15.7%
2012-05-26 12:32:07, 307 of 2090, 14.7%
2012-05-26 12:32:12, 332 of 2090, 15.9%
2012-05-26 12:32:14, 314 of 2090, 15%
2012-05-26 12:32:17, 333 of 2090, 15.9%
2012-05-26 12:32:19, 311 of 2090, 14.9%
2012-05-26 12:32:23, 336 of 2090, 16.1%
2012-05-26 12:32:27, 318 of 2090, 15.2%
2012-05-26 12:32:29, 337 of 2090, 16.1%
2012-05-26 12:32:31, 315 of 2090, 15.1%
2012-05-26 12:32:35, 340 of 2090, 16.3%
2012-05-26 12:32:39, 322 of 2090, 15.4%
2012-05-26 12:32:41, 341 of 2090, 16.3%
2012-05-26 12:32:42, 319 of 2090, 15.3%
2012-05-26 12:32:47, 344 of 2090, 16.5%
2012-05-26 12:32:51, 326 of 2090, 15.6%
2012-05-26 12:32:53, 345 of 2090, 16.5%
2012-05-26 12:32:54, 323 of 2090, 15.5%
2012-05-26 12:32:59, 348 of 2090, 16.7%
2012-05-26 12:33:04, 330 of 2090, 15.8%
2012-05-26 12:33:05, 327 of 2090, 15.6%
2012-05-26 12:33:05, 349 of 2090, 16.7%
2012-05-26 12:33:10, 352 of 2090, 16.8%
2012-05-26 12:33:16, 334 of 2090, 16%
2012-05-26 12:33:17, 331 of 2090, 15.8%
2012-05-26 12:33:17, 353 of 2090, 16.9%
2012-05-26 12:33:22, 356 of 2090, 17%
2012-05-26 12:33:28, 338 of 2090, 16.2%
2012-05-26 12:33:29, 335 of 2090, 16%
2012-05-26 12:33:30, 357 of 2090, 17.1%
2012-05-26 12:33:34, 360 of 2090, 17.2%
2012-05-26 12:33:40, 339 of 2090, 16.2%
2012-05-26 12:33:40, 342 of 2090, 16.4%
2012-05-26 12:33:42, 361 of 2090, 17.3%
2012-05-26 12:33:46, 364 of 2090, 17.4%
2012-05-26 12:33:51, 343 of 2090, 16.4%
2012-05-26 12:33:53, 346 of 2090, 16.6%
2012-05-26 12:33:55, 365 of 2090, 17.5%
2012-05-26 12:33:57, 368 of 2090, 17.6%
2012-05-26 12:34:03, 347 of 2090, 16.6%
2012-05-26 12:34:05, 350 of 2090, 16.7%
2012-05-26 12:34:07, 369 of 2090, 17.7%
2012-05-26 12:34:09, 372 of 2090, 17.8%
2012-05-26 12:34:14, 351 of 2090, 16.8%
2012-05-26 12:34:17, 354 of 2090, 16.9%
2012-05-26 12:34:20, 373 of 2090, 17.8%
2012-05-26 12:34:21, 376 of 2090, 18%
2012-05-26 12:34:26, 355 of 2090, 17%
2012-05-26 12:34:29, 358 of 2090, 17.1%
2012-05-26 12:34:32, 377 of 2090, 18%
2012-05-26 12:34:32, 380 of 2090, 18.2%
2012-05-26 12:34:33, 384 of 2090, 18.4%
2012-05-26 12:34:38, 359 of 2090, 17.2%
2012-05-26 12:34:42, 362 of 2090, 17.3%
2012-05-26 12:34:45, 381 of 2090, 18.2%
2012-05-26 12:34:45, 388 of 2090, 18.6%
2012-05-26 12:34:50, 363 of 2090, 17.4%
2012-05-26 12:34:54, 366 of 2090, 17.5%
2012-05-26 12:34:57, 392 of 2090, 18.8%
2012-05-26 12:34:58, 385 of 2090, 18.4%
2012-05-26 12:35:02, 367 of 2090, 17.6%
2012-05-26 12:35:06, 370 of 2090, 17.7%
2012-05-26 12:35:08, 396 of 2090, 18.9%
2012-05-26 12:35:11, 389 of 2090, 18.6%
2012-05-26 12:35:14, 371 of 2090, 17.8%
2012-05-26 12:35:18, 374 of 2090, 17.9%
2012-05-26 12:35:20, 400 of 2090, 19.1%
2012-05-26 12:35:23, 393 of 2090, 18.8%
2012-05-26 12:35:25, 375 of 2090, 17.9%
2012-05-26 12:35:31, 378 of 2090, 18.1%
2012-05-26 12:35:32, 404 of 2090, 19.3%
2012-05-26 12:35:35, 397 of 2090, 19%
2012-05-26 12:35:37, 379 of 2090, 18.1%
2012-05-26 12:35:44, 382 of 2090, 18.3%
2012-05-26 12:35:44, 408 of 2090, 19.5%
2012-05-26 12:35:46, 401 of 2090, 19.2%
2012-05-26 12:35:49, 383 of 2090, 18.3%
2012-05-26 12:35:56, 412 of 2090, 19.7%
2012-05-26 12:35:57, 386 of 2090, 18.5%
2012-05-26 12:35:57, 405 of 2090, 19.4%
2012-05-26 12:36:00, 387 of 2090, 18.5%
2012-05-26 12:36:07, 416 of 2090, 19.9%
2012-05-26 12:36:08, 409 of 2090, 19.6%
2012-05-26 12:36:09, 390 of 2090, 18.7%
2012-05-26 12:36:12, 391 of 2090, 18.7%
2012-05-26 12:36:19, 420 of 2090, 20.1%
2012-05-26 12:36:21, 413 of 2090, 19.8%
2012-05-26 12:36:21, 394 of 2090, 18.9%
2012-05-26 12:36:24, 395 of 2090, 18.9%
2012-05-26 12:36:31, 424 of 2090, 20.3%
2012-05-26 12:36:32, 398 of 2090, 19%
2012-05-26 12:36:33, 417 of 2090, 20%
2012-05-26 12:36:35, 399 of 2090, 19.1%
2012-05-26 12:36:43, 428 of 2090, 20.5%
2012-05-26 12:36:45, 421 of 2090, 20.1%
2012-05-26 12:36:45, 402 of 2090, 19.2%
2012-05-26 12:36:47, 403 of 2090, 19.3%
2012-05-26 12:36:48, 407 of 2090, 19.5%
2012-05-26 12:36:55, 432 of 2090, 20.7%
2012-05-26 12:36:56, 425 of 2090, 20.3%
2012-05-26 12:36:58, 406 of 2090, 19.4%
2012-05-26 12:37:00, 411 of 2090, 19.7%
2012-05-26 12:37:06, 436 of 2090, 20.9%
2012-05-26 12:37:08, 429 of 2090, 20.5%
2012-05-26 12:37:11, 410 of 2090, 19.6%
2012-05-26 12:37:12, 415 of 2090, 19.9%
2012-05-26 12:37:18, 440 of 2090, 21.1%
2012-05-26 12:37:20, 433 of 2090, 20.7%
2012-05-26 12:37:23, 419 of 2090, 20%
2012-05-26 12:37:24, 414 of 2090, 19.8%
2012-05-26 12:37:30, 444 of 2090, 21.2%
2012-05-26 12:37:31, 437 of 2090, 20.9%
2012-05-26 12:37:35, 423 of 2090, 20.2%
2012-05-26 12:37:37, 418 of 2090, 20%
2012-05-26 12:37:42, 448 of 2090, 21.4%
2012-05-26 12:37:43, 441 of 2090, 21.1%
2012-05-26 12:37:47, 427 of 2090, 20.4%
2012-05-26 12:37:49, 422 of 2090, 20.2%
2012-05-26 12:37:53, 452 of 2090, 21.6%
2012-05-26 12:37:54, 445 of 2090, 21.3%
2012-05-26 12:37:55, 449 of 2090, 21.5%
2012-05-26 12:37:59, 431 of 2090, 20.6%
2012-05-26 12:38:03, 426 of 2090, 20.4%
2012-05-26 12:38:05, 456 of 2090, 21.8%
2012-05-26 12:38:06, 453 of 2090, 21.7%
2012-05-26 12:38:10, 435 of 2090, 20.8%
2012-05-26 12:38:15, 430 of 2090, 20.6%
2012-05-26 12:38:17, 460 of 2090, 22%
2012-05-26 12:38:18, 457 of 2090, 21.9%
2012-05-26 12:38:22, 439 of 2090, 21%
2012-05-26 12:38:28, 434 of 2090, 20.8%
2012-05-26 12:38:29, 464 of 2090, 22.2%
2012-05-26 12:38:29, 461 of 2090, 22.1%
2012-05-26 12:38:34, 443 of 2090, 21.2%
2012-05-26 12:38:40, 468 of 2090, 22.4%
2012-05-26 12:38:41, 465 of 2090, 22.2%
2012-05-26 12:38:41, 438 of 2090, 21%
2012-05-26 12:38:45, 447 of 2090, 21.4%
2012-05-26 12:38:52, 472 of 2090, 22.6%
2012-05-26 12:38:53, 442 of 2090, 21.1%
2012-05-26 12:38:54, 469 of 2090, 22.4%
2012-05-26 12:38:55, 473 of 2090, 22.6%
2012-05-26 12:38:57, 451 of 2090, 21.6%
2012-05-26 12:39:03, 476 of 2090, 22.8%
2012-05-26 12:39:05, 446 of 2090, 21.3%
2012-05-26 12:39:07, 477 of 2090, 22.8%
2012-05-26 12:39:09, 455 of 2090, 21.8%
2012-05-26 12:39:15, 480 of 2090, 23%
2012-05-26 12:39:17, 450 of 2090, 21.5%
2012-05-26 12:39:20, 481 of 2090, 23%
2012-05-26 12:39:20, 459 of 2090, 22%
2012-05-26 12:39:27, 484 of 2090, 23.2%
2012-05-26 12:39:29, 454 of 2090, 21.7%
2012-05-26 12:39:31, 463 of 2090, 22.2%
2012-05-26 12:39:32, 485 of 2090, 23.2%
2012-05-26 12:39:38, 488 of 2090, 23.3%
2012-05-26 12:39:42, 458 of 2090, 21.9%
2012-05-26 12:39:43, 467 of 2090, 22.3%
2012-05-26 12:39:44, 489 of 2090, 23.4%
2012-05-26 12:39:50, 492 of 2090, 23.5%
2012-05-26 12:39:54, 462 of 2090, 22.1%
2012-05-26 12:39:55, 471 of 2090, 22.5%
2012-05-26 12:39:56, 493 of 2090, 23.6%
2012-05-26 12:40:02, 496 of 2090, 23.7%
2012-05-26 12:40:06, 466 of 2090, 22.3%
2012-05-26 12:40:07, 475 of 2090, 22.7%
2012-05-26 12:40:09, 497 of 2090, 23.8%
2012-05-26 12:40:14, 500 of 2090, 23.9%
2012-05-26 12:40:18, 479 of 2090, 22.9%
2012-05-26 12:40:18, 470 of 2090, 22.5%
2012-05-26 12:40:22, 501 of 2090, 24%
2012-05-26 12:40:25, 504 of 2090, 24.1%
2012-05-26 12:40:30, 483 of 2090, 23.1%
2012-05-26 12:40:30, 474 of 2090, 22.7%
2012-05-26 12:40:34, 505 of 2090, 24.2%
2012-05-26 12:40:37, 508 of 2090, 24.3%
2012-05-26 12:40:41, 487 of 2090, 23.3%
2012-05-26 12:40:43, 478 of 2090, 22.9%
2012-05-26 12:40:46, 509 of 2090, 24.4%
2012-05-26 12:40:49, 512 of 2090, 24.5%
2012-05-26 12:40:53, 491 of 2090, 23.5%
2012-05-26 12:40:55, 482 of 2090, 23.1%
2012-05-26 12:40:59, 513 of 2090, 24.5%
2012-05-26 12:41:01, 516 of 2090, 24.7%
2012-05-26 12:41:05, 495 of 2090, 23.7%
2012-05-26 12:41:07, 486 of 2090, 23.3%
2012-05-26 12:41:11, 517 of 2090, 24.7%
2012-05-26 12:41:13, 520 of 2090, 24.9%
2012-05-26 12:41:17, 499 of 2090, 23.9%
2012-05-26 12:41:19, 490 of 2090, 23.4%
2012-05-26 12:41:23, 521 of 2090, 24.9%
2012-05-26 12:41:25, 524 of 2090, 25.1%
2012-05-26 12:41:29, 503 of 2090, 24.1%
2012-05-26 12:41:32, 494 of 2090, 23.6%
2012-05-26 12:41:35, 525 of 2090, 25.1%
2012-05-26 12:41:37, 528 of 2090, 25.3%
2012-05-26 12:41:42, 507 of 2090, 24.3%
2012-05-26 12:41:44, 498 of 2090, 23.8%
2012-05-26 12:41:47, 529 of 2090, 25.3%
2012-05-26 12:41:48, 532 of 2090, 25.5%
2012-05-26 12:41:54, 511 of 2090, 24.4%
2012-05-26 12:41:56, 502 of 2090, 24%
2012-05-26 12:41:59, 533 of 2090, 25.5%
2012-05-26 12:42:00, 536 of 2090, 25.6%
2012-05-26 12:42:05, 515 of 2090, 24.6%
2012-05-26 12:42:09, 506 of 2090, 24.2%
2012-05-26 12:42:11, 540 of 2090, 25.8%
2012-05-26 12:42:11, 537 of 2090, 25.7%
2012-05-26 12:42:17, 519 of 2090, 24.8%
2012-05-26 12:42:21, 510 of 2090, 24.4%
2012-05-26 12:42:22, 544 of 2090, 26%
2012-05-26 12:42:23, 541 of 2090, 25.9%
2012-05-26 12:42:29, 523 of 2090, 25%
2012-05-26 12:42:34, 514 of 2090, 24.6%
2012-05-26 12:42:34, 548 of 2090, 26.2%
2012-05-26 12:42:35, 545 of 2090, 26.1%
2012-05-26 12:42:42, 527 of 2090, 25.2%
2012-05-26 12:42:46, 518 of 2090, 24.8%
2012-05-26 12:42:46, 549 of 2090, 26.3%
2012-05-26 12:42:46, 552 of 2090, 26.4%
2012-05-26 12:42:47, 556 of 2090, 26.6%
2012-05-26 12:42:53, 531 of 2090, 25.4%
2012-05-26 12:42:58, 553 of 2090, 26.5%
2012-05-26 12:42:58, 522 of 2090, 25%
2012-05-26 12:42:59, 560 of 2090, 26.8%
2012-05-26 12:43:06, 535 of 2090, 25.6%
2012-05-26 12:43:09, 557 of 2090, 26.7%
2012-05-26 12:43:10, 526 of 2090, 25.2%
2012-05-26 12:43:11, 564 of 2090, 27%
2012-05-26 12:43:18, 539 of 2090, 25.8%
2012-05-26 12:43:20, 561 of 2090, 26.8%
2012-05-26 12:43:22, 568 of 2090, 27.2%
2012-05-26 12:43:23, 530 of 2090, 25.4%
2012-05-26 12:43:29, 543 of 2090, 26%
2012-05-26 12:43:32, 565 of 2090, 27%
2012-05-26 12:43:34, 572 of 2090, 27.4%
2012-05-26 12:43:36, 534 of 2090, 25.6%
2012-05-26 12:43:41, 547 of 2090, 26.2%
2012-05-26 12:43:44, 569 of 2090, 27.2%
2012-05-26 12:43:46, 576 of 2090, 27.6%
2012-05-26 12:43:49, 538 of 2090, 25.7%
2012-05-26 12:43:54, 551 of 2090, 26.4%
2012-05-26 12:43:56, 573 of 2090, 27.4%
2012-05-26 12:43:58, 580 of 2090, 27.8%
2012-05-26 12:44:01, 542 of 2090, 25.9%
2012-05-26 12:44:06, 555 of 2090, 26.6%
2012-05-26 12:44:08, 577 of 2090, 27.6%
2012-05-26 12:44:09, 584 of 2090, 27.9%
2012-05-26 12:44:13, 546 of 2090, 26.1%
2012-05-26 12:44:17, 559 of 2090, 26.7%
2012-05-26 12:44:20, 581 of 2090, 27.8%
2012-05-26 12:44:21, 588 of 2090, 28.1%
2012-05-26 12:44:26, 550 of 2090, 26.3%
2012-05-26 12:44:28, 563 of 2090, 26.9%
2012-05-26 12:44:33, 585 of 2090, 28%
2012-05-26 12:44:33, 592 of 2090, 28.3%
2012-05-26 12:44:37, 554 of 2090, 26.5%
2012-05-26 12:44:40, 567 of 2090, 27.1%
2012-05-26 12:44:45, 596 of 2090, 28.5%
2012-05-26 12:44:46, 589 of 2090, 28.2%
2012-05-26 12:44:49, 558 of 2090, 26.7%
2012-05-26 12:44:52, 571 of 2090, 27.3%
2012-05-26 12:44:57, 600 of 2090, 28.7%
2012-05-26 12:44:58, 593 of 2090, 28.4%
2012-05-26 12:45:01, 562 of 2090, 26.9%
2012-05-26 12:45:03, 575 of 2090, 27.5%
2012-05-26 12:45:08, 604 of 2090, 28.9%
2012-05-26 12:45:10, 597 of 2090, 28.6%
2012-05-26 12:45:14, 566 of 2090, 27.1%
2012-05-26 12:45:16, 579 of 2090, 27.7%
2012-05-26 12:45:20, 608 of 2090, 29.1%
2012-05-26 12:45:22, 601 of 2090, 28.8%
2012-05-26 12:45:25, 570 of 2090, 27.3%
2012-05-26 12:45:28, 583 of 2090, 27.9%
2012-05-26 12:45:32, 612 of 2090, 29.3%
2012-05-26 12:45:35, 605 of 2090, 28.9%
2012-05-26 12:45:37, 574 of 2090, 27.5%
2012-05-26 12:45:39, 587 of 2090, 28.1%
2012-05-26 12:45:43, 616 of 2090, 29.5%
2012-05-26 12:45:47, 609 of 2090, 29.1%
2012-05-26 12:45:50, 578 of 2090, 27.7%
2012-05-26 12:45:51, 591 of 2090, 28.3%
2012-05-26 12:45:55, 620 of 2090, 29.7%
2012-05-26 12:46:00, 613 of 2090, 29.3%
2012-05-26 12:46:01, 582 of 2090, 27.8%
2012-05-26 12:46:03, 595 of 2090, 28.5%
2012-05-26 12:46:07, 624 of 2090, 29.9%
2012-05-26 12:46:12, 617 of 2090, 29.5%
2012-05-26 12:46:13, 586 of 2090, 28%
2012-05-26 12:46:14, 599 of 2090, 28.7%
2012-05-26 12:46:19, 628 of 2090, 30%
2012-05-26 12:46:24, 621 of 2090, 29.7%
2012-05-26 12:46:25, 590 of 2090, 28.2%
2012-05-26 12:46:26, 603 of 2090, 28.9%
2012-05-26 12:46:31, 632 of 2090, 30.2%
2012-05-26 12:46:36, 625 of 2090, 29.9%
2012-05-26 12:46:37, 607 of 2090, 29%
2012-05-26 12:46:38, 594 of 2090, 28.4%
2012-05-26 12:46:42, 636 of 2090, 30.4%
2012-05-26 12:46:48, 629 of 2090, 30.1%
2012-05-26 12:46:49, 611 of 2090, 29.2%
2012-05-26 12:46:51, 598 of 2090, 28.6%
2012-05-26 12:46:54, 640 of 2090, 30.6%
2012-05-26 12:47:00, 633 of 2090, 30.3%
2012-05-26 12:47:00, 615 of 2090, 29.4%
2012-05-26 12:47:03, 602 of 2090, 28.8%
2012-05-26 12:47:06, 644 of 2090, 30.8%
2012-05-26 12:47:12, 619 of 2090, 29.6%
2012-05-26 12:47:13, 637 of 2090, 30.5%
2012-05-26 12:47:15, 606 of 2090, 29%
2012-05-26 12:47:18, 648 of 2090, 31%
2012-05-26 12:47:23, 623 of 2090, 29.8%
2012-05-26 12:47:26, 641 of 2090, 30.7%
2012-05-26 12:47:27, 610 of 2090, 29.2%
2012-05-26 12:47:30, 652 of 2090, 31.2%
2012-05-26 12:47:35, 627 of 2090, 30%
2012-05-26 12:47:38, 645 of 2090, 30.9%
2012-05-26 12:47:39, 614 of 2090, 29.4%
2012-05-26 12:47:42, 656 of 2090, 31.4%
2012-05-26 12:47:47, 631 of 2090, 30.2%
2012-05-26 12:47:50, 649 of 2090, 31.1%
2012-05-26 12:47:51, 618 of 2090, 29.6%
2012-05-26 12:47:54, 660 of 2090, 31.6%
2012-05-26 12:47:59, 635 of 2090, 30.4%
2012-05-26 12:48:03, 653 of 2090, 31.2%
2012-05-26 12:48:04, 622 of 2090, 29.8%
2012-05-26 12:48:06, 664 of 2090, 31.8%
2012-05-26 12:48:10, 639 of 2090, 30.6%
2012-05-26 12:48:15, 657 of 2090, 31.4%
2012-05-26 12:48:16, 626 of 2090, 30%
2012-05-26 12:48:17, 668 of 2090, 32%
2012-05-26 12:48:22, 643 of 2090, 30.8%
2012-05-26 12:48:27, 661 of 2090, 31.6%
2012-05-26 12:48:29, 672 of 2090, 32.2%
2012-05-26 12:48:29, 630 of 2090, 30.1%
2012-05-26 12:48:34, 647 of 2090, 31%
2012-05-26 12:48:39, 665 of 2090, 31.8%
2012-05-26 12:48:41, 634 of 2090, 30.3%
2012-05-26 12:48:41, 676 of 2090, 32.3%
2012-05-26 12:48:45, 651 of 2090, 31.1%
2012-05-26 12:48:51, 669 of 2090, 32%
2012-05-26 12:48:52, 680 of 2090, 32.5%
2012-05-26 12:48:53, 638 of 2090, 30.5%
2012-05-26 12:48:57, 655 of 2090, 31.3%
2012-05-26 12:49:04, 684 of 2090, 32.7%
2012-05-26 12:49:04, 673 of 2090, 32.2%
2012-05-26 12:49:05, 642 of 2090, 30.7%
2012-05-26 12:49:08, 659 of 2090, 31.5%
2012-05-26 12:49:15, 688 of 2090, 32.9%
2012-05-26 12:49:16, 677 of 2090, 32.4%
2012-05-26 12:49:17, 646 of 2090, 30.9%
2012-05-26 12:49:20, 663 of 2090, 31.7%
2012-05-26 12:49:27, 692 of 2090, 33.1%
2012-05-26 12:49:29, 681 of 2090, 32.6%
2012-05-26 12:49:30, 650 of 2090, 31.1%
2012-05-26 12:49:32, 667 of 2090, 31.9%
2012-05-26 12:49:39, 696 of 2090, 33.3%
2012-05-26 12:49:41, 685 of 2090, 32.8%
2012-05-26 12:49:42, 654 of 2090, 31.3%
2012-05-26 12:49:44, 671 of 2090, 32.1%
2012-05-26 12:49:51, 700 of 2090, 33.5%
2012-05-26 12:49:54, 658 of 2090, 31.5%
2012-05-26 12:49:54, 689 of 2090, 33%
2012-05-26 12:49:56, 675 of 2090, 32.3%
2012-05-26 12:50:03, 704 of 2090, 33.7%
2012-05-26 12:50:06, 662 of 2090, 31.7%
2012-05-26 12:50:06, 693 of 2090, 33.2%
2012-05-26 12:50:08, 679 of 2090, 32.5%
2012-05-26 12:50:15, 708 of 2090, 33.9%
2012-05-26 12:50:17, 666 of 2090, 31.9%
2012-05-26 12:50:19, 697 of 2090, 33.3%
2012-05-26 12:50:19, 683 of 2090, 32.7%
2012-05-26 12:50:27, 712 of 2090, 34.1%
2012-05-26 12:50:29, 670 of 2090, 32.1%
2012-05-26 12:50:30, 687 of 2090, 32.9%
2012-05-26 12:50:31, 701 of 2090, 33.5%
2012-05-26 12:50:39, 716 of 2090, 34.3%
2012-05-26 12:50:41, 674 of 2090, 32.2%
2012-05-26 12:50:42, 691 of 2090, 33.1%
2012-05-26 12:50:43, 705 of 2090, 33.7%
2012-05-26 12:50:50, 720 of 2090, 34.4%
2012-05-26 12:50:53, 695 of 2090, 33.3%
2012-05-26 12:50:54, 678 of 2090, 32.4%
2012-05-26 12:50:54, 709 of 2090, 33.9%
2012-05-26 12:51:02, 724 of 2090, 34.6%
2012-05-26 12:51:05, 699 of 2090, 33.4%
2012-05-26 12:51:06, 682 of 2090, 32.6%
2012-05-26 12:51:07, 713 of 2090, 34.1%
2012-05-26 12:51:13, 728 of 2090, 34.8%
2012-05-26 12:51:16, 703 of 2090, 33.6%
2012-05-26 12:51:18, 686 of 2090, 32.8%
2012-05-26 12:51:20, 717 of 2090, 34.3%
2012-05-26 12:51:25, 732 of 2090, 35%
2012-05-26 12:51:28, 707 of 2090, 33.8%
2012-05-26 12:51:29, 690 of 2090, 33%
2012-05-26 12:51:33, 721 of 2090, 34.5%
2012-05-26 12:51:37, 736 of 2090, 35.2%
2012-05-26 12:51:39, 711 of 2090, 34%
2012-05-26 12:51:41, 694 of 2090, 33.2%
2012-05-26 12:51:46, 725 of 2090, 34.7%
2012-05-26 12:51:50, 740 of 2090, 35.4%
2012-05-26 12:51:51, 715 of 2090, 34.2%
2012-05-26 12:51:53, 698 of 2090, 33.4%
2012-05-26 12:51:58, 729 of 2090, 34.9%
2012-05-26 12:52:02, 744 of 2090, 35.6%
2012-05-26 12:52:02, 719 of 2090, 34.4%
2012-05-26 12:52:04, 702 of 2090, 33.6%
2012-05-26 12:52:11, 733 of 2090, 35.1%
2012-05-26 12:52:13, 748 of 2090, 35.8%
2012-05-26 12:52:14, 723 of 2090, 34.6%
2012-05-26 12:52:16, 706 of 2090, 33.8%
2012-05-26 12:52:24, 737 of 2090, 35.3%
2012-05-26 12:52:25, 752 of 2090, 36%
2012-05-26 12:52:25, 727 of 2090, 34.8%
2012-05-26 12:52:27, 710 of 2090, 34%
2012-05-26 12:52:37, 756 of 2090, 36.2%
2012-05-26 12:52:37, 731 of 2090, 35%
2012-05-26 12:52:37, 741 of 2090, 35.5%
2012-05-26 12:52:39, 714 of 2090, 34.2%
2012-05-26 12:52:48, 760 of 2090, 36.4%
2012-05-26 12:52:49, 735 of 2090, 35.2%
2012-05-26 12:52:50, 745 of 2090, 35.6%
2012-05-26 12:52:51, 718 of 2090, 34.4%
2012-05-26 12:53:00, 764 of 2090, 36.6%
2012-05-26 12:53:01, 739 of 2090, 35.4%
2012-05-26 12:53:02, 749 of 2090, 35.8%
2012-05-26 12:53:03, 722 of 2090, 34.5%
2012-05-26 12:53:12, 768 of 2090, 36.7%
2012-05-26 12:53:12, 743 of 2090, 35.6%
2012-05-26 12:53:15, 753 of 2090, 36%
2012-05-26 12:53:15, 726 of 2090, 34.7%
2012-05-26 12:53:23, 772 of 2090, 36.9%
2012-05-26 12:53:24, 747 of 2090, 35.7%
2012-05-26 12:53:26, 730 of 2090, 34.9%
2012-05-26 12:53:27, 757 of 2090, 36.2%
2012-05-26 12:53:35, 776 of 2090, 37.1%
2012-05-26 12:53:35, 751 of 2090, 35.9%
2012-05-26 12:53:38, 734 of 2090, 35.1%
2012-05-26 12:53:39, 761 of 2090, 36.4%
2012-05-26 12:53:47, 780 of 2090, 37.3%
2012-05-26 12:53:48, 755 of 2090, 36.1%
2012-05-26 12:53:50, 738 of 2090, 35.3%
2012-05-26 12:53:52, 765 of 2090, 36.6%
2012-05-26 12:53:58, 784 of 2090, 37.5%
2012-05-26 12:54:00, 759 of 2090, 36.3%
2012-05-26 12:54:02, 742 of 2090, 35.5%
2012-05-26 12:54:04, 769 of 2090, 36.8%
2012-05-26 12:54:10, 788 of 2090, 37.7%
2012-05-26 12:54:12, 763 of 2090, 36.5%
2012-05-26 12:54:14, 746 of 2090, 35.7%
2012-05-26 12:54:17, 773 of 2090, 37%
2012-05-26 12:54:21, 792 of 2090, 37.9%
2012-05-26 12:54:23, 767 of 2090, 36.7%
2012-05-26 12:54:26, 750 of 2090, 35.9%
2012-05-26 12:54:28, 777 of 2090, 37.2%
2012-05-26 12:54:33, 796 of 2090, 38.1%
2012-05-26 12:54:35, 771 of 2090, 36.9%
2012-05-26 12:54:39, 754 of 2090, 36.1%
2012-05-26 12:54:40, 781 of 2090, 37.4%
2012-05-26 12:54:44, 800 of 2090, 38.3%
2012-05-26 12:54:46, 775 of 2090, 37.1%
2012-05-26 12:54:51, 785 of 2090, 37.6%
2012-05-26 12:54:51, 758 of 2090, 36.3%
2012-05-26 12:54:56, 804 of 2090, 38.5%
2012-05-26 12:54:59, 779 of 2090, 37.3%
2012-05-26 12:55:03, 789 of 2090, 37.8%
2012-05-26 12:55:04, 762 of 2090, 36.5%
2012-05-26 12:55:08, 808 of 2090, 38.7%
2012-05-26 12:55:11, 783 of 2090, 37.5%
2012-05-26 12:55:14, 793 of 2090, 37.9%
2012-05-26 12:55:17, 766 of 2090, 36.7%
2012-05-26 12:55:19, 812 of 2090, 38.9%
2012-05-26 12:55:22, 787 of 2090, 37.7%
2012-05-26 12:55:26, 797 of 2090, 38.1%
2012-05-26 12:55:30, 770 of 2090, 36.8%
2012-05-26 12:55:30, 816 of 2090, 39%
2012-05-26 12:55:34, 791 of 2090, 37.8%
2012-05-26 12:55:37, 801 of 2090, 38.3%
2012-05-26 12:55:42, 820 of 2090, 39.2%
2012-05-26 12:55:43, 774 of 2090, 37%
2012-05-26 12:55:46, 795 of 2090, 38%
2012-05-26 12:55:49, 805 of 2090, 38.5%
2012-05-26 12:55:54, 824 of 2090, 39.4%
2012-05-26 12:55:54, 828 of 2090, 39.6%
2012-05-26 12:55:55, 778 of 2090, 37.2%
2012-05-26 12:55:58, 799 of 2090, 38.2%
2012-05-26 12:56:01, 809 of 2090, 38.7%
2012-05-26 12:56:06, 832 of 2090, 39.8%
2012-05-26 12:56:08, 782 of 2090, 37.4%
2012-05-26 12:56:10, 803 of 2090, 38.4%
2012-05-26 12:56:13, 813 of 2090, 38.9%
2012-05-26 12:56:17, 836 of 2090, 40%
2012-05-26 12:56:20, 786 of 2090, 37.6%
2012-05-26 12:56:22, 807 of 2090, 38.6%
2012-05-26 12:56:24, 817 of 2090, 39.1%
2012-05-26 12:56:29, 840 of 2090, 40.2%
2012-05-26 12:56:33, 790 of 2090, 37.8%
2012-05-26 12:56:34, 811 of 2090, 38.8%
2012-05-26 12:56:35, 821 of 2090, 39.3%
2012-05-26 12:56:40, 844 of 2090, 40.4%
2012-05-26 12:56:45, 794 of 2090, 38%
2012-05-26 12:56:46, 815 of 2090, 39%
2012-05-26 12:56:47, 825 of 2090, 39.5%
2012-05-26 12:56:52, 848 of 2090, 40.6%
2012-05-26 12:56:58, 819 of 2090, 39.2%
2012-05-26 12:56:58, 798 of 2090, 38.2%
2012-05-26 12:56:59, 829 of 2090, 39.7%
2012-05-26 12:57:04, 852 of 2090, 40.8%
2012-05-26 12:57:10, 823 of 2090, 39.4%
2012-05-26 12:57:10, 833 of 2090, 39.9%
2012-05-26 12:57:11, 802 of 2090, 38.4%
2012-05-26 12:57:15, 856 of 2090, 41%
2012-05-26 12:57:22, 827 of 2090, 39.6%
2012-05-26 12:57:22, 837 of 2090, 40%
2012-05-26 12:57:24, 806 of 2090, 38.6%
2012-05-26 12:57:27, 860 of 2090, 41.1%
2012-05-26 12:57:33, 841 of 2090, 40.2%
2012-05-26 12:57:34, 831 of 2090, 39.8%
2012-05-26 12:57:37, 810 of 2090, 38.8%
2012-05-26 12:57:39, 864 of 2090, 41.3%
2012-05-26 12:57:45, 845 of 2090, 40.4%
2012-05-26 12:57:46, 835 of 2090, 40%
2012-05-26 12:57:50, 814 of 2090, 38.9%
2012-05-26 12:57:51, 868 of 2090, 41.5%
2012-05-26 12:57:57, 849 of 2090, 40.6%
2012-05-26 12:57:58, 839 of 2090, 40.1%
2012-05-26 12:58:02, 872 of 2090, 41.7%
2012-05-26 12:58:03, 818 of 2090, 39.1%
2012-05-26 12:58:08, 853 of 2090, 40.8%
2012-05-26 12:58:10, 843 of 2090, 40.3%
2012-05-26 12:58:14, 876 of 2090, 41.9%
2012-05-26 12:58:16, 822 of 2090, 39.3%
2012-05-26 12:58:20, 857 of 2090, 41%
2012-05-26 12:58:22, 847 of 2090, 40.5%
2012-05-26 12:58:26, 880 of 2090, 42.1%
2012-05-26 12:58:28, 826 of 2090, 39.5%
2012-05-26 12:58:31, 861 of 2090, 41.2%
2012-05-26 12:58:34, 851 of 2090, 40.7%
2012-05-26 12:58:37, 884 of 2090, 42.3%
2012-05-26 12:58:41, 830 of 2090, 39.7%
2012-05-26 12:58:43, 865 of 2090, 41.4%
2012-05-26 12:58:45, 855 of 2090, 40.9%
2012-05-26 12:58:49, 888 of 2090, 42.5%
2012-05-26 12:58:54, 834 of 2090, 39.9%
2012-05-26 12:58:55, 869 of 2090, 41.6%
2012-05-26 12:58:57, 859 of 2090, 41.1%
2012-05-26 12:59:00, 892 of 2090, 42.7%
2012-05-26 12:59:06, 838 of 2090, 40.1%
2012-05-26 12:59:07, 873 of 2090, 41.8%
2012-05-26 12:59:09, 863 of 2090, 41.3%
2012-05-26 12:59:12, 896 of 2090, 42.9%
2012-05-26 12:59:18, 877 of 2090, 42%
2012-05-26 12:59:19, 842 of 2090, 40.3%
2012-05-26 12:59:21, 867 of 2090, 41.5%
2012-05-26 12:59:24, 900 of 2090, 43.1%
2012-05-26 12:59:30, 881 of 2090, 42.2%
2012-05-26 12:59:31, 846 of 2090, 40.5%
2012-05-26 12:59:32, 871 of 2090, 41.7%
2012-05-26 12:59:35, 904 of 2090, 43.3%
2012-05-26 12:59:42, 885 of 2090, 42.3%
2012-05-26 12:59:44, 850 of 2090, 40.7%
2012-05-26 12:59:44, 875 of 2090, 41.9%
2012-05-26 12:59:47, 908 of 2090, 43.4%
2012-05-26 12:59:54, 889 of 2090, 42.5%
2012-05-26 12:59:56, 879 of 2090, 42.1%
2012-05-26 12:59:56, 854 of 2090, 40.9%
2012-05-26 12:59:59, 912 of 2090, 43.6%
2012-05-26 13:00:05, 893 of 2090, 42.7%
2012-05-26 13:00:08, 883 of 2090, 42.2%
2012-05-26 13:00:09, 858 of 2090, 41.1%
2012-05-26 13:00:10, 916 of 2090, 43.8%
2012-05-26 13:00:18, 897 of 2090, 42.9%
2012-05-26 13:00:19, 887 of 2090, 42.4%
2012-05-26 13:00:21, 862 of 2090, 41.2%
2012-05-26 13:00:22, 920 of 2090, 44%
2012-05-26 13:00:31, 901 of 2090, 43.1%
2012-05-26 13:00:31, 891 of 2090, 42.6%
2012-05-26 13:00:33, 866 of 2090, 41.4%
2012-05-26 13:00:34, 924 of 2090, 44.2%
2012-05-26 13:00:43, 895 of 2090, 42.8%
2012-05-26 13:00:44, 905 of 2090, 43.3%
2012-05-26 13:00:44, 870 of 2090, 41.6%
2012-05-26 13:00:45, 928 of 2090, 44.4%
2012-05-26 13:00:54, 899 of 2090, 43%
2012-05-26 13:00:56, 874 of 2090, 41.8%
2012-05-26 13:00:56, 909 of 2090, 43.5%
2012-05-26 13:00:57, 932 of 2090, 44.6%
2012-05-26 13:01:06, 903 of 2090, 43.2%
2012-05-26 13:01:08, 878 of 2090, 42%
2012-05-26 13:01:08, 936 of 2090, 44.8%
2012-05-26 13:01:09, 913 of 2090, 43.7%
2012-05-26 13:01:18, 907 of 2090, 43.4%
2012-05-26 13:01:20, 940 of 2090, 45%
2012-05-26 13:01:20, 882 of 2090, 42.2%
2012-05-26 13:01:21, 917 of 2090, 43.9%
2012-05-26 13:01:30, 911 of 2090, 43.6%
2012-05-26 13:01:31, 944 of 2090, 45.2%
2012-05-26 13:01:32, 886 of 2090, 42.4%
2012-05-26 13:01:34, 921 of 2090, 44.1%
2012-05-26 13:01:41, 915 of 2090, 43.8%
2012-05-26 13:01:43, 948 of 2090, 45.4%
2012-05-26 13:01:44, 890 of 2090, 42.6%
2012-05-26 13:01:46, 925 of 2090, 44.3%
2012-05-26 13:01:53, 919 of 2090, 44%
2012-05-26 13:01:54, 952 of 2090, 45.6%
2012-05-26 13:01:56, 894 of 2090, 42.8%
2012-05-26 13:01:59, 929 of 2090, 44.4%
2012-05-26 13:02:05, 923 of 2090, 44.2%
2012-05-26 13:02:06, 956 of 2090, 45.7%
2012-05-26 13:02:08, 898 of 2090, 43%
2012-05-26 13:02:11, 933 of 2090, 44.6%
2012-05-26 13:02:17, 927 of 2090, 44.4%
2012-05-26 13:02:17, 960 of 2090, 45.9%
2012-05-26 13:02:20, 902 of 2090, 43.2%
2012-05-26 13:02:24, 937 of 2090, 44.8%
2012-05-26 13:02:28, 931 of 2090, 44.5%
2012-05-26 13:02:29, 964 of 2090, 46.1%
2012-05-26 13:02:32, 906 of 2090, 43.3%
2012-05-26 13:02:36, 941 of 2090, 45%
2012-05-26 13:02:40, 935 of 2090, 44.7%
2012-05-26 13:02:40, 968 of 2090, 46.3%
2012-05-26 13:02:45, 910 of 2090, 43.5%
2012-05-26 13:02:49, 945 of 2090, 45.2%
2012-05-26 13:02:51, 939 of 2090, 44.9%
2012-05-26 13:02:52, 972 of 2090, 46.5%
2012-05-26 13:02:57, 914 of 2090, 43.7%
2012-05-26 13:03:01, 949 of 2090, 45.4%
2012-05-26 13:03:03, 943 of 2090, 45.1%
2012-05-26 13:03:04, 976 of 2090, 46.7%
2012-05-26 13:03:10, 918 of 2090, 43.9%
2012-05-26 13:03:12, 953 of 2090, 45.6%
2012-05-26 13:03:15, 947 of 2090, 45.3%
2012-05-26 13:03:16, 980 of 2090, 46.9%
2012-05-26 13:03:23, 922 of 2090, 44.1%
2012-05-26 13:03:25, 957 of 2090, 45.8%
2012-05-26 13:03:26, 951 of 2090, 45.5%
2012-05-26 13:03:27, 984 of 2090, 47.1%
2012-05-26 13:03:34, 926 of 2090, 44.3%
2012-05-26 13:03:37, 961 of 2090, 46%
2012-05-26 13:03:38, 955 of 2090, 45.7%
2012-05-26 13:03:39, 959 of 2090, 45.9%
2012-05-26 13:03:39, 988 of 2090, 47.3%
2012-05-26 13:03:47, 930 of 2090, 44.5%
2012-05-26 13:03:48, 965 of 2090, 46.2%
2012-05-26 13:03:50, 963 of 2090, 46.1%
2012-05-26 13:03:50, 992 of 2090, 47.5%
2012-05-26 13:03:51, 996 of 2090, 47.7%
2012-05-26 13:03:59, 934 of 2090, 44.7%
2012-05-26 13:04:01, 969 of 2090, 46.4%
2012-05-26 13:04:02, 967 of 2090, 46.3%
2012-05-26 13:04:03, 1000 of 2090, 47.8%
2012-05-26 13:04:11, 938 of 2090, 44.9%
2012-05-26 13:04:13, 971 of 2090, 46.5%
2012-05-26 13:04:13, 973 of 2090, 46.6%
2012-05-26 13:04:15, 1004 of 2090, 48%
2012-05-26 13:04:23, 942 of 2090, 45.1%
2012-05-26 13:04:24, 975 of 2090, 46.7%
2012-05-26 13:04:26, 977 of 2090, 46.7%
2012-05-26 13:04:27, 1008 of 2090, 48.2%
2012-05-26 13:04:35, 946 of 2090, 45.3%
2012-05-26 13:04:36, 979 of 2090, 46.8%
2012-05-26 13:04:38, 1012 of 2090, 48.4%
2012-05-26 13:04:39, 981 of 2090, 46.9%
2012-05-26 13:04:47, 950 of 2090, 45.5%
2012-05-26 13:04:47, 983 of 2090, 47%
2012-05-26 13:04:50, 1016 of 2090, 48.6%
2012-05-26 13:04:50, 985 of 2090, 47.1%
2012-05-26 13:04:59, 987 of 2090, 47.2%
2012-05-26 13:05:00, 954 of 2090, 45.6%
2012-05-26 13:05:02, 1020 of 2090, 48.8%
2012-05-26 13:05:03, 989 of 2090, 47.3%
2012-05-26 13:05:10, 991 of 2090, 47.4%
2012-05-26 13:05:12, 958 of 2090, 45.8%
2012-05-26 13:05:13, 1024 of 2090, 49%
2012-05-26 13:05:15, 993 of 2090, 47.5%
2012-05-26 13:05:21, 995 of 2090, 47.6%
2012-05-26 13:05:25, 962 of 2090, 46%
2012-05-26 13:05:25, 1028 of 2090, 49.2%
2012-05-26 13:05:27, 997 of 2090, 47.7%
2012-05-26 13:05:33, 999 of 2090, 47.8%
2012-05-26 13:05:36, 1032 of 2090, 49.4%
2012-05-26 13:05:38, 966 of 2090, 46.2%
2012-05-26 13:05:39, 1001 of 2090, 47.9%
2012-05-26 13:05:45, 1003 of 2090, 48%
2012-05-26 13:05:48, 1036 of 2090, 49.6%
2012-05-26 13:05:50, 970 of 2090, 46.4%
2012-05-26 13:05:52, 1005 of 2090, 48.1%
2012-05-26 13:05:56, 1007 of 2090, 48.2%
2012-05-26 13:06:00, 1040 of 2090, 49.8%
2012-05-26 13:06:02, 974 of 2090, 46.6%
2012-05-26 13:06:04, 1009 of 2090, 48.3%
2012-05-26 13:06:08, 1011 of 2090, 48.4%
2012-05-26 13:06:12, 1044 of 2090, 50%
2012-05-26 13:06:14, 978 of 2090, 46.8%
2012-05-26 13:06:17, 1013 of 2090, 48.5%
2012-05-26 13:06:19, 1015 of 2090, 48.6%
2012-05-26 13:06:23, 1048 of 2090, 50.1%
2012-05-26 13:06:26, 982 of 2090, 47%
2012-05-26 13:06:29, 1017 of 2090, 48.7%
2012-05-26 13:06:31, 1019 of 2090, 48.8%
2012-05-26 13:06:35, 1052 of 2090, 50.3%
2012-05-26 13:06:39, 986 of 2090, 47.2%
2012-05-26 13:06:41, 1021 of 2090, 48.9%
2012-05-26 13:06:43, 1023 of 2090, 48.9%
2012-05-26 13:06:47, 1056 of 2090, 50.5%
2012-05-26 13:06:51, 990 of 2090, 47.4%
2012-05-26 13:06:53, 1025 of 2090, 49%
2012-05-26 13:06:54, 1027 of 2090, 49.1%
2012-05-26 13:06:58, 1060 of 2090, 50.7%
2012-05-26 13:07:04, 994 of 2090, 47.6%
2012-05-26 13:07:06, 1031 of 2090, 49.3%
2012-05-26 13:07:06, 1029 of 2090, 49.2%
2012-05-26 13:07:10, 1064 of 2090, 50.9%
2012-05-26 13:07:16, 998 of 2090, 47.8%
2012-05-26 13:07:17, 1035 of 2090, 49.5%
2012-05-26 13:07:18, 1033 of 2090, 49.4%
2012-05-26 13:07:22, 1068 of 2090, 51.1%
2012-05-26 13:07:28, 1002 of 2090, 47.9%
2012-05-26 13:07:29, 1039 of 2090, 49.7%
2012-05-26 13:07:31, 1037 of 2090, 49.6%
2012-05-26 13:07:34, 1072 of 2090, 51.3%
2012-05-26 13:07:40, 1006 of 2090, 48.1%
2012-05-26 13:07:40, 1043 of 2090, 49.9%
2012-05-26 13:07:43, 1041 of 2090, 49.8%
2012-05-26 13:07:46, 1076 of 2090, 51.5%
2012-05-26 13:07:52, 1047 of 2090, 50.1%
2012-05-26 13:07:53, 1010 of 2090, 48.3%
2012-05-26 13:07:55, 1045 of 2090, 50%
2012-05-26 13:07:57, 1080 of 2090, 51.7%
2012-05-26 13:08:04, 1051 of 2090, 50.3%
2012-05-26 13:08:06, 1014 of 2090, 48.5%
2012-05-26 13:08:07, 1049 of 2090, 50.2%
2012-05-26 13:08:09, 1084 of 2090, 51.9%
2012-05-26 13:08:16, 1055 of 2090, 50.5%
2012-05-26 13:08:17, 1018 of 2090, 48.7%
2012-05-26 13:08:20, 1053 of 2090, 50.4%
2012-05-26 13:08:21, 1088 of 2090, 52.1%
2012-05-26 13:08:28, 1059 of 2090, 50.7%
2012-05-26 13:08:29, 1022 of 2090, 48.9%
2012-05-26 13:08:33, 1057 of 2090, 50.6%
2012-05-26 13:08:33, 1092 of 2090, 52.2%
2012-05-26 13:08:40, 1063 of 2090, 50.9%
2012-05-26 13:08:42, 1026 of 2090, 49.1%
2012-05-26 13:08:45, 1061 of 2090, 50.8%
2012-05-26 13:08:46, 1096 of 2090, 52.4%
2012-05-26 13:08:51, 1067 of 2090, 51.1%
2012-05-26 13:08:55, 1030 of 2090, 49.3%
2012-05-26 13:08:57, 1100 of 2090, 52.6%
2012-05-26 13:08:57, 1065 of 2090, 51%
2012-05-26 13:09:03, 1071 of 2090, 51.2%
2012-05-26 13:09:07, 1034 of 2090, 49.5%
2012-05-26 13:09:08, 1069 of 2090, 51.1%
2012-05-26 13:09:09, 1104 of 2090, 52.8%
2012-05-26 13:09:15, 1075 of 2090, 51.4%
2012-05-26 13:09:19, 1038 of 2090, 49.7%
2012-05-26 13:09:19, 1073 of 2090, 51.3%
2012-05-26 13:09:20, 1108 of 2090, 53%
2012-05-26 13:09:26, 1079 of 2090, 51.6%
2012-05-26 13:09:31, 1077 of 2090, 51.5%
2012-05-26 13:09:32, 1042 of 2090, 49.9%
2012-05-26 13:09:33, 1112 of 2090, 53.2%
2012-05-26 13:09:38, 1083 of 2090, 51.8%
2012-05-26 13:09:43, 1081 of 2090, 51.7%
2012-05-26 13:09:44, 1046 of 2090, 50%
2012-05-26 13:09:45, 1116 of 2090, 53.4%
2012-05-26 13:09:50, 1087 of 2090, 52%
2012-05-26 13:09:55, 1085 of 2090, 51.9%
2012-05-26 13:09:56, 1050 of 2090, 50.2%
2012-05-26 13:09:57, 1120 of 2090, 53.6%
2012-05-26 13:10:03, 1091 of 2090, 52.2%
2012-05-26 13:10:07, 1089 of 2090, 52.1%
2012-05-26 13:10:09, 1124 of 2090, 53.8%
2012-05-26 13:10:09, 1054 of 2090, 50.4%
2012-05-26 13:10:15, 1095 of 2090, 52.4%
2012-05-26 13:10:18, 1093 of 2090, 52.3%
2012-05-26 13:10:21, 1128 of 2090, 54%
2012-05-26 13:10:22, 1058 of 2090, 50.6%
2012-05-26 13:10:26, 1099 of 2090, 52.6%
2012-05-26 13:10:30, 1097 of 2090, 52.5%
2012-05-26 13:10:33, 1132 of 2090, 54.2%
2012-05-26 13:10:34, 1062 of 2090, 50.8%
2012-05-26 13:10:38, 1103 of 2090, 52.8%
2012-05-26 13:10:41, 1101 of 2090, 52.7%
2012-05-26 13:10:46, 1136 of 2090, 54.4%
2012-05-26 13:10:47, 1066 of 2090, 51%
2012-05-26 13:10:51, 1107 of 2090, 53%
2012-05-26 13:10:53, 1105 of 2090, 52.9%
2012-05-26 13:10:58, 1140 of 2090, 54.5%
2012-05-26 13:10:59, 1070 of 2090, 51.2%
2012-05-26 13:11:03, 1111 of 2090, 53.2%
2012-05-26 13:11:05, 1109 of 2090, 53.1%
2012-05-26 13:11:10, 1144 of 2090, 54.7%
2012-05-26 13:11:12, 1074 of 2090, 51.4%
2012-05-26 13:11:14, 1115 of 2090, 53.3%
2012-05-26 13:11:17, 1113 of 2090, 53.3%
2012-05-26 13:11:23, 1148 of 2090, 54.9%
2012-05-26 13:11:24, 1078 of 2090, 51.6%
2012-05-26 13:11:25, 1119 of 2090, 53.5%
2012-05-26 13:11:29, 1117 of 2090, 53.4%
2012-05-26 13:11:34, 1152 of 2090, 55.1%
2012-05-26 13:11:37, 1082 of 2090, 51.8%
2012-05-26 13:11:37, 1123 of 2090, 53.7%
2012-05-26 13:11:41, 1121 of 2090, 53.6%
2012-05-26 13:11:46, 1156 of 2090, 55.3%
2012-05-26 13:11:48, 1127 of 2090, 53.9%
2012-05-26 13:11:49, 1086 of 2090, 52%
2012-05-26 13:11:54, 1125 of 2090, 53.8%
2012-05-26 13:11:58, 1160 of 2090, 55.5%
2012-05-26 13:11:59, 1131 of 2090, 54.1%
2012-05-26 13:12:00, 1090 of 2090, 52.2%
2012-05-26 13:12:07, 1129 of 2090, 54%
2012-05-26 13:12:09, 1164 of 2090, 55.7%
2012-05-26 13:12:11, 1135 of 2090, 54.3%
2012-05-26 13:12:12, 1094 of 2090, 52.3%
2012-05-26 13:12:20, 1133 of 2090, 54.2%
2012-05-26 13:12:21, 1168 of 2090, 55.9%
2012-05-26 13:12:23, 1139 of 2090, 54.5%
2012-05-26 13:12:23, 1098 of 2090, 52.5%
2012-05-26 13:12:33, 1172 of 2090, 56.1%
2012-05-26 13:12:33, 1137 of 2090, 54.4%
2012-05-26 13:12:34, 1143 of 2090, 54.7%
2012-05-26 13:12:35, 1147 of 2090, 54.9%
2012-05-26 13:12:35, 1102 of 2090, 52.7%
2012-05-26 13:12:44, 1176 of 2090, 56.3%
2012-05-26 13:12:45, 1141 of 2090, 54.6%
2012-05-26 13:12:46, 1151 of 2090, 55.1%
2012-05-26 13:12:48, 1106 of 2090, 52.9%
2012-05-26 13:12:55, 1180 of 2090, 56.5%
2012-05-26 13:12:57, 1145 of 2090, 54.8%
2012-05-26 13:12:58, 1155 of 2090, 55.3%
2012-05-26 13:13:01, 1110 of 2090, 53.1%
2012-05-26 13:13:07, 1184 of 2090, 56.7%
2012-05-26 13:13:08, 1149 of 2090, 55%
2012-05-26 13:13:09, 1159 of 2090, 55.5%
2012-05-26 13:13:14, 1114 of 2090, 53.3%
2012-05-26 13:13:19, 1188 of 2090, 56.8%
2012-05-26 13:13:21, 1153 of 2090, 55.2%
2012-05-26 13:13:21, 1163 of 2090, 55.6%
2012-05-26 13:13:27, 1118 of 2090, 53.5%
2012-05-26 13:13:31, 1192 of 2090, 57%
2012-05-26 13:13:32, 1167 of 2090, 55.8%
2012-05-26 13:13:32, 1157 of 2090, 55.4%
2012-05-26 13:13:39, 1122 of 2090, 53.7%
2012-05-26 13:13:42, 1196 of 2090, 57.2%
2012-05-26 13:13:43, 1171 of 2090, 56%
2012-05-26 13:13:44, 1161 of 2090, 55.6%
2012-05-26 13:13:52, 1126 of 2090, 53.9%
2012-05-26 13:13:54, 1200 of 2090, 57.4%
2012-05-26 13:13:55, 1175 of 2090, 56.2%
2012-05-26 13:13:56, 1165 of 2090, 55.7%
2012-05-26 13:14:04, 1130 of 2090, 54.1%
2012-05-26 13:14:06, 1179 of 2090, 56.4%
2012-05-26 13:14:06, 1204 of 2090, 57.6%
2012-05-26 13:14:08, 1169 of 2090, 55.9%
2012-05-26 13:14:16, 1134 of 2090, 54.3%
2012-05-26 13:14:18, 1183 of 2090, 56.6%
2012-05-26 13:14:18, 1208 of 2090, 57.8%
2012-05-26 13:14:20, 1173 of 2090, 56.1%
2012-05-26 13:14:28, 1138 of 2090, 54.4%
2012-05-26 13:14:30, 1187 of 2090, 56.8%
2012-05-26 13:14:30, 1212 of 2090, 58%
2012-05-26 13:14:33, 1177 of 2090, 56.3%
2012-05-26 13:14:40, 1142 of 2090, 54.6%
2012-05-26 13:14:41, 1191 of 2090, 57%
2012-05-26 13:14:42, 1216 of 2090, 58.2%
2012-05-26 13:14:46, 1181 of 2090, 56.5%
2012-05-26 13:14:52, 1146 of 2090, 54.8%
2012-05-26 13:14:53, 1195 of 2090, 57.2%
2012-05-26 13:14:54, 1220 of 2090, 58.4%
2012-05-26 13:14:58, 1185 of 2090, 56.7%
2012-05-26 13:15:04, 1150 of 2090, 55%
2012-05-26 13:15:04, 1199 of 2090, 57.4%
2012-05-26 13:15:05, 1224 of 2090, 58.6%
2012-05-26 13:15:11, 1189 of 2090, 56.9%
2012-05-26 13:15:16, 1203 of 2090, 57.6%
2012-05-26 13:15:16, 1228 of 2090, 58.8%
2012-05-26 13:15:16, 1154 of 2090, 55.2%
2012-05-26 13:15:22, 1193 of 2090, 57.1%
2012-05-26 13:15:27, 1207 of 2090, 57.8%
2012-05-26 13:15:28, 1232 of 2090, 58.9%
2012-05-26 13:15:28, 1236 of 2090, 59.1%
2012-05-26 13:15:29, 1158 of 2090, 55.4%
2012-05-26 13:15:35, 1197 of 2090, 57.3%
2012-05-26 13:15:40, 1211 of 2090, 57.9%
2012-05-26 13:15:40, 1240 of 2090, 59.3%
2012-05-26 13:15:41, 1162 of 2090, 55.6%
2012-05-26 13:15:48, 1201 of 2090, 57.5%
2012-05-26 13:15:51, 1215 of 2090, 58.1%
2012-05-26 13:15:52, 1244 of 2090, 59.5%
2012-05-26 13:15:54, 1166 of 2090, 55.8%
2012-05-26 13:16:00, 1205 of 2090, 57.7%
2012-05-26 13:16:03, 1219 of 2090, 58.3%
2012-05-26 13:16:03, 1248 of 2090, 59.7%
2012-05-26 13:16:07, 1170 of 2090, 56%
2012-05-26 13:16:12, 1209 of 2090, 57.8%
2012-05-26 13:16:14, 1223 of 2090, 58.5%
2012-05-26 13:16:15, 1252 of 2090, 59.9%
2012-05-26 13:16:19, 1174 of 2090, 56.2%
2012-05-26 13:16:25, 1213 of 2090, 58%
2012-05-26 13:16:26, 1227 of 2090, 58.7%
2012-05-26 13:16:27, 1256 of 2090, 60.1%
2012-05-26 13:16:32, 1178 of 2090, 56.4%
2012-05-26 13:16:37, 1231 of 2090, 58.9%
2012-05-26 13:16:38, 1217 of 2090, 58.2%
2012-05-26 13:16:38, 1260 of 2090, 60.3%
2012-05-26 13:16:44, 1182 of 2090, 56.6%
2012-05-26 13:16:49, 1235 of 2090, 59.1%
2012-05-26 13:16:49, 1264 of 2090, 60.5%
2012-05-26 13:16:51, 1221 of 2090, 58.4%
2012-05-26 13:16:57, 1186 of 2090, 56.7%
2012-05-26 13:17:00, 1239 of 2090, 59.3%
2012-05-26 13:17:01, 1268 of 2090, 60.7%
2012-05-26 13:17:03, 1225 of 2090, 58.6%
2012-05-26 13:17:03, 1229 of 2090, 58.8%
2012-05-26 13:17:09, 1190 of 2090, 56.9%
2012-05-26 13:17:12, 1243 of 2090, 59.5%
2012-05-26 13:17:13, 1272 of 2090, 60.9%
2012-05-26 13:17:16, 1233 of 2090, 59%
2012-05-26 13:17:21, 1194 of 2090, 57.1%
2012-05-26 13:17:23, 1247 of 2090, 59.7%
2012-05-26 13:17:24, 1276 of 2090, 61.1%
2012-05-26 13:17:28, 1237 of 2090, 59.2%
2012-05-26 13:17:33, 1198 of 2090, 57.3%
2012-05-26 13:17:35, 1251 of 2090, 59.9%
2012-05-26 13:17:36, 1280 of 2090, 61.2%
2012-05-26 13:17:41, 1241 of 2090, 59.4%
2012-05-26 13:17:46, 1202 of 2090, 57.5%
2012-05-26 13:17:46, 1255 of 2090, 60%
2012-05-26 13:17:48, 1284 of 2090, 61.4%
2012-05-26 13:17:53, 1245 of 2090, 59.6%
2012-05-26 13:17:57, 1259 of 2090, 60.2%
2012-05-26 13:17:59, 1206 of 2090, 57.7%
2012-05-26 13:17:59, 1288 of 2090, 61.6%
2012-05-26 13:18:05, 1249 of 2090, 59.8%
2012-05-26 13:18:09, 1263 of 2090, 60.4%
2012-05-26 13:18:10, 1292 of 2090, 61.8%
2012-05-26 13:18:12, 1210 of 2090, 57.9%
2012-05-26 13:18:17, 1253 of 2090, 60%
2012-05-26 13:18:20, 1267 of 2090, 60.6%
2012-05-26 13:18:22, 1296 of 2090, 62%
2012-05-26 13:18:23, 1300 of 2090, 62.2%
2012-05-26 13:18:24, 1214 of 2090, 58.1%
2012-05-26 13:18:29, 1257 of 2090, 60.1%
2012-05-26 13:18:31, 1271 of 2090, 60.8%
2012-05-26 13:18:35, 1304 of 2090, 62.4%
2012-05-26 13:18:37, 1218 of 2090, 58.3%
2012-05-26 13:18:42, 1261 of 2090, 60.3%
2012-05-26 13:18:43, 1275 of 2090, 61%
2012-05-26 13:18:46, 1308 of 2090, 62.6%
2012-05-26 13:18:48, 1222 of 2090, 58.5%
2012-05-26 13:18:54, 1265 of 2090, 60.5%
2012-05-26 13:18:54, 1279 of 2090, 61.2%
2012-05-26 13:18:58, 1312 of 2090, 62.8%
2012-05-26 13:19:00, 1226 of 2090, 58.7%
2012-05-26 13:19:06, 1283 of 2090, 61.4%
2012-05-26 13:19:07, 1269 of 2090, 60.7%
2012-05-26 13:19:09, 1316 of 2090, 63%
2012-05-26 13:19:11, 1230 of 2090, 58.9%
2012-05-26 13:19:18, 1287 of 2090, 61.6%
2012-05-26 13:19:20, 1273 of 2090, 60.9%
2012-05-26 13:19:21, 1320 of 2090, 63.2%
2012-05-26 13:19:23, 1234 of 2090, 59%
2012-05-26 13:19:30, 1291 of 2090, 61.8%
2012-05-26 13:19:33, 1324 of 2090, 63.3%
2012-05-26 13:19:33, 1277 of 2090, 61.1%
2012-05-26 13:19:35, 1238 of 2090, 59.2%
2012-05-26 13:19:41, 1295 of 2090, 62%
2012-05-26 13:19:45, 1328 of 2090, 63.5%
2012-05-26 13:19:45, 1281 of 2090, 61.3%
2012-05-26 13:19:46, 1242 of 2090, 59.4%
2012-05-26 13:19:53, 1299 of 2090, 62.2%
2012-05-26 13:19:56, 1332 of 2090, 63.7%
2012-05-26 13:19:58, 1246 of 2090, 59.6%
2012-05-26 13:19:58, 1285 of 2090, 61.5%
2012-05-26 13:19:59, 1289 of 2090, 61.7%
2012-05-26 13:20:05, 1303 of 2090, 62.3%
2012-05-26 13:20:08, 1336 of 2090, 63.9%
2012-05-26 13:20:09, 1250 of 2090, 59.8%
2012-05-26 13:20:12, 1293 of 2090, 61.9%
2012-05-26 13:20:17, 1307 of 2090, 62.5%
2012-05-26 13:20:20, 1340 of 2090, 64.1%
2012-05-26 13:20:21, 1254 of 2090, 60%
2012-05-26 13:20:24, 1297 of 2090, 62.1%
2012-05-26 13:20:29, 1311 of 2090, 62.7%
2012-05-26 13:20:32, 1344 of 2090, 64.3%
2012-05-26 13:20:34, 1258 of 2090, 60.2%
2012-05-26 13:20:36, 1301 of 2090, 62.2%
2012-05-26 13:20:40, 1315 of 2090, 62.9%
2012-05-26 13:20:43, 1348 of 2090, 64.5%
2012-05-26 13:20:46, 1262 of 2090, 60.4%
2012-05-26 13:20:47, 1305 of 2090, 62.4%
2012-05-26 13:20:52, 1319 of 2090, 63.1%
2012-05-26 13:20:55, 1352 of 2090, 64.7%
2012-05-26 13:20:59, 1266 of 2090, 60.6%
2012-05-26 13:20:59, 1309 of 2090, 62.6%
2012-05-26 13:21:04, 1323 of 2090, 63.3%
2012-05-26 13:21:06, 1356 of 2090, 64.9%
2012-05-26 13:21:07, 1360 of 2090, 65.1%
2012-05-26 13:21:11, 1313 of 2090, 62.8%
2012-05-26 13:21:12, 1270 of 2090, 60.8%
2012-05-26 13:21:16, 1327 of 2090, 63.5%
2012-05-26 13:21:19, 1364 of 2090, 65.3%
2012-05-26 13:21:22, 1317 of 2090, 63%
2012-05-26 13:21:24, 1274 of 2090, 61%
2012-05-26 13:21:27, 1331 of 2090, 63.7%
2012-05-26 13:21:31, 1368 of 2090, 65.5%
2012-05-26 13:21:34, 1321 of 2090, 63.2%
2012-05-26 13:21:37, 1278 of 2090, 61.1%
2012-05-26 13:21:39, 1335 of 2090, 63.9%
2012-05-26 13:21:43, 1372 of 2090, 65.6%
2012-05-26 13:21:46, 1325 of 2090, 63.4%
2012-05-26 13:21:50, 1282 of 2090, 61.3%
2012-05-26 13:21:50, 1339 of 2090, 64.1%
2012-05-26 13:21:55, 1376 of 2090, 65.8%
2012-05-26 13:21:58, 1329 of 2090, 63.6%
2012-05-26 13:22:02, 1343 of 2090, 64.3%
2012-05-26 13:22:03, 1286 of 2090, 61.5%
2012-05-26 13:22:07, 1380 of 2090, 66%
2012-05-26 13:22:10, 1333 of 2090, 63.8%
2012-05-26 13:22:14, 1347 of 2090, 64.4%
2012-05-26 13:22:15, 1290 of 2090, 61.7%
2012-05-26 13:22:19, 1384 of 2090, 66.2%
2012-05-26 13:22:22, 1337 of 2090, 64%
2012-05-26 13:22:25, 1351 of 2090, 64.6%
2012-05-26 13:22:27, 1294 of 2090, 61.9%
2012-05-26 13:22:31, 1388 of 2090, 66.4%
2012-05-26 13:22:36, 1341 of 2090, 64.2%
2012-05-26 13:22:37, 1355 of 2090, 64.8%
2012-05-26 13:22:39, 1298 of 2090, 62.1%
2012-05-26 13:22:43, 1392 of 2090, 66.6%
2012-05-26 13:22:48, 1359 of 2090, 65%
2012-05-26 13:22:48, 1345 of 2090, 64.4%
2012-05-26 13:22:48, 1363 of 2090, 65.2%
2012-05-26 13:22:51, 1302 of 2090, 62.3%
2012-05-26 13:22:55, 1396 of 2090, 66.8%
2012-05-26 13:23:00, 1367 of 2090, 65.4%
2012-05-26 13:23:01, 1349 of 2090, 64.5%
2012-05-26 13:23:02, 1306 of 2090, 62.5%
2012-05-26 13:23:07, 1400 of 2090, 67%
2012-05-26 13:23:12, 1371 of 2090, 65.6%
2012-05-26 13:23:13, 1353 of 2090, 64.7%
2012-05-26 13:23:14, 1310 of 2090, 62.7%
2012-05-26 13:23:18, 1404 of 2090, 67.2%
2012-05-26 13:23:24, 1375 of 2090, 65.8%
2012-05-26 13:23:25, 1314 of 2090, 62.9%
2012-05-26 13:23:26, 1357 of 2090, 64.9%
2012-05-26 13:23:31, 1408 of 2090, 67.4%
2012-05-26 13:23:35, 1379 of 2090, 66%
2012-05-26 13:23:37, 1318 of 2090, 63.1%
2012-05-26 13:23:39, 1361 of 2090, 65.1%
2012-05-26 13:23:43, 1412 of 2090, 67.6%
2012-05-26 13:23:47, 1383 of 2090, 66.2%
2012-05-26 13:23:49, 1322 of 2090, 63.3%
2012-05-26 13:23:52, 1365 of 2090, 65.3%
2012-05-26 13:23:55, 1416 of 2090, 67.8%
2012-05-26 13:23:58, 1387 of 2090, 66.4%
2012-05-26 13:24:00, 1326 of 2090, 63.4%
2012-05-26 13:24:05, 1369 of 2090, 65.5%
2012-05-26 13:24:07, 1420 of 2090, 67.9%
2012-05-26 13:24:10, 1391 of 2090, 66.6%
2012-05-26 13:24:12, 1330 of 2090, 63.6%
2012-05-26 13:24:18, 1373 of 2090, 65.7%
2012-05-26 13:24:19, 1424 of 2090, 68.1%
2012-05-26 13:24:22, 1395 of 2090, 66.7%
2012-05-26 13:24:24, 1334 of 2090, 63.8%
2012-05-26 13:24:30, 1377 of 2090, 65.9%
2012-05-26 13:24:30, 1428 of 2090, 68.3%
2012-05-26 13:24:34, 1399 of 2090, 66.9%
2012-05-26 13:24:36, 1338 of 2090, 64%
2012-05-26 13:24:42, 1432 of 2090, 68.5%
2012-05-26 13:24:44, 1381 of 2090, 66.1%
2012-05-26 13:24:46, 1403 of 2090, 67.1%
2012-05-26 13:24:48, 1342 of 2090, 64.2%
2012-05-26 13:24:54, 1436 of 2090, 68.7%
2012-05-26 13:24:56, 1385 of 2090, 66.3%
2012-05-26 13:24:58, 1407 of 2090, 67.3%
2012-05-26 13:24:59, 1346 of 2090, 64.4%
2012-05-26 13:25:05, 1440 of 2090, 68.9%
2012-05-26 13:25:08, 1389 of 2090, 66.5%
2012-05-26 13:25:11, 1411 of 2090, 67.5%
2012-05-26 13:25:11, 1350 of 2090, 64.6%
2012-05-26 13:25:16, 1444 of 2090, 69.1%
2012-05-26 13:25:20, 1393 of 2090, 66.7%
2012-05-26 13:25:23, 1354 of 2090, 64.8%
2012-05-26 13:25:24, 1415 of 2090, 67.7%
2012-05-26 13:25:28, 1448 of 2090, 69.3%
2012-05-26 13:25:32, 1397 of 2090, 66.8%
2012-05-26 13:25:35, 1419 of 2090, 67.9%
2012-05-26 13:25:36, 1358 of 2090, 65%
2012-05-26 13:25:40, 1452 of 2090, 69.5%
2012-05-26 13:25:43, 1401 of 2090, 67%
2012-05-26 13:25:47, 1423 of 2090, 68.1%
2012-05-26 13:25:49, 1362 of 2090, 65.2%
2012-05-26 13:25:51, 1456 of 2090, 69.7%
2012-05-26 13:25:55, 1405 of 2090, 67.2%
2012-05-26 13:25:59, 1427 of 2090, 68.3%
2012-05-26 13:26:02, 1366 of 2090, 65.4%
2012-05-26 13:26:03, 1460 of 2090, 69.9%
2012-05-26 13:26:07, 1409 of 2090, 67.4%
2012-05-26 13:26:11, 1431 of 2090, 68.5%
2012-05-26 13:26:15, 1464 of 2090, 70%
2012-05-26 13:26:15, 1370 of 2090, 65.6%
2012-05-26 13:26:18, 1413 of 2090, 67.6%
2012-05-26 13:26:23, 1435 of 2090, 68.7%
2012-05-26 13:26:26, 1468 of 2090, 70.2%
2012-05-26 13:26:28, 1374 of 2090, 65.7%
2012-05-26 13:26:30, 1417 of 2090, 67.8%
2012-05-26 13:26:35, 1439 of 2090, 68.9%
2012-05-26 13:26:38, 1472 of 2090, 70.4%
2012-05-26 13:26:41, 1378 of 2090, 65.9%
2012-05-26 13:26:41, 1421 of 2090, 68%
2012-05-26 13:26:46, 1443 of 2090, 69%
2012-05-26 13:26:50, 1476 of 2090, 70.6%
2012-05-26 13:26:53, 1425 of 2090, 68.2%
2012-05-26 13:26:54, 1382 of 2090, 66.1%
2012-05-26 13:26:58, 1447 of 2090, 69.2%
2012-05-26 13:27:01, 1480 of 2090, 70.8%
2012-05-26 13:27:05, 1429 of 2090, 68.4%
2012-05-26 13:27:07, 1386 of 2090, 66.3%
2012-05-26 13:27:10, 1451 of 2090, 69.4%
2012-05-26 13:27:13, 1484 of 2090, 71%
2012-05-26 13:27:16, 1433 of 2090, 68.6%
2012-05-26 13:27:20, 1390 of 2090, 66.5%
2012-05-26 13:27:22, 1455 of 2090, 69.6%
2012-05-26 13:27:24, 1488 of 2090, 71.2%
2012-05-26 13:27:28, 1437 of 2090, 68.8%
2012-05-26 13:27:33, 1394 of 2090, 66.7%
2012-05-26 13:27:34, 1459 of 2090, 69.8%
2012-05-26 13:27:36, 1492 of 2090, 71.4%
2012-05-26 13:27:40, 1441 of 2090, 68.9%
2012-05-26 13:27:45, 1463 of 2090, 70%
2012-05-26 13:27:46, 1398 of 2090, 66.9%
2012-05-26 13:27:47, 1496 of 2090, 71.6%
2012-05-26 13:27:52, 1445 of 2090, 69.1%
2012-05-26 13:27:57, 1467 of 2090, 70.2%
2012-05-26 13:27:58, 1500 of 2090, 71.8%
2012-05-26 13:27:59, 1402 of 2090, 67.1%
2012-05-26 13:28:04, 1449 of 2090, 69.3%
2012-05-26 13:28:08, 1471 of 2090, 70.4%
2012-05-26 13:28:10, 1504 of 2090, 72%
2012-05-26 13:28:13, 1406 of 2090, 67.3%
2012-05-26 13:28:16, 1453 of 2090, 69.5%
2012-05-26 13:28:20, 1475 of 2090, 70.6%
2012-05-26 13:28:21, 1508 of 2090, 72.2%
2012-05-26 13:28:25, 1410 of 2090, 67.5%
2012-05-26 13:28:29, 1457 of 2090, 69.7%
2012-05-26 13:28:31, 1479 of 2090, 70.8%
2012-05-26 13:28:33, 1512 of 2090, 72.3%
2012-05-26 13:28:37, 1414 of 2090, 67.7%
2012-05-26 13:28:41, 1461 of 2090, 69.9%
2012-05-26 13:28:43, 1483 of 2090, 71%
2012-05-26 13:28:44, 1516 of 2090, 72.5%
2012-05-26 13:28:50, 1418 of 2090, 67.8%
2012-05-26 13:28:54, 1465 of 2090, 70.1%
2012-05-26 13:28:55, 1487 of 2090, 71.1%
2012-05-26 13:28:56, 1520 of 2090, 72.7%
2012-05-26 13:29:02, 1422 of 2090, 68%
2012-05-26 13:29:06, 1491 of 2090, 71.3%
2012-05-26 13:29:07, 1469 of 2090, 70.3%
2012-05-26 13:29:07, 1524 of 2090, 72.9%
2012-05-26 13:29:14, 1426 of 2090, 68.2%
2012-05-26 13:29:17, 1495 of 2090, 71.5%
2012-05-26 13:29:19, 1528 of 2090, 73.1%
2012-05-26 13:29:19, 1473 of 2090, 70.5%
2012-05-26 13:29:27, 1430 of 2090, 68.4%
2012-05-26 13:29:29, 1499 of 2090, 71.7%
2012-05-26 13:29:30, 1532 of 2090, 73.3%
2012-05-26 13:29:32, 1477 of 2090, 70.7%
2012-05-26 13:29:39, 1434 of 2090, 68.6%
2012-05-26 13:29:41, 1503 of 2090, 71.9%
2012-05-26 13:29:42, 1536 of 2090, 73.5%
2012-05-26 13:29:45, 1481 of 2090, 70.9%
2012-05-26 13:29:52, 1438 of 2090, 68.8%
2012-05-26 13:29:52, 1507 of 2090, 72.1%
2012-05-26 13:29:53, 1540 of 2090, 73.7%
2012-05-26 13:29:58, 1485 of 2090, 71.1%
2012-05-26 13:30:04, 1511 of 2090, 72.3%
2012-05-26 13:30:04, 1544 of 2090, 73.9%
2012-05-26 13:30:05, 1442 of 2090, 69%
2012-05-26 13:30:10, 1489 of 2090, 71.2%
2012-05-26 13:30:15, 1515 of 2090, 72.5%
2012-05-26 13:30:16, 1548 of 2090, 74.1%
2012-05-26 13:30:18, 1446 of 2090, 69.2%
2012-05-26 13:30:23, 1493 of 2090, 71.4%
2012-05-26 13:30:27, 1519 of 2090, 72.7%
2012-05-26 13:30:28, 1552 of 2090, 74.3%
2012-05-26 13:30:30, 1450 of 2090, 69.4%
2012-05-26 13:30:35, 1497 of 2090, 71.6%
2012-05-26 13:30:38, 1523 of 2090, 72.9%
2012-05-26 13:30:40, 1556 of 2090, 74.4%
2012-05-26 13:30:43, 1454 of 2090, 69.6%
2012-05-26 13:30:47, 1501 of 2090, 71.8%
2012-05-26 13:30:50, 1527 of 2090, 73.1%
2012-05-26 13:30:51, 1560 of 2090, 74.6%
2012-05-26 13:30:55, 1458 of 2090, 69.8%
2012-05-26 13:31:00, 1505 of 2090, 72%
2012-05-26 13:31:02, 1531 of 2090, 73.3%
2012-05-26 13:31:03, 1564 of 2090, 74.8%
2012-05-26 13:31:07, 1462 of 2090, 70%
2012-05-26 13:31:12, 1509 of 2090, 72.2%
2012-05-26 13:31:14, 1535 of 2090, 73.4%
2012-05-26 13:31:14, 1568 of 2090, 75%
2012-05-26 13:31:19, 1466 of 2090, 70.1%
2012-05-26 13:31:25, 1513 of 2090, 72.4%
2012-05-26 13:31:25, 1572 of 2090, 75.2%
2012-05-26 13:31:25, 1539 of 2090, 73.6%
2012-05-26 13:31:32, 1470 of 2090, 70.3%
2012-05-26 13:31:36, 1576 of 2090, 75.4%
2012-05-26 13:31:37, 1543 of 2090, 73.8%
2012-05-26 13:31:37, 1517 of 2090, 72.6%
2012-05-26 13:31:44, 1474 of 2090, 70.5%
2012-05-26 13:31:48, 1580 of 2090, 75.6%
2012-05-26 13:31:49, 1547 of 2090, 74%
2012-05-26 13:31:50, 1521 of 2090, 72.8%
2012-05-26 13:31:57, 1478 of 2090, 70.7%
2012-05-26 13:32:00, 1584 of 2090, 75.8%
2012-05-26 13:32:00, 1551 of 2090, 74.2%
2012-05-26 13:32:03, 1525 of 2090, 73%
2012-05-26 13:32:09, 1482 of 2090, 70.9%
2012-05-26 13:32:11, 1588 of 2090, 76%
2012-05-26 13:32:12, 1555 of 2090, 74.4%
2012-05-26 13:32:16, 1529 of 2090, 73.2%
2012-05-26 13:32:21, 1486 of 2090, 71.1%
2012-05-26 13:32:22, 1592 of 2090, 76.2%
2012-05-26 13:32:24, 1559 of 2090, 74.6%
2012-05-26 13:32:29, 1533 of 2090, 73.3%
2012-05-26 13:32:34, 1490 of 2090, 71.3%
2012-05-26 13:32:34, 1596 of 2090, 76.4%
2012-05-26 13:32:35, 1563 of 2090, 74.8%
2012-05-26 13:32:41, 1537 of 2090, 73.5%
2012-05-26 13:32:46, 1600 of 2090, 76.6%
2012-05-26 13:32:47, 1494 of 2090, 71.5%
2012-05-26 13:32:47, 1567 of 2090, 75%
2012-05-26 13:32:54, 1541 of 2090, 73.7%
2012-05-26 13:32:57, 1604 of 2090, 76.7%
2012-05-26 13:32:58, 1571 of 2090, 75.2%
2012-05-26 13:32:59, 1498 of 2090, 71.7%
2012-05-26 13:33:07, 1545 of 2090, 73.9%
2012-05-26 13:33:08, 1608 of 2090, 76.9%
2012-05-26 13:33:10, 1575 of 2090, 75.4%
2012-05-26 13:33:11, 1502 of 2090, 71.9%
2012-05-26 13:33:20, 1612 of 2090, 77.1%
2012-05-26 13:33:20, 1549 of 2090, 74.1%
2012-05-26 13:33:21, 1579 of 2090, 75.6%
2012-05-26 13:33:22, 1506 of 2090, 72.1%
2012-05-26 13:33:31, 1616 of 2090, 77.3%
2012-05-26 13:33:32, 1553 of 2090, 74.3%
2012-05-26 13:33:33, 1583 of 2090, 75.7%
2012-05-26 13:33:34, 1510 of 2090, 72.2%
2012-05-26 13:33:42, 1620 of 2090, 77.5%
2012-05-26 13:33:44, 1557 of 2090, 74.5%
2012-05-26 13:33:45, 1587 of 2090, 75.9%
2012-05-26 13:33:46, 1514 of 2090, 72.4%
2012-05-26 13:33:54, 1624 of 2090, 77.7%
2012-05-26 13:33:56, 1591 of 2090, 76.1%
2012-05-26 13:33:57, 1561 of 2090, 74.7%
2012-05-26 13:33:58, 1565 of 2090, 74.9%
2012-05-26 13:33:59, 1518 of 2090, 72.6%
2012-05-26 13:34:06, 1628 of 2090, 77.9%
2012-05-26 13:34:08, 1595 of 2090, 76.3%
2012-05-26 13:34:10, 1569 of 2090, 75.1%
2012-05-26 13:34:11, 1522 of 2090, 72.8%
2012-05-26 13:34:17, 1632 of 2090, 78.1%
2012-05-26 13:34:20, 1599 of 2090, 76.5%
2012-05-26 13:34:22, 1573 of 2090, 75.3%
2012-05-26 13:34:24, 1526 of 2090, 73%
2012-05-26 13:34:29, 1636 of 2090, 78.3%
2012-05-26 13:34:32, 1603 of 2090, 76.7%
2012-05-26 13:34:35, 1577 of 2090, 75.5%
2012-05-26 13:34:35, 1530 of 2090, 73.2%
2012-05-26 13:34:40, 1640 of 2090, 78.5%
2012-05-26 13:34:43, 1607 of 2090, 76.9%
2012-05-26 13:34:47, 1534 of 2090, 73.4%
2012-05-26 13:34:47, 1581 of 2090, 75.6%
2012-05-26 13:34:52, 1644 of 2090, 78.7%
2012-05-26 13:34:55, 1611 of 2090, 77.1%
2012-05-26 13:34:59, 1538 of 2090, 73.6%
2012-05-26 13:34:59, 1585 of 2090, 75.8%
2012-05-26 13:35:04, 1648 of 2090, 78.9%
2012-05-26 13:35:07, 1615 of 2090, 77.3%
2012-05-26 13:35:11, 1589 of 2090, 76%
2012-05-26 13:35:12, 1542 of 2090, 73.8%
2012-05-26 13:35:15, 1652 of 2090, 79%
2012-05-26 13:35:19, 1619 of 2090, 77.5%
2012-05-26 13:35:23, 1593 of 2090, 76.2%
2012-05-26 13:35:24, 1546 of 2090, 74%
2012-05-26 13:35:27, 1656 of 2090, 79.2%
2012-05-26 13:35:30, 1623 of 2090, 77.7%
2012-05-26 13:35:36, 1550 of 2090, 74.2%
2012-05-26 13:35:36, 1597 of 2090, 76.4%
2012-05-26 13:35:39, 1660 of 2090, 79.4%
2012-05-26 13:35:42, 1627 of 2090, 77.8%
2012-05-26 13:35:47, 1554 of 2090, 74.4%
2012-05-26 13:35:49, 1601 of 2090, 76.6%
2012-05-26 13:35:51, 1664 of 2090, 79.6%
2012-05-26 13:35:54, 1631 of 2090, 78%
2012-05-26 13:35:59, 1558 of 2090, 74.5%
2012-05-26 13:36:01, 1605 of 2090, 76.8%
2012-05-26 13:36:03, 1668 of 2090, 79.8%
2012-05-26 13:36:05, 1635 of 2090, 78.2%
2012-05-26 13:36:11, 1562 of 2090, 74.7%
2012-05-26 13:36:12, 1609 of 2090, 77%
2012-05-26 13:36:14, 1672 of 2090, 80%
2012-05-26 13:36:17, 1639 of 2090, 78.4%
2012-05-26 13:36:23, 1566 of 2090, 74.9%
2012-05-26 13:36:24, 1613 of 2090, 77.2%
2012-05-26 13:36:27, 1676 of 2090, 80.2%
2012-05-26 13:36:28, 1643 of 2090, 78.6%
2012-05-26 13:36:35, 1570 of 2090, 75.1%
2012-05-26 13:36:35, 1617 of 2090, 77.4%
2012-05-26 13:36:36, 1621 of 2090, 77.6%
2012-05-26 13:36:36, 1625 of 2090, 77.8%
2012-05-26 13:36:39, 1680 of 2090, 80.4%
2012-05-26 13:36:40, 1647 of 2090, 78.8%
2012-05-26 13:36:48, 1574 of 2090, 75.3%
2012-05-26 13:36:49, 1629 of 2090, 77.9%
2012-05-26 13:36:51, 1684 of 2090, 80.6%
2012-05-26 13:36:52, 1651 of 2090, 79%
2012-05-26 13:37:00, 1578 of 2090, 75.5%
2012-05-26 13:37:02, 1633 of 2090, 78.1%
2012-05-26 13:37:03, 1688 of 2090, 80.8%
2012-05-26 13:37:04, 1655 of 2090, 79.2%
2012-05-26 13:37:12, 1582 of 2090, 75.7%
2012-05-26 13:37:14, 1637 of 2090, 78.3%
2012-05-26 13:37:15, 1692 of 2090, 81%
2012-05-26 13:37:16, 1659 of 2090, 79.4%
2012-05-26 13:37:24, 1586 of 2090, 75.9%
2012-05-26 13:37:26, 1641 of 2090, 78.5%
2012-05-26 13:37:27, 1696 of 2090, 81.1%
2012-05-26 13:37:28, 1663 of 2090, 79.6%
2012-05-26 13:37:37, 1590 of 2090, 76.1%
2012-05-26 13:37:38, 1645 of 2090, 78.7%
2012-05-26 13:37:38, 1700 of 2090, 81.3%
2012-05-26 13:37:39, 1667 of 2090, 79.8%
2012-05-26 13:37:49, 1594 of 2090, 76.3%
2012-05-26 13:37:50, 1704 of 2090, 81.5%
2012-05-26 13:37:50, 1649 of 2090, 78.9%
2012-05-26 13:37:51, 1671 of 2090, 80%
2012-05-26 13:37:51, 1653 of 2090, 79.1%
2012-05-26 13:38:01, 1708 of 2090, 81.7%
2012-05-26 13:38:02, 1598 of 2090, 76.5%
2012-05-26 13:38:02, 1675 of 2090, 80.1%
2012-05-26 13:38:03, 1657 of 2090, 79.3%
2012-05-26 13:38:13, 1712 of 2090, 81.9%
2012-05-26 13:38:14, 1679 of 2090, 80.3%
2012-05-26 13:38:14, 1602 of 2090, 76.7%
2012-05-26 13:38:15, 1661 of 2090, 79.5%
2012-05-26 13:38:24, 1716 of 2090, 82.1%
2012-05-26 13:38:25, 1683 of 2090, 80.5%
2012-05-26 13:38:27, 1606 of 2090, 76.8%
2012-05-26 13:38:27, 1665 of 2090, 79.7%
2012-05-26 13:38:36, 1720 of 2090, 82.3%
2012-05-26 13:38:37, 1687 of 2090, 80.7%
2012-05-26 13:38:40, 1669 of 2090, 79.9%
2012-05-26 13:38:40, 1610 of 2090, 77%
2012-05-26 13:38:48, 1724 of 2090, 82.5%
2012-05-26 13:38:49, 1691 of 2090, 80.9%
2012-05-26 13:38:52, 1673 of 2090, 80%
2012-05-26 13:38:52, 1614 of 2090, 77.2%
2012-05-26 13:38:59, 1728 of 2090, 82.7%
2012-05-26 13:39:00, 1695 of 2090, 81.1%
2012-05-26 13:39:04, 1677 of 2090, 80.2%
2012-05-26 13:39:05, 1618 of 2090, 77.4%
2012-05-26 13:39:11, 1699 of 2090, 81.3%
2012-05-26 13:39:11, 1732 of 2090, 82.9%
2012-05-26 13:39:15, 1681 of 2090, 80.4%
2012-05-26 13:39:17, 1622 of 2090, 77.6%
2012-05-26 13:39:22, 1703 of 2090, 81.5%
2012-05-26 13:39:22, 1736 of 2090, 83.1%
2012-05-26 13:39:27, 1685 of 2090, 80.6%
2012-05-26 13:39:29, 1626 of 2090, 77.8%
2012-05-26 13:39:34, 1740 of 2090, 83.3%
2012-05-26 13:39:34, 1707 of 2090, 81.7%
2012-05-26 13:39:39, 1689 of 2090, 80.8%
2012-05-26 13:39:42, 1630 of 2090, 78%
2012-05-26 13:39:46, 1711 of 2090, 81.9%
2012-05-26 13:39:46, 1744 of 2090, 83.4%
2012-05-26 13:39:51, 1693 of 2090, 81%
2012-05-26 13:39:55, 1634 of 2090, 78.2%
2012-05-26 13:39:57, 1715 of 2090, 82.1%
2012-05-26 13:39:58, 1748 of 2090, 83.6%
2012-05-26 13:40:03, 1697 of 2090, 81.2%
2012-05-26 13:40:08, 1638 of 2090, 78.4%
2012-05-26 13:40:09, 1752 of 2090, 83.8%
2012-05-26 13:40:09, 1719 of 2090, 82.2%
2012-05-26 13:40:15, 1701 of 2090, 81.4%
2012-05-26 13:40:21, 1642 of 2090, 78.6%
2012-05-26 13:40:21, 1756 of 2090, 84%
2012-05-26 13:40:21, 1723 of 2090, 82.4%
2012-05-26 13:40:27, 1705 of 2090, 81.6%
2012-05-26 13:40:32, 1760 of 2090, 84.2%
2012-05-26 13:40:33, 1646 of 2090, 78.8%
2012-05-26 13:40:33, 1727 of 2090, 82.6%
2012-05-26 13:40:40, 1709 of 2090, 81.8%
2012-05-26 13:40:41, 1713 of 2090, 82%
2012-05-26 13:40:43, 1764 of 2090, 84.4%
2012-05-26 13:40:44, 1731 of 2090, 82.8%
2012-05-26 13:40:44, 1650 of 2090, 78.9%
2012-05-26 13:40:53, 1717 of 2090, 82.2%
2012-05-26 13:40:55, 1768 of 2090, 84.6%
2012-05-26 13:40:56, 1654 of 2090, 79.1%
2012-05-26 13:40:56, 1735 of 2090, 83%
2012-05-26 13:41:06, 1721 of 2090, 82.3%
2012-05-26 13:41:07, 1772 of 2090, 84.8%
2012-05-26 13:41:07, 1739 of 2090, 83.2%
2012-05-26 13:41:08, 1658 of 2090, 79.3%
2012-05-26 13:41:18, 1725 of 2090, 82.5%
2012-05-26 13:41:18, 1776 of 2090, 85%
2012-05-26 13:41:19, 1743 of 2090, 83.4%
2012-05-26 13:41:20, 1662 of 2090, 79.5%
2012-05-26 13:41:30, 1780 of 2090, 85.2%
2012-05-26 13:41:31, 1729 of 2090, 82.7%
2012-05-26 13:41:31, 1747 of 2090, 83.6%
2012-05-26 13:41:32, 1666 of 2090, 79.7%
2012-05-26 13:41:42, 1784 of 2090, 85.4%
2012-05-26 13:41:42, 1751 of 2090, 83.8%
2012-05-26 13:41:43, 1670 of 2090, 79.9%
2012-05-26 13:41:44, 1733 of 2090, 82.9%
2012-05-26 13:41:53, 1788 of 2090, 85.6%
2012-05-26 13:41:54, 1755 of 2090, 84%
2012-05-26 13:41:55, 1674 of 2090, 80.1%
2012-05-26 13:41:56, 1737 of 2090, 83.1%
2012-05-26 13:42:04, 1792 of 2090, 85.7%
2012-05-26 13:42:05, 1759 of 2090, 84.2%
2012-05-26 13:42:07, 1678 of 2090, 80.3%
2012-05-26 13:42:09, 1741 of 2090, 83.3%
2012-05-26 13:42:16, 1796 of 2090, 85.9%
2012-05-26 13:42:17, 1763 of 2090, 84.4%
2012-05-26 13:42:19, 1682 of 2090, 80.5%
2012-05-26 13:42:22, 1745 of 2090, 83.5%
2012-05-26 13:42:28, 1800 of 2090, 86.1%
2012-05-26 13:42:28, 1767 of 2090, 84.5%
2012-05-26 13:42:31, 1686 of 2090, 80.7%
2012-05-26 13:42:35, 1749 of 2090, 83.7%
2012-05-26 13:42:39, 1804 of 2090, 86.3%
2012-05-26 13:42:40, 1771 of 2090, 84.7%
2012-05-26 13:42:43, 1690 of 2090, 80.9%
2012-05-26 13:42:47, 1753 of 2090, 83.9%
2012-05-26 13:42:51, 1775 of 2090, 84.9%
2012-05-26 13:42:51, 1808 of 2090, 86.5%
2012-05-26 13:42:55, 1694 of 2090, 81.1%
2012-05-26 13:42:59, 1757 of 2090, 84.1%
2012-05-26 13:43:02, 1779 of 2090, 85.1%
2012-05-26 13:43:03, 1812 of 2090, 86.7%
2012-05-26 13:43:07, 1698 of 2090, 81.2%
2012-05-26 13:43:12, 1761 of 2090, 84.3%
2012-05-26 13:43:14, 1783 of 2090, 85.3%
2012-05-26 13:43:15, 1816 of 2090, 86.9%
2012-05-26 13:43:20, 1702 of 2090, 81.4%
2012-05-26 13:43:25, 1765 of 2090, 84.4%
2012-05-26 13:43:26, 1787 of 2090, 85.5%
2012-05-26 13:43:26, 1820 of 2090, 87.1%
2012-05-26 13:43:31, 1706 of 2090, 81.6%
2012-05-26 13:43:37, 1791 of 2090, 85.7%
2012-05-26 13:43:37, 1769 of 2090, 84.6%
2012-05-26 13:43:38, 1824 of 2090, 87.3%
2012-05-26 13:43:44, 1710 of 2090, 81.8%
2012-05-26 13:43:48, 1795 of 2090, 85.9%
2012-05-26 13:43:49, 1828 of 2090, 87.5%
2012-05-26 13:43:50, 1773 of 2090, 84.8%
2012-05-26 13:43:56, 1714 of 2090, 82%
2012-05-26 13:44:00, 1799 of 2090, 86.1%
2012-05-26 13:44:01, 1832 of 2090, 87.7%
2012-05-26 13:44:03, 1777 of 2090, 85%
2012-05-26 13:44:09, 1718 of 2090, 82.2%
2012-05-26 13:44:11, 1803 of 2090, 86.3%
2012-05-26 13:44:12, 1836 of 2090, 87.8%
2012-05-26 13:44:15, 1781 of 2090, 85.2%
2012-05-26 13:44:21, 1722 of 2090, 82.4%
2012-05-26 13:44:23, 1807 of 2090, 86.5%
2012-05-26 13:44:24, 1840 of 2090, 88%
2012-05-26 13:44:28, 1785 of 2090, 85.4%
2012-05-26 13:44:34, 1726 of 2090, 82.6%
2012-05-26 13:44:35, 1811 of 2090, 86.7%
2012-05-26 13:44:36, 1844 of 2090, 88.2%
2012-05-26 13:44:39, 1789 of 2090, 85.6%
2012-05-26 13:44:46, 1815 of 2090, 86.8%
2012-05-26 13:44:47, 1848 of 2090, 88.4%
2012-05-26 13:44:48, 1730 of 2090, 82.8%
2012-05-26 13:44:51, 1793 of 2090, 85.8%
2012-05-26 13:44:58, 1819 of 2090, 87%
2012-05-26 13:44:59, 1852 of 2090, 88.6%
2012-05-26 13:45:00, 1734 of 2090, 83%
2012-05-26 13:45:02, 1797 of 2090, 86%
2012-05-26 13:45:10, 1823 of 2090, 87.2%
2012-05-26 13:45:11, 1856 of 2090, 88.8%
2012-05-26 13:45:13, 1738 of 2090, 83.2%
2012-05-26 13:45:13, 1801 of 2090, 86.2%
2012-05-26 13:45:21, 1827 of 2090, 87.4%
2012-05-26 13:45:22, 1860 of 2090, 89%
2012-05-26 13:45:25, 1805 of 2090, 86.4%
2012-05-26 13:45:26, 1742 of 2090, 83.3%
2012-05-26 13:45:33, 1831 of 2090, 87.6%
2012-05-26 13:45:33, 1864 of 2090, 89.2%
2012-05-26 13:45:36, 1809 of 2090, 86.6%
2012-05-26 13:45:39, 1746 of 2090, 83.5%
2012-05-26 13:45:452012-05-26 13:45:45, 1868,  of 20901835,  of 2090, 89.4%
87.8%
2012-05-26 13:45:48, 1813 of 2090, 86.7%
2012-05-26 13:45:52, 1750 of 2090, 83.7%
2012-05-26 13:45:57, 1872 of 2090, 89.6%
2012-05-26 13:45:57, 1839 of 2090, 88%
2012-05-26 13:46:00, 1817 of 2090, 86.9%
2012-05-26 13:46:05, 1754 of 2090, 83.9%
2012-05-26 13:46:08, 1876 of 2090, 89.8%
2012-05-26 13:46:09, 1843 of 2090, 88.2%
2012-05-26 13:46:12, 1821 of 2090, 87.1%
2012-05-26 13:46:18, 1758 of 2090, 84.1%
2012-05-26 13:46:20, 1880 of 2090, 90%
2012-05-26 13:46:20, 1847 of 2090, 88.4%
2012-05-26 13:46:24, 1825 of 2090, 87.3%
2012-05-26 13:46:31, 1762 of 2090, 84.3%
2012-05-26 13:46:31, 1884 of 2090, 90.1%
2012-05-26 13:46:31, 1851 of 2090, 88.6%
2012-05-26 13:46:35, 1829 of 2090, 87.5%
2012-05-26 13:46:43, 1888 of 2090, 90.3%
2012-05-26 13:46:43, 1855 of 2090, 88.8%
2012-05-26 13:46:44, 1766 of 2090, 84.5%
2012-05-26 13:46:47, 1833 of 2090, 87.7%
2012-05-26 13:46:54, 1859 of 2090, 88.9%
2012-05-26 13:46:54, 1892 of 2090, 90.5%
2012-05-26 13:46:57, 1770 of 2090, 84.7%
2012-05-26 13:46:58, 1837 of 2090, 87.9%
2012-05-26 13:47:06, 1863 of 2090, 89.1%
2012-05-26 13:47:06, 1896 of 2090, 90.7%
2012-05-26 13:47:10, 1774 of 2090, 84.9%
2012-05-26 13:47:10, 1841 of 2090, 88.1%
2012-05-26 13:47:17, 1867 of 2090, 89.3%
2012-05-26 13:47:18, 1900 of 2090, 90.9%
2012-05-26 13:47:22, 1778 of 2090, 85.1%
2012-05-26 13:47:23, 1845 of 2090, 88.3%
2012-05-26 13:47:29, 1871 of 2090, 89.5%
2012-05-26 13:47:29, 1904 of 2090, 91.1%
2012-05-26 13:47:34, 1849 of 2090, 88.5%
2012-05-26 13:47:36, 1782 of 2090, 85.3%
2012-05-26 13:47:40, 1875 of 2090, 89.7%
2012-05-26 13:47:41, 1908 of 2090, 91.3%
2012-05-26 13:47:46, 1853 of 2090, 88.7%
2012-05-26 13:47:49, 1786 of 2090, 85.5%
2012-05-26 13:47:52, 1879 of 2090, 89.9%
2012-05-26 13:47:52, 1912 of 2090, 91.5%
2012-05-26 13:47:58, 1857 of 2090, 88.9%
2012-05-26 13:48:02, 1790 of 2090, 85.6%
2012-05-26 13:48:03, 1883 of 2090, 90.1%
2012-05-26 13:48:04, 1916 of 2090, 91.7%
2012-05-26 13:48:10, 1861 of 2090, 89%
2012-05-26 13:48:14, 1794 of 2090, 85.8%
2012-05-26 13:48:15, 1887 of 2090, 90.3%
2012-05-26 13:48:15, 1920 of 2090, 91.9%
2012-05-26 13:48:23, 1865 of 2090, 89.2%
2012-05-26 13:48:26, 1891 of 2090, 90.5%
2012-05-26 13:48:27, 1924 of 2090, 92.1%
2012-05-26 13:48:28, 1798 of 2090, 86%
2012-05-26 13:48:34, 1869 of 2090, 89.4%
2012-05-26 13:48:38, 1895 of 2090, 90.7%
2012-05-26 13:48:38, 1928 of 2090, 92.2%
2012-05-26 13:48:41, 1802 of 2090, 86.2%
2012-05-26 13:48:46, 1873 of 2090, 89.6%
2012-05-26 13:48:50, 1899 of 2090, 90.9%
2012-05-26 13:48:51, 1932 of 2090, 92.4%
2012-05-26 13:48:53, 1806 of 2090, 86.4%
2012-05-26 13:48:59, 1877 of 2090, 89.8%
2012-05-26 13:49:01, 1903 of 2090, 91.1%
2012-05-26 13:49:02, 1936 of 2090, 92.6%
2012-05-26 13:49:06, 1810 of 2090, 86.6%
2012-05-26 13:49:11, 1881 of 2090, 90%
2012-05-26 13:49:13, 1907 of 2090, 91.2%
2012-05-26 13:49:14, 1940 of 2090, 92.8%
2012-05-26 13:49:18, 1814 of 2090, 86.8%
2012-05-26 13:49:24, 1885 of 2090, 90.2%
2012-05-26 13:49:25, 1911 of 2090, 91.4%
2012-05-26 13:49:26, 1944 of 2090, 93%
2012-05-26 13:49:31, 1818 of 2090, 87%
2012-05-26 13:49:35, 1889 of 2090, 90.4%
2012-05-26 13:49:36, 1915 of 2090, 91.6%
2012-05-26 13:49:38, 1948 of 2090, 93.2%
2012-05-26 13:49:44, 1822 of 2090, 87.2%
2012-05-26 13:49:48, 1893 of 2090, 90.6%
2012-05-26 13:49:48, 1919 of 2090, 91.8%
2012-05-26 13:49:49, 1952 of 2090, 93.4%
2012-05-26 13:49:57, 1826 of 2090, 87.4%
2012-05-26 13:49:59, 1923 of 2090, 92%
2012-05-26 13:50:00, 1897 of 2090, 90.8%
2012-05-26 13:50:01, 1956 of 2090, 93.6%
2012-05-26 13:50:10, 1830 of 2090, 87.6%
2012-05-26 13:50:11, 1927 of 2090, 92.2%
2012-05-26 13:50:11, 1901 of 2090, 91%
2012-05-26 13:50:12, 1960 of 2090, 93.8%
2012-05-26 13:50:22, 1931 of 2090, 92.4%
2012-05-26 13:50:23, 1834 of 2090, 87.8%
2012-05-26 13:50:23, 1905 of 2090, 91.1%
2012-05-26 13:50:24, 1964 of 2090, 94%
2012-05-26 13:50:34, 1935 of 2090, 92.6%
2012-05-26 13:50:35, 1909 of 2090, 91.3%
2012-05-26 13:50:35, 1968 of 2090, 94.2%
2012-05-26 13:50:35, 1838 of 2090, 87.9%
2012-05-26 13:50:45, 1939 of 2090, 92.8%
2012-05-26 13:50:46, 1972 of 2090, 94.4%
2012-05-26 13:50:47, 1913 of 2090, 91.5%
2012-05-26 13:50:48, 1842 of 2090, 88.1%
2012-05-26 13:50:57, 1943 of 2090, 93%
2012-05-26 13:50:58, 1976 of 2090, 94.5%
2012-05-26 13:50:59, 1917 of 2090, 91.7%
2012-05-26 13:51:01, 1846 of 2090, 88.3%
2012-05-26 13:51:08, 1947 of 2090, 93.2%
2012-05-26 13:51:09, 1980 of 2090, 94.7%
2012-05-26 13:51:12, 1921 of 2090, 91.9%
2012-05-26 13:51:12, 1850 of 2090, 88.5%
2012-05-26 13:51:20, 1951 of 2090, 93.3%
2012-05-26 13:51:20, 1984 of 2090, 94.9%
2012-05-26 13:51:24, 1854 of 2090, 88.7%
2012-05-26 13:51:24, 1925 of 2090, 92.1%
2012-05-26 13:51:32, 1955 of 2090, 93.5%
2012-05-26 13:51:32, 1988 of 2090, 95.1%
2012-05-26 13:51:36, 1858 of 2090, 88.9%
2012-05-26 13:51:37, 1929 of 2090, 92.3%
2012-05-26 13:51:43, 1959 of 2090, 93.7%
2012-05-26 13:51:44, 1992 of 2090, 95.3%
2012-05-26 13:51:48, 1862 of 2090, 89.1%
2012-05-26 13:51:50, 1933 of 2090, 92.5%
2012-05-26 13:51:54, 1963 of 2090, 93.9%
2012-05-26 13:51:55, 1996 of 2090, 95.5%
2012-05-26 13:52:00, 1866 of 2090, 89.3%
2012-05-26 13:52:02, 1937 of 2090, 92.7%
2012-05-26 13:52:06, 1967 of 2090, 94.1%
2012-05-26 13:52:07, 2000 of 2090, 95.7%
2012-05-26 13:52:13, 1870 of 2090, 89.5%
2012-05-26 13:52:15, 1941 of 2090, 92.9%
2012-05-26 13:52:17, 1971 of 2090, 94.3%
2012-05-26 13:52:19, 2004 of 2090, 95.9%
2012-05-26 13:52:25, 1874 of 2090, 89.7%
2012-05-26 13:52:27, 1945 of 2090, 93.1%
2012-05-26 13:52:29, 1975 of 2090, 94.5%
2012-05-26 13:52:31, 2008 of 2090, 96.1%
2012-05-26 13:52:37, 1878 of 2090, 89.9%
2012-05-26 13:52:39, 1949 of 2090, 93.3%
2012-05-26 13:52:41, 1979 of 2090, 94.7%
2012-05-26 13:52:42, 2012 of 2090, 96.3%
2012-05-26 13:52:49, 1882 of 2090, 90%
2012-05-26 13:52:51, 1953 of 2090, 93.4%
2012-05-26 13:52:53, 1983 of 2090, 94.9%
2012-05-26 13:52:54, 2016 of 2090, 96.5%
2012-05-26 13:53:02, 1886 of 2090, 90.2%
2012-05-26 13:53:03, 1957 of 2090, 93.6%
2012-05-26 13:53:04, 1987 of 2090, 95.1%
2012-05-26 13:53:05, 2020 of 2090, 96.7%
2012-05-26 13:53:14, 1890 of 2090, 90.4%
2012-05-26 13:53:15, 1991 of 2090, 95.3%
2012-05-26 13:53:16, 1961 of 2090, 93.8%
2012-05-26 13:53:17, 2024 of 2090, 96.8%
2012-05-26 13:53:25, 1894 of 2090, 90.6%
2012-05-26 13:53:27, 1995 of 2090, 95.5%
2012-05-26 13:53:27, 1965 of 2090, 94%
2012-05-26 13:53:29, 2028 of 2090, 97%
2012-05-26 13:53:38, 1898 of 2090, 90.8%
2012-05-26 13:53:39, 1999 of 2090, 95.6%
2012-05-26 13:53:40, 1969 of 2090, 94.2%
2012-05-26 13:53:41, 2032 of 2090, 97.2%
2012-05-26 13:53:50, 1902 of 2090, 91%
2012-05-26 13:53:51, 2003 of 2090, 95.8%
2012-05-26 13:53:52, 2036 of 2090, 97.4%
2012-05-26 13:53:53, 1973 of 2090, 94.4%
2012-05-26 13:54:02, 2007 of 2090, 96%
2012-05-26 13:54:02, 1906 of 2090, 91.2%
2012-05-26 13:54:03, 2040 of 2090, 97.6%
2012-05-26 13:54:06, 1977 of 2090, 94.6%
2012-05-26 13:54:13, 2011 of 2090, 96.2%
2012-05-26 13:54:15, 2012-05-26 13:54:15, 19102044 of  of 20902090, , 91.497.8%
%
2012-05-26 13:54:19, 1981 of 2090, 94.8%
2012-05-26 13:54:24, 2015 of 2090, 96.4%
2012-05-26 13:54:26, 2048 of 2090, 98%
2012-05-26 13:54:28, 1914 of 2090, 91.6%
2012-05-26 13:54:31, 1985 of 2090, 95%
2012-05-26 13:54:36, 2019 of 2090, 96.6%
2012-05-26 13:54:38, 2052 of 2090, 98.2%
2012-05-26 13:54:39, 1918 of 2090, 91.8%
2012-05-26 13:54:43, 1989 of 2090, 95.2%
2012-05-26 13:54:48, 2023 of 2090, 96.8%
2012-05-26 13:54:50, 2056 of 2090, 98.4%
2012-05-26 13:54:52, 1922 of 2090, 92%
2012-05-26 13:54:55, 1993 of 2090, 95.4%
2012-05-26 13:54:59, 2027 of 2090, 97%
2012-05-26 13:55:01, 2060 of 2090, 98.6%
2012-05-26 13:55:04, 1926 of 2090, 92.2%
2012-05-26 13:55:08, 1997 of 2090, 95.6%
2012-05-26 13:55:11, 2031 of 2090, 97.2%
2012-05-26 13:55:13, 2064 of 2090, 98.8%
2012-05-26 13:55:16, 1930 of 2090, 92.3%
2012-05-26 13:55:21, 2001 of 2090, 95.7%
2012-05-26 13:55:22, 2035 of 2090, 97.4%
2012-05-26 13:55:26, 2068 of 2090, 98.9%
2012-05-26 13:55:29, 1934 of 2090, 92.5%
2012-05-26 13:55:34, 2039 of 2090, 97.6%
2012-05-26 13:55:35, 2005 of 2090, 95.9%
2012-05-26 13:55:37, 2072 of 2090, 99.1%
2012-05-26 13:55:42, 1938 of 2090, 92.7%
2012-05-26 13:55:46, 2043 of 2090, 97.8%
2012-05-26 13:55:47, 2009 of 2090, 96.1%
2012-05-26 13:55:49, 2076 of 2090, 99.3%
2012-05-26 13:55:53, 1942 of 2090, 92.9%
2012-05-26 13:55:58, 2047 of 2090, 97.9%
2012-05-26 13:56:00, 2013 of 2090, 96.3%
2012-05-26 13:56:00, 2080 of 2090, 99.5%
2012-05-26 13:56:05, 1946 of 2090, 93.1%
2012-05-26 13:56:09, 2051 of 2090, 98.1%
2012-05-26 13:56:12, 2084 of 2090, 99.7%
2012-05-26 13:56:12, 2017 of 2090, 96.5%
2012-05-26 13:56:17, 1950 of 2090, 93.3%
2012-05-26 13:56:21, 2055 of 2090, 98.3%
2012-05-26 13:56:24, 2088 of 2090, 99.9%
2012-05-26 13:56:26, 2021 of 2090, 96.7%
2012-05-26 13:56:29, 1954 of 2090, 93.5%
2012-05-26 13:56:33, 2059 of 2090, 98.5%
2012-05-26 13:56:37, 2025 of 2090, 96.9%
2012-05-26 13:56:41, 1958 of 2090, 93.7%
2012-05-26 13:56:44, 2063 of 2090, 98.7%
2012-05-26 13:56:44, 2029 of 2090, 97.1%
2012-05-26 13:56:52, 2033 of 2090, 97.3%
2012-05-26 13:56:53, 1962 of 2090, 93.9%
2012-05-26 13:56:55, 2067 of 2090, 98.9%
2012-05-26 13:56:59, 2037 of 2090, 97.5%
2012-05-26 13:57:04, 1966 of 2090, 94.1%
2012-05-26 13:57:06, 2041 of 2090, 97.7%
2012-05-26 13:57:07, 2071 of 2090, 99.1%
2012-05-26 13:57:14, 2045 of 2090, 97.8%
2012-05-26 13:57:16, 1970 of 2090, 94.3%
2012-05-26 13:57:18, 2075 of 2090, 99.3%
2012-05-26 13:57:21, 2049 of 2090, 98%
2012-05-26 13:57:27, 1974 of 2090, 94.4%
2012-05-26 13:57:29, 2053 of 2090, 98.2%
2012-05-26 13:57:30, 2079 of 2090, 99.5%
2012-05-26 13:57:37, 2057 of 2090, 98.4%
2012-05-26 13:57:38, 1978 of 2090, 94.6%
2012-05-26 13:57:41, 2083 of 2090, 99.7%
2012-05-26 13:57:44, 2061 of 2090, 98.6%
2012-05-26 13:57:50, 1982 of 2090, 94.8%
2012-05-26 13:57:52, 2065 of 2090, 98.8%
2012-05-26 13:57:52, 2087 of 2090, 99.9%
2012-05-26 13:57:59, 2069 of 2090, 99%
2012-05-26 13:58:02, 1986 of 2090, 95%
2012-05-26 13:58:07, 2073 of 2090, 99.2%
2012-05-26 13:58:09, 1990 of 2090, 95.2%
2012-05-26 13:58:14, 2077 of 2090, 99.4%
2012-05-26 13:58:16, 1994 of 2090, 95.4%
2012-05-26 13:58:21, 2081 of 2090, 99.6%
2012-05-26 13:58:23, 1998 of 2090, 95.6%
2012-05-26 13:58:28, 2085 of 2090, 99.8%
2012-05-26 13:58:30, 2002 of 2090, 95.8%
2012-05-26 13:58:36, 2089 of 2090, 100%
2012-05-26 13:58:37, 2006 of 2090, 96%
2012-05-26 13:58:44, 2010 of 2090, 96.2%
2012-05-26 13:58:51, 2014 of 2090, 96.4%
2012-05-26 13:58:57, 2018 of 2090, 96.6%
2012-05-26 13:59:04, 2022 of 2090, 96.7%
2012-05-26 13:59:10, 2026 of 2090, 96.9%
2012-05-26 13:59:17, 2030 of 2090, 97.1%
2012-05-26 13:59:23, 2034 of 2090, 97.3%
2012-05-26 13:59:30, 2038 of 2090, 97.5%
2012-05-26 13:59:36, 2042 of 2090, 97.7%
2012-05-26 13:59:43, 2046 of 2090, 97.9%
2012-05-26 13:59:49, 2050 of 2090, 98.1%
2012-05-26 13:59:55, 2054 of 2090, 98.3%
2012-05-26 14:00:02, 2058 of 2090, 98.5%
2012-05-26 14:00:08, 2062 of 2090, 98.7%
2012-05-26 14:00:15, 2066 of 2090, 98.9%
2012-05-26 14:00:21, 2070 of 2090, 99%
2012-05-26 14:00:28, 2074 of 2090, 99.2%
2012-05-26 14:00:34, 2078 of 2090, 99.4%
2012-05-26 14:00:41, 2082 of 2090, 99.6%
2012-05-26 14:00:47, 2086 of 2090, 99.8%
2012-05-26 14:00:53, 2090 of 2090, 100%
